<?xml version="1.0" encoding="UTF-8" ?>
<testsuite tests="2" failures="0" name="br.com.casadocodigo.loja.controllers.ProdutosControllerTest" time="0.061" errors="2" skipped="0">
  <properties>
    <property name="java.runtime.name" value="Java(TM) SE Runtime Environment"/>
    <property name="sun.boot.library.path" value="/Library/Java/JavaVirtualMachines/jdk1.8.0_121.jdk/Contents/Home/jre/lib"/>
    <property name="java.vm.version" value="25.121-b13"/>
    <property name="gopherProxySet" value="false"/>
    <property name="java.vm.vendor" value="Oracle Corporation"/>
    <property name="maven.multiModuleProjectDirectory" value="/Users/mac-regis/Developer/Alura/desenvolvedor-java-junior/java-e-orientacao-a-objetos/casadocodigo"/>
    <property name="java.vendor.url" value="http://java.oracle.com/"/>
    <property name="path.separator" value=":"/>
    <property name="guice.disable.misplaced.annotation.check" value="true"/>
    <property name="java.vm.name" value="Java HotSpot(TM) 64-Bit Server VM"/>
    <property name="file.encoding.pkg" value="sun.io"/>
    <property name="user.country" value="BR"/>
    <property name="sun.java.launcher" value="SUN_STANDARD"/>
    <property name="sun.os.patch.level" value="unknown"/>
    <property name="java.vm.specification.name" value="Java Virtual Machine Specification"/>
    <property name="user.dir" value="/Users/mac-regis/Developer/Alura/desenvolvedor-java-junior/java-e-orientacao-a-objetos/casadocodigo"/>
    <property name="java.runtime.version" value="1.8.0_121-b13"/>
    <property name="java.awt.graphicsenv" value="sun.awt.CGraphicsEnvironment"/>
    <property name="java.endorsed.dirs" value="/Library/Java/JavaVirtualMachines/jdk1.8.0_121.jdk/Contents/Home/jre/lib/endorsed"/>
    <property name="os.arch" value="x86_64"/>
    <property name="java.io.tmpdir" value="/var/folders/km/hzpzml4n15x_975_8wwvk09c0000gn/T/"/>
    <property name="line.separator" value="
"/>
    <property name="java.vm.specification.vendor" value="Oracle Corporation"/>
    <property name="os.name" value="Mac OS X"/>
    <property name="classworlds.conf" value="/Users/mac-regis/Developer/Alura/desenvolvedor-java-junior/java-e-orientacao-a-objetos/.metadata/.plugins/org.eclipse.m2e.launching/launches/m2conf346663978572829246.tmp"/>
    <property name="sun.jnu.encoding" value="UTF-8"/>
    <property name="java.library.path" value="/Users/mac-regis/Library/Java/Extensions:/Library/Java/Extensions:/Network/Library/Java/Extensions:/System/Library/Java/Extensions:/usr/lib/java:."/>
    <property name="java.specification.name" value="Java Platform API Specification"/>
    <property name="java.class.version" value="52.0"/>
    <property name="sun.management.compiler" value="HotSpot 64-Bit Tiered Compilers"/>
    <property name="os.version" value="10.14.3"/>
    <property name="http.nonProxyHosts" value="local|*.local|169.254/16|*.169.254/16"/>
    <property name="user.home" value="/Users/mac-regis"/>
    <property name="user.timezone" value="America/Sao_Paulo"/>
    <property name="java.awt.printerjob" value="sun.lwawt.macosx.CPrinterJob"/>
    <property name="java.specification.version" value="1.8"/>
    <property name="file.encoding" value="UTF-8"/>
    <property name="user.name" value="mac-regis"/>
    <property name="java.class.path" value="/Users/mac-regis/.p2/pool/plugins/org.eclipse.m2e.maven.runtime_1.8.2.20171007-0216/jars/plexus-classworlds-2.5.2.jar"/>
    <property name="java.vm.specification.version" value="1.8"/>
    <property name="sun.arch.data.model" value="64"/>
    <property name="java.home" value="/Library/Java/JavaVirtualMachines/jdk1.8.0_121.jdk/Contents/Home/jre"/>
    <property name="sun.java.command" value="org.codehaus.plexus.classworlds.launcher.Launcher -B test"/>
    <property name="java.specification.vendor" value="Oracle Corporation"/>
    <property name="user.language" value="pt"/>
    <property name="awt.toolkit" value="sun.lwawt.macosx.LWCToolkit"/>
    <property name="java.vm.info" value="mixed mode"/>
    <property name="java.version" value="1.8.0_121"/>
    <property name="java.ext.dirs" value="/Users/mac-regis/Library/Java/Extensions:/Library/Java/JavaVirtualMachines/jdk1.8.0_121.jdk/Contents/Home/jre/lib/ext:/Library/Java/Extensions:/Network/Library/Java/Extensions:/System/Library/Java/Extensions:/usr/lib/java"/>
    <property name="sun.boot.class.path" value="/Library/Java/JavaVirtualMachines/jdk1.8.0_121.jdk/Contents/Home/jre/lib/resources.jar:/Library/Java/JavaVirtualMachines/jdk1.8.0_121.jdk/Contents/Home/jre/lib/rt.jar:/Library/Java/JavaVirtualMachines/jdk1.8.0_121.jdk/Contents/Home/jre/lib/sunrsasign.jar:/Library/Java/JavaVirtualMachines/jdk1.8.0_121.jdk/Contents/Home/jre/lib/jsse.jar:/Library/Java/JavaVirtualMachines/jdk1.8.0_121.jdk/Contents/Home/jre/lib/jce.jar:/Library/Java/JavaVirtualMachines/jdk1.8.0_121.jdk/Contents/Home/jre/lib/charsets.jar:/Library/Java/JavaVirtualMachines/jdk1.8.0_121.jdk/Contents/Home/jre/lib/jfr.jar:/Library/Java/JavaVirtualMachines/jdk1.8.0_121.jdk/Contents/Home/jre/classes"/>
    <property name="java.vendor" value="Oracle Corporation"/>
    <property name="maven.home" value="/Users/mac-regis/Developer/Alura/desenvolvedor-java-junior/java-e-orientacao-a-objetos/casadocodigo/EMBEDDED"/>
    <property name="file.separator" value="/"/>
    <property name="java.vendor.url.bug" value="http://bugreport.sun.com/bugreport/"/>
    <property name="sun.cpu.endian" value="little"/>
    <property name="sun.io.unicode.encoding" value="UnicodeBig"/>
    <property name="socksNonProxyHosts" value="local|*.local|169.254/16|*.169.254/16"/>
    <property name="ftp.nonProxyHosts" value="local|*.local|169.254/16|*.169.254/16"/>
    <property name="sun.cpu.isalist" value=""/>
  </properties>
  <testcase classname="br.com.casadocodigo.loja.controllers.ProdutosControllerTest" name="somenteAdminDeveAcessarProdutosForm" time="0.051">
    <error message="Failed to load ApplicationContext" type="java.lang.IllegalStateException">java.lang.IllegalStateException: Failed to load ApplicationContext
	at org.springframework.test.context.cache.DefaultCacheAwareContextLoaderDelegate.loadContext(DefaultCacheAwareContextLoaderDelegate.java:124)
	at org.springframework.test.context.support.DefaultTestContext.getApplicationContext(DefaultTestContext.java:83)
	at org.springframework.test.context.web.ServletTestExecutionListener.setUpRequestContextIfNecessary(ServletTestExecutionListener.java:189)
	at org.springframework.test.context.web.ServletTestExecutionListener.prepareTestInstance(ServletTestExecutionListener.java:131)
	at org.springframework.test.context.TestContextManager.prepareTestInstance(TestContextManager.java:230)
	at org.springframework.test.context.junit4.SpringJUnit4ClassRunner.createTest(SpringJUnit4ClassRunner.java:228)
	at org.springframework.test.context.junit4.SpringJUnit4ClassRunner$1.runReflectiveCall(SpringJUnit4ClassRunner.java:287)
	at org.junit.internal.runners.model.ReflectiveCallable.run(ReflectiveCallable.java:12)
	at org.springframework.test.context.junit4.SpringJUnit4ClassRunner.methodBlock(SpringJUnit4ClassRunner.java:289)
	at org.springframework.test.context.junit4.SpringJUnit4ClassRunner.runChild(SpringJUnit4ClassRunner.java:247)
	at org.springframework.test.context.junit4.SpringJUnit4ClassRunner.runChild(SpringJUnit4ClassRunner.java:94)
	at org.junit.runners.ParentRunner$3.run(ParentRunner.java:290)
	at org.junit.runners.ParentRunner$1.schedule(ParentRunner.java:71)
	at org.junit.runners.ParentRunner.runChildren(ParentRunner.java:288)
	at org.junit.runners.ParentRunner.access$000(ParentRunner.java:58)
	at org.junit.runners.ParentRunner$2.evaluate(ParentRunner.java:268)
	at org.springframework.test.context.junit4.statements.RunBeforeTestClassCallbacks.evaluate(RunBeforeTestClassCallbacks.java:61)
	at org.springframework.test.context.junit4.statements.RunAfterTestClassCallbacks.evaluate(RunAfterTestClassCallbacks.java:70)
	at org.junit.runners.ParentRunner.run(ParentRunner.java:363)
	at org.springframework.test.context.junit4.SpringJUnit4ClassRunner.run(SpringJUnit4ClassRunner.java:191)
	at org.apache.maven.surefire.junit4.JUnit4Provider.execute(JUnit4Provider.java:252)
	at org.apache.maven.surefire.junit4.JUnit4Provider.executeTestSet(JUnit4Provider.java:141)
	at org.apache.maven.surefire.junit4.JUnit4Provider.invoke(JUnit4Provider.java:112)
	at sun.reflect.NativeMethodAccessorImpl.invoke0(Native Method)
	at sun.reflect.NativeMethodAccessorImpl.invoke(NativeMethodAccessorImpl.java:62)
	at sun.reflect.DelegatingMethodAccessorImpl.invoke(DelegatingMethodAccessorImpl.java:43)
	at java.lang.reflect.Method.invoke(Method.java:498)
	at org.apache.maven.surefire.util.ReflectionUtils.invokeMethodWithArray(ReflectionUtils.java:189)
	at org.apache.maven.surefire.booter.ProviderFactory$ProviderProxy.invoke(ProviderFactory.java:165)
	at org.apache.maven.surefire.booter.ProviderFactory.invokeProvider(ProviderFactory.java:85)
	at org.apache.maven.surefire.booter.ForkedBooter.runSuitesInProcess(ForkedBooter.java:115)
	at org.apache.maven.surefire.booter.ForkedBooter.main(ForkedBooter.java:75)
Caused by: org.springframework.beans.factory.BeanCreationException: Error creating bean with name &apos;mailSender&apos; defined in br.com.casadocodigo.loja.conf.AppWebConfiguration: Bean instantiation via factory method failed; nested exception is org.springframework.beans.BeanInstantiationException: Failed to instantiate [org.springframework.mail.MailSender]: Factory method &apos;mailSender&apos; threw exception; nested exception is java.lang.StackOverflowError
	at org.springframework.beans.factory.support.ConstructorResolver.instantiateUsingFactoryMethod(ConstructorResolver.java:599)
	at org.springframework.beans.factory.support.AbstractAutowireCapableBeanFactory.instantiateUsingFactoryMethod(AbstractAutowireCapableBeanFactory.java:1181)
	at org.springframework.beans.factory.support.AbstractAutowireCapableBeanFactory.createBeanInstance(AbstractAutowireCapableBeanFactory.java:1075)
	at org.springframework.beans.factory.support.AbstractAutowireCapableBeanFactory.doCreateBean(AbstractAutowireCapableBeanFactory.java:513)
	at org.springframework.beans.factory.support.AbstractAutowireCapableBeanFactory.createBean(AbstractAutowireCapableBeanFactory.java:483)
	at org.springframework.beans.factory.support.AbstractBeanFactory$1.getObject(AbstractBeanFactory.java:312)
	at org.springframework.beans.factory.support.DefaultSingletonBeanRegistry.getSingleton(DefaultSingletonBeanRegistry.java:230)
	at org.springframework.beans.factory.support.AbstractBeanFactory.doGetBean(AbstractBeanFactory.java:308)
	at org.springframework.beans.factory.support.AbstractBeanFactory.getBean(AbstractBeanFactory.java:197)
	at org.springframework.beans.factory.support.DefaultListableBeanFactory.preInstantiateSingletons(DefaultListableBeanFactory.java:761)
	at org.springframework.context.support.AbstractApplicationContext.finishBeanFactoryInitialization(AbstractApplicationContext.java:867)
	at org.springframework.context.support.AbstractApplicationContext.refresh(AbstractApplicationContext.java:543)
	at org.springframework.test.context.web.AbstractGenericWebContextLoader.loadContext(AbstractGenericWebContextLoader.java:130)
	at org.springframework.test.context.web.AbstractGenericWebContextLoader.loadContext(AbstractGenericWebContextLoader.java:61)
	at org.springframework.test.context.support.AbstractDelegatingSmartContextLoader.delegateLoading(AbstractDelegatingSmartContextLoader.java:106)
	at org.springframework.test.context.support.AbstractDelegatingSmartContextLoader.loadContext(AbstractDelegatingSmartContextLoader.java:249)
	at org.springframework.test.context.cache.DefaultCacheAwareContextLoaderDelegate.loadContextInternal(DefaultCacheAwareContextLoaderDelegate.java:98)
	at org.springframework.test.context.cache.DefaultCacheAwareContextLoaderDelegate.loadContext(DefaultCacheAwareContextLoaderDelegate.java:116)
	... 31 more
Caused by: org.springframework.beans.BeanInstantiationException: Failed to instantiate [org.springframework.mail.MailSender]: Factory method &apos;mailSender&apos; threw exception; nested exception is java.lang.StackOverflowError
	at org.springframework.beans.factory.support.SimpleInstantiationStrategy.instantiate(SimpleInstantiationStrategy.java:189)
	at org.springframework.beans.factory.support.ConstructorResolver.instantiateUsingFactoryMethod(ConstructorResolver.java:588)
	... 48 more
Caused by: java.lang.StackOverflowError
	at java.io.UnixFileSystem.getBooleanAttributes0(Native Method)
	at java.io.UnixFileSystem.getBooleanAttributes(UnixFileSystem.java:242)
	at java.io.File.exists(File.java:819)
	at sun.misc.URLClassPath$FileLoader.getResource(URLClassPath.java:1282)
	at sun.misc.URLClassPath$FileLoader.findResource(URLClassPath.java:1249)
	at sun.misc.URLClassPath$1.next(URLClassPath.java:267)
	at sun.misc.URLClassPath$1.hasMoreElements(URLClassPath.java:277)
	at java.net.URLClassLoader$3$1.run(URLClassLoader.java:601)
	at java.net.URLClassLoader$3$1.run(URLClassLoader.java:599)
	at java.security.AccessController.doPrivileged(Native Method)
	at java.net.URLClassLoader$3.next(URLClassLoader.java:598)
	at java.net.URLClassLoader$3.hasMoreElements(URLClassLoader.java:623)
	at sun.misc.CompoundEnumeration.next(CompoundEnumeration.java:45)
	at sun.misc.CompoundEnumeration.hasMoreElements(CompoundEnumeration.java:54)
	at javax.activation.SecuritySupport$3.run(SecuritySupport.java:79)
	at java.security.AccessController.doPrivileged(Native Method)
	at javax.activation.SecuritySupport.getResources(SecuritySupport.java:73)
	at javax.activation.MimetypesFileTypeMap.loadAllResources(MimetypesFileTypeMap.java:168)
	at javax.activation.MimetypesFileTypeMap.&lt;init&gt;(MimetypesFileTypeMap.java:110)
	at javax.activation.MimetypesFileTypeMap.&lt;init&gt;(MimetypesFileTypeMap.java:256)
	at org.springframework.mail.javamail.ConfigurableMimeFileTypeMap.createFileTypeMap(ConfigurableMimeFileTypeMap.java:147)
	at org.springframework.mail.javamail.ConfigurableMimeFileTypeMap.getFileTypeMap(ConfigurableMimeFileTypeMap.java:119)
	at org.springframework.mail.javamail.ConfigurableMimeFileTypeMap.afterPropertiesSet(ConfigurableMimeFileTypeMap.java:106)
	at org.springframework.mail.javamail.JavaMailSenderImpl.&lt;init&gt;(JavaMailSenderImpl.java:105)
	at br.com.casadocodigo.loja.conf.AppWebConfiguration.mailSender(AppWebConfiguration.java:167)
	at br.com.casadocodigo.loja.conf.AppWebConfiguration.mailSender(AppWebConfiguration.java:179)
	at br.com.casadocodigo.loja.conf.AppWebConfiguration.mailSender(AppWebConfiguration.java:179)
	at br.com.casadocodigo.loja.conf.AppWebConfiguration.mailSender(AppWebConfiguration.java:179)
	at br.com.casadocodigo.loja.conf.AppWebConfiguration.mailSender(AppWebConfiguration.java:179)
	at br.com.casadocodigo.loja.conf.AppWebConfiguration.mailSender(AppWebConfiguration.java:179)
	at br.com.casadocodigo.loja.conf.AppWebConfiguration.mailSender(AppWebConfiguration.java:179)
	at br.com.casadocodigo.loja.conf.AppWebConfiguration.mailSender(AppWebConfiguration.java:179)
	at br.com.casadocodigo.loja.conf.AppWebConfiguration.mailSender(AppWebConfiguration.java:179)
	at br.com.casadocodigo.loja.conf.AppWebConfiguration.mailSender(AppWebConfiguration.java:179)
	at br.com.casadocodigo.loja.conf.AppWebConfiguration.mailSender(AppWebConfiguration.java:179)
	at br.com.casadocodigo.loja.conf.AppWebConfiguration.mailSender(AppWebConfiguration.java:179)
	at br.com.casadocodigo.loja.conf.AppWebConfiguration.mailSender(AppWebConfiguration.java:179)
	at br.com.casadocodigo.loja.conf.AppWebConfiguration.mailSender(AppWebConfiguration.java:179)
	at br.com.casadocodigo.loja.conf.AppWebConfiguration.mailSender(AppWebConfiguration.java:179)
	at br.com.casadocodigo.loja.conf.AppWebConfiguration.mailSender(AppWebConfiguration.java:179)
	at br.com.casadocodigo.loja.conf.AppWebConfiguration.mailSender(AppWebConfiguration.java:179)
	at br.com.casadocodigo.loja.conf.AppWebConfiguration.mailSender(AppWebConfiguration.java:179)
	at br.com.casadocodigo.loja.conf.AppWebConfiguration.mailSender(AppWebConfiguration.java:179)
	at br.com.casadocodigo.loja.conf.AppWebConfiguration.mailSender(AppWebConfiguration.java:179)
	at br.com.casadocodigo.loja.conf.AppWebConfiguration.mailSender(AppWebConfiguration.java:179)
	at br.com.casadocodigo.loja.conf.AppWebConfiguration.mailSender(AppWebConfiguration.java:179)
	at br.com.casadocodigo.loja.conf.AppWebConfiguration.mailSender(AppWebConfiguration.java:179)
	at br.com.casadocodigo.loja.conf.AppWebConfiguration.mailSender(AppWebConfiguration.java:179)
	at br.com.casadocodigo.loja.conf.AppWebConfiguration.mailSender(AppWebConfiguration.java:179)
	at br.com.casadocodigo.loja.conf.AppWebConfiguration.mailSender(AppWebConfiguration.java:179)
	at br.com.casadocodigo.loja.conf.AppWebConfiguration.mailSender(AppWebConfiguration.java:179)
	at br.com.casadocodigo.loja.conf.AppWebConfiguration.mailSender(AppWebConfiguration.java:179)
	at br.com.casadocodigo.loja.conf.AppWebConfiguration.mailSender(AppWebConfiguration.java:179)
	at br.com.casadocodigo.loja.conf.AppWebConfiguration.mailSender(AppWebConfiguration.java:179)
	at br.com.casadocodigo.loja.conf.AppWebConfiguration.mailSender(AppWebConfiguration.java:179)
	at br.com.casadocodigo.loja.conf.AppWebConfiguration.mailSender(AppWebConfiguration.java:179)
	at br.com.casadocodigo.loja.conf.AppWebConfiguration.mailSender(AppWebConfiguration.java:179)
	at br.com.casadocodigo.loja.conf.AppWebConfiguration.mailSender(AppWebConfiguration.java:179)
	at br.com.casadocodigo.loja.conf.AppWebConfiguration.mailSender(AppWebConfiguration.java:179)
	at br.com.casadocodigo.loja.conf.AppWebConfiguration.mailSender(AppWebConfiguration.java:179)
	at br.com.casadocodigo.loja.conf.AppWebConfiguration.mailSender(AppWebConfiguration.java:179)
	at br.com.casadocodigo.loja.conf.AppWebConfiguration.mailSender(AppWebConfiguration.java:179)
	at br.com.casadocodigo.loja.conf.AppWebConfiguration.mailSender(AppWebConfiguration.java:179)
	at br.com.casadocodigo.loja.conf.AppWebConfiguration.mailSender(AppWebConfiguration.java:179)
	at br.com.casadocodigo.loja.conf.AppWebConfiguration.mailSender(AppWebConfiguration.java:179)
	at br.com.casadocodigo.loja.conf.AppWebConfiguration.mailSender(AppWebConfiguration.java:179)
	at br.com.casadocodigo.loja.conf.AppWebConfiguration.mailSender(AppWebConfiguration.java:179)
	at br.com.casadocodigo.loja.conf.AppWebConfiguration.mailSender(AppWebConfiguration.java:179)
	at br.com.casadocodigo.loja.conf.AppWebConfiguration.mailSender(AppWebConfiguration.java:179)
	at br.com.casadocodigo.loja.conf.AppWebConfiguration.mailSender(AppWebConfiguration.java:179)
	at br.com.casadocodigo.loja.conf.AppWebConfiguration.mailSender(AppWebConfiguration.java:179)
	at br.com.casadocodigo.loja.conf.AppWebConfiguration.mailSender(AppWebConfiguration.java:179)
	at br.com.casadocodigo.loja.conf.AppWebConfiguration.mailSender(AppWebConfiguration.java:179)
	at br.com.casadocodigo.loja.conf.AppWebConfiguration.mailSender(AppWebConfiguration.java:179)
	at br.com.casadocodigo.loja.conf.AppWebConfiguration.mailSender(AppWebConfiguration.java:179)
	at br.com.casadocodigo.loja.conf.AppWebConfiguration.mailSender(AppWebConfiguration.java:179)
	at br.com.casadocodigo.loja.conf.AppWebConfiguration.mailSender(AppWebConfiguration.java:179)
	at br.com.casadocodigo.loja.conf.AppWebConfiguration.mailSender(AppWebConfiguration.java:179)
	at br.com.casadocodigo.loja.conf.AppWebConfiguration.mailSender(AppWebConfiguration.java:179)
	at br.com.casadocodigo.loja.conf.AppWebConfiguration.mailSender(AppWebConfiguration.java:179)
	at br.com.casadocodigo.loja.conf.AppWebConfiguration.mailSender(AppWebConfiguration.java:179)
	at br.com.casadocodigo.loja.conf.AppWebConfiguration.mailSender(AppWebConfiguration.java:179)
	at br.com.casadocodigo.loja.conf.AppWebConfiguration.mailSender(AppWebConfiguration.java:179)
	at br.com.casadocodigo.loja.conf.AppWebConfiguration.mailSender(AppWebConfiguration.java:179)
	at br.com.casadocodigo.loja.conf.AppWebConfiguration.mailSender(AppWebConfiguration.java:179)
	at br.com.casadocodigo.loja.conf.AppWebConfiguration.mailSender(AppWebConfiguration.java:179)
	at br.com.casadocodigo.loja.conf.AppWebConfiguration.mailSender(AppWebConfiguration.java:179)
	at br.com.casadocodigo.loja.conf.AppWebConfiguration.mailSender(AppWebConfiguration.java:179)
	at br.com.casadocodigo.loja.conf.AppWebConfiguration.mailSender(AppWebConfiguration.java:179)
	at br.com.casadocodigo.loja.conf.AppWebConfiguration.mailSender(AppWebConfiguration.java:179)
	at br.com.casadocodigo.loja.conf.AppWebConfiguration.mailSender(AppWebConfiguration.java:179)
	at br.com.casadocodigo.loja.conf.AppWebConfiguration.mailSender(AppWebConfiguration.java:179)
	at br.com.casadocodigo.loja.conf.AppWebConfiguration.mailSender(AppWebConfiguration.java:179)
	at br.com.casadocodigo.loja.conf.AppWebConfiguration.mailSender(AppWebConfiguration.java:179)
	at br.com.casadocodigo.loja.conf.AppWebConfiguration.mailSender(AppWebConfiguration.java:179)
	at br.com.casadocodigo.loja.conf.AppWebConfiguration.mailSender(AppWebConfiguration.java:179)
	at br.com.casadocodigo.loja.conf.AppWebConfiguration.mailSender(AppWebConfiguration.java:179)
	at br.com.casadocodigo.loja.conf.AppWebConfiguration.mailSender(AppWebConfiguration.java:179)
	at br.com.casadocodigo.loja.conf.AppWebConfiguration.mailSender(AppWebConfiguration.java:179)
	at br.com.casadocodigo.loja.conf.AppWebConfiguration.mailSender(AppWebConfiguration.java:179)
	at br.com.casadocodigo.loja.conf.AppWebConfiguration.mailSender(AppWebConfiguration.java:179)
	at br.com.casadocodigo.loja.conf.AppWebConfiguration.mailSender(AppWebConfiguration.java:179)
	at br.com.casadocodigo.loja.conf.AppWebConfiguration.mailSender(AppWebConfiguration.java:179)
	at br.com.casadocodigo.loja.conf.AppWebConfiguration.mailSender(AppWebConfiguration.java:179)
	at br.com.casadocodigo.loja.conf.AppWebConfiguration.mailSender(AppWebConfiguration.java:179)
	at br.com.casadocodigo.loja.conf.AppWebConfiguration.mailSender(AppWebConfiguration.java:179)
	at br.com.casadocodigo.loja.conf.AppWebConfiguration.mailSender(AppWebConfiguration.java:179)
	at br.com.casadocodigo.loja.conf.AppWebConfiguration.mailSender(AppWebConfiguration.java:179)
	at br.com.casadocodigo.loja.conf.AppWebConfiguration.mailSender(AppWebConfiguration.java:179)
	at br.com.casadocodigo.loja.conf.AppWebConfiguration.mailSender(AppWebConfiguration.java:179)
	at br.com.casadocodigo.loja.conf.AppWebConfiguration.mailSender(AppWebConfiguration.java:179)
	at br.com.casadocodigo.loja.conf.AppWebConfiguration.mailSender(AppWebConfiguration.java:179)
	at br.com.casadocodigo.loja.conf.AppWebConfiguration.mailSender(AppWebConfiguration.java:179)
	at br.com.casadocodigo.loja.conf.AppWebConfiguration.mailSender(AppWebConfiguration.java:179)
	at br.com.casadocodigo.loja.conf.AppWebConfiguration.mailSender(AppWebConfiguration.java:179)
	at br.com.casadocodigo.loja.conf.AppWebConfiguration.mailSender(AppWebConfiguration.java:179)
	at br.com.casadocodigo.loja.conf.AppWebConfiguration.mailSender(AppWebConfiguration.java:179)
	at br.com.casadocodigo.loja.conf.AppWebConfiguration.mailSender(AppWebConfiguration.java:179)
	at br.com.casadocodigo.loja.conf.AppWebConfiguration.mailSender(AppWebConfiguration.java:179)
	at br.com.casadocodigo.loja.conf.AppWebConfiguration.mailSender(AppWebConfiguration.java:179)
	at br.com.casadocodigo.loja.conf.AppWebConfiguration.mailSender(AppWebConfiguration.java:179)
	at br.com.casadocodigo.loja.conf.AppWebConfiguration.mailSender(AppWebConfiguration.java:179)
	at br.com.casadocodigo.loja.conf.AppWebConfiguration.mailSender(AppWebConfiguration.java:179)
	at br.com.casadocodigo.loja.conf.AppWebConfiguration.mailSender(AppWebConfiguration.java:179)
	at br.com.casadocodigo.loja.conf.AppWebConfiguration.mailSender(AppWebConfiguration.java:179)
	at br.com.casadocodigo.loja.conf.AppWebConfiguration.mailSender(AppWebConfiguration.java:179)
	at br.com.casadocodigo.loja.conf.AppWebConfiguration.mailSender(AppWebConfiguration.java:179)
	at br.com.casadocodigo.loja.conf.AppWebConfiguration.mailSender(AppWebConfiguration.java:179)
	at br.com.casadocodigo.loja.conf.AppWebConfiguration.mailSender(AppWebConfiguration.java:179)
	at br.com.casadocodigo.loja.conf.AppWebConfiguration.mailSender(AppWebConfiguration.java:179)
	at br.com.casadocodigo.loja.conf.AppWebConfiguration.mailSender(AppWebConfiguration.java:179)
	at br.com.casadocodigo.loja.conf.AppWebConfiguration.mailSender(AppWebConfiguration.java:179)
	at br.com.casadocodigo.loja.conf.AppWebConfiguration.mailSender(AppWebConfiguration.java:179)
	at br.com.casadocodigo.loja.conf.AppWebConfiguration.mailSender(AppWebConfiguration.java:179)
	at br.com.casadocodigo.loja.conf.AppWebConfiguration.mailSender(AppWebConfiguration.java:179)
	at br.com.casadocodigo.loja.conf.AppWebConfiguration.mailSender(AppWebConfiguration.java:179)
	at br.com.casadocodigo.loja.conf.AppWebConfiguration.mailSender(AppWebConfiguration.java:179)
	at br.com.casadocodigo.loja.conf.AppWebConfiguration.mailSender(AppWebConfiguration.java:179)
	at br.com.casadocodigo.loja.conf.AppWebConfiguration.mailSender(AppWebConfiguration.java:179)
	at br.com.casadocodigo.loja.conf.AppWebConfiguration.mailSender(AppWebConfiguration.java:179)
	at br.com.casadocodigo.loja.conf.AppWebConfiguration.mailSender(AppWebConfiguration.java:179)
	at br.com.casadocodigo.loja.conf.AppWebConfiguration.mailSender(AppWebConfiguration.java:179)
	at br.com.casadocodigo.loja.conf.AppWebConfiguration.mailSender(AppWebConfiguration.java:179)
	at br.com.casadocodigo.loja.conf.AppWebConfiguration.mailSender(AppWebConfiguration.java:179)
	at br.com.casadocodigo.loja.conf.AppWebConfiguration.mailSender(AppWebConfiguration.java:179)
	at br.com.casadocodigo.loja.conf.AppWebConfiguration.mailSender(AppWebConfiguration.java:179)
	at br.com.casadocodigo.loja.conf.AppWebConfiguration.mailSender(AppWebConfiguration.java:179)
	at br.com.casadocodigo.loja.conf.AppWebConfiguration.mailSender(AppWebConfiguration.java:179)
	at br.com.casadocodigo.loja.conf.AppWebConfiguration.mailSender(AppWebConfiguration.java:179)
	at br.com.casadocodigo.loja.conf.AppWebConfiguration.mailSender(AppWebConfiguration.java:179)
	at br.com.casadocodigo.loja.conf.AppWebConfiguration.mailSender(AppWebConfiguration.java:179)
	at br.com.casadocodigo.loja.conf.AppWebConfiguration.mailSender(AppWebConfiguration.java:179)
	at br.com.casadocodigo.loja.conf.AppWebConfiguration.mailSender(AppWebConfiguration.java:179)
	at br.com.casadocodigo.loja.conf.AppWebConfiguration.mailSender(AppWebConfiguration.java:179)
	at br.com.casadocodigo.loja.conf.AppWebConfiguration.mailSender(AppWebConfiguration.java:179)
	at br.com.casadocodigo.loja.conf.AppWebConfiguration.mailSender(AppWebConfiguration.java:179)
	at br.com.casadocodigo.loja.conf.AppWebConfiguration.mailSender(AppWebConfiguration.java:179)
	at br.com.casadocodigo.loja.conf.AppWebConfiguration.mailSender(AppWebConfiguration.java:179)
	at br.com.casadocodigo.loja.conf.AppWebConfiguration.mailSender(AppWebConfiguration.java:179)
	at br.com.casadocodigo.loja.conf.AppWebConfiguration.mailSender(AppWebConfiguration.java:179)
	at br.com.casadocodigo.loja.conf.AppWebConfiguration.mailSender(AppWebConfiguration.java:179)
	at br.com.casadocodigo.loja.conf.AppWebConfiguration.mailSender(AppWebConfiguration.java:179)
	at br.com.casadocodigo.loja.conf.AppWebConfiguration.mailSender(AppWebConfiguration.java:179)
	at br.com.casadocodigo.loja.conf.AppWebConfiguration.mailSender(AppWebConfiguration.java:179)
	at br.com.casadocodigo.loja.conf.AppWebConfiguration.mailSender(AppWebConfiguration.java:179)
	at br.com.casadocodigo.loja.conf.AppWebConfiguration.mailSender(AppWebConfiguration.java:179)
	at br.com.casadocodigo.loja.conf.AppWebConfiguration.mailSender(AppWebConfiguration.java:179)
	at br.com.casadocodigo.loja.conf.AppWebConfiguration.mailSender(AppWebConfiguration.java:179)
	at br.com.casadocodigo.loja.conf.AppWebConfiguration.mailSender(AppWebConfiguration.java:179)
	at br.com.casadocodigo.loja.conf.AppWebConfiguration.mailSender(AppWebConfiguration.java:179)
	at br.com.casadocodigo.loja.conf.AppWebConfiguration.mailSender(AppWebConfiguration.java:179)
	at br.com.casadocodigo.loja.conf.AppWebConfiguration.mailSender(AppWebConfiguration.java:179)
	at br.com.casadocodigo.loja.conf.AppWebConfiguration.mailSender(AppWebConfiguration.java:179)
	at br.com.casadocodigo.loja.conf.AppWebConfiguration.mailSender(AppWebConfiguration.java:179)
	at br.com.casadocodigo.loja.conf.AppWebConfiguration.mailSender(AppWebConfiguration.java:179)
	at br.com.casadocodigo.loja.conf.AppWebConfiguration.mailSender(AppWebConfiguration.java:179)
	at br.com.casadocodigo.loja.conf.AppWebConfiguration.mailSender(AppWebConfiguration.java:179)
	at br.com.casadocodigo.loja.conf.AppWebConfiguration.mailSender(AppWebConfiguration.java:179)
	at br.com.casadocodigo.loja.conf.AppWebConfiguration.mailSender(AppWebConfiguration.java:179)
	at br.com.casadocodigo.loja.conf.AppWebConfiguration.mailSender(AppWebConfiguration.java:179)
	at br.com.casadocodigo.loja.conf.AppWebConfiguration.mailSender(AppWebConfiguration.java:179)
	at br.com.casadocodigo.loja.conf.AppWebConfiguration.mailSender(AppWebConfiguration.java:179)
	at br.com.casadocodigo.loja.conf.AppWebConfiguration.mailSender(AppWebConfiguration.java:179)
	at br.com.casadocodigo.loja.conf.AppWebConfiguration.mailSender(AppWebConfiguration.java:179)
	at br.com.casadocodigo.loja.conf.AppWebConfiguration.mailSender(AppWebConfiguration.java:179)
	at br.com.casadocodigo.loja.conf.AppWebConfiguration.mailSender(AppWebConfiguration.java:179)
	at br.com.casadocodigo.loja.conf.AppWebConfiguration.mailSender(AppWebConfiguration.java:179)
	at br.com.casadocodigo.loja.conf.AppWebConfiguration.mailSender(AppWebConfiguration.java:179)
	at br.com.casadocodigo.loja.conf.AppWebConfiguration.mailSender(AppWebConfiguration.java:179)
	at br.com.casadocodigo.loja.conf.AppWebConfiguration.mailSender(AppWebConfiguration.java:179)
	at br.com.casadocodigo.loja.conf.AppWebConfiguration.mailSender(AppWebConfiguration.java:179)
	at br.com.casadocodigo.loja.conf.AppWebConfiguration.mailSender(AppWebConfiguration.java:179)
	at br.com.casadocodigo.loja.conf.AppWebConfiguration.mailSender(AppWebConfiguration.java:179)
	at br.com.casadocodigo.loja.conf.AppWebConfiguration.mailSender(AppWebConfiguration.java:179)
	at br.com.casadocodigo.loja.conf.AppWebConfiguration.mailSender(AppWebConfiguration.java:179)
	at br.com.casadocodigo.loja.conf.AppWebConfiguration.mailSender(AppWebConfiguration.java:179)
	at br.com.casadocodigo.loja.conf.AppWebConfiguration.mailSender(AppWebConfiguration.java:179)
	at br.com.casadocodigo.loja.conf.AppWebConfiguration.mailSender(AppWebConfiguration.java:179)
	at br.com.casadocodigo.loja.conf.AppWebConfiguration.mailSender(AppWebConfiguration.java:179)
	at br.com.casadocodigo.loja.conf.AppWebConfiguration.mailSender(AppWebConfiguration.java:179)
	at br.com.casadocodigo.loja.conf.AppWebConfiguration.mailSender(AppWebConfiguration.java:179)
	at br.com.casadocodigo.loja.conf.AppWebConfiguration.mailSender(AppWebConfiguration.java:179)
	at br.com.casadocodigo.loja.conf.AppWebConfiguration.mailSender(AppWebConfiguration.java:179)
	at br.com.casadocodigo.loja.conf.AppWebConfiguration.mailSender(AppWebConfiguration.java:179)
	at br.com.casadocodigo.loja.conf.AppWebConfiguration.mailSender(AppWebConfiguration.java:179)
	at br.com.casadocodigo.loja.conf.AppWebConfiguration.mailSender(AppWebConfiguration.java:179)
	at br.com.casadocodigo.loja.conf.AppWebConfiguration.mailSender(AppWebConfiguration.java:179)
	at br.com.casadocodigo.loja.conf.AppWebConfiguration.mailSender(AppWebConfiguration.java:179)
	at br.com.casadocodigo.loja.conf.AppWebConfiguration.mailSender(AppWebConfiguration.java:179)
	at br.com.casadocodigo.loja.conf.AppWebConfiguration.mailSender(AppWebConfiguration.java:179)
	at br.com.casadocodigo.loja.conf.AppWebConfiguration.mailSender(AppWebConfiguration.java:179)
	at br.com.casadocodigo.loja.conf.AppWebConfiguration.mailSender(AppWebConfiguration.java:179)
	at br.com.casadocodigo.loja.conf.AppWebConfiguration.mailSender(AppWebConfiguration.java:179)
	at br.com.casadocodigo.loja.conf.AppWebConfiguration.mailSender(AppWebConfiguration.java:179)
	at br.com.casadocodigo.loja.conf.AppWebConfiguration.mailSender(AppWebConfiguration.java:179)
	at br.com.casadocodigo.loja.conf.AppWebConfiguration.mailSender(AppWebConfiguration.java:179)
	at br.com.casadocodigo.loja.conf.AppWebConfiguration.mailSender(AppWebConfiguration.java:179)
	at br.com.casadocodigo.loja.conf.AppWebConfiguration.mailSender(AppWebConfiguration.java:179)
	at br.com.casadocodigo.loja.conf.AppWebConfiguration.mailSender(AppWebConfiguration.java:179)
	at br.com.casadocodigo.loja.conf.AppWebConfiguration.mailSender(AppWebConfiguration.java:179)
	at br.com.casadocodigo.loja.conf.AppWebConfiguration.mailSender(AppWebConfiguration.java:179)
	at br.com.casadocodigo.loja.conf.AppWebConfiguration.mailSender(AppWebConfiguration.java:179)
	at br.com.casadocodigo.loja.conf.AppWebConfiguration.mailSender(AppWebConfiguration.java:179)
	at br.com.casadocodigo.loja.conf.AppWebConfiguration.mailSender(AppWebConfiguration.java:179)
	at br.com.casadocodigo.loja.conf.AppWebConfiguration.mailSender(AppWebConfiguration.java:179)
	at br.com.casadocodigo.loja.conf.AppWebConfiguration.mailSender(AppWebConfiguration.java:179)
	at br.com.casadocodigo.loja.conf.AppWebConfiguration.mailSender(AppWebConfiguration.java:179)
	at br.com.casadocodigo.loja.conf.AppWebConfiguration.mailSender(AppWebConfiguration.java:179)
	at br.com.casadocodigo.loja.conf.AppWebConfiguration.mailSender(AppWebConfiguration.java:179)
	at br.com.casadocodigo.loja.conf.AppWebConfiguration.mailSender(AppWebConfiguration.java:179)
	at br.com.casadocodigo.loja.conf.AppWebConfiguration.mailSender(AppWebConfiguration.java:179)
	at br.com.casadocodigo.loja.conf.AppWebConfiguration.mailSender(AppWebConfiguration.java:179)
	at br.com.casadocodigo.loja.conf.AppWebConfiguration.mailSender(AppWebConfiguration.java:179)
	at br.com.casadocodigo.loja.conf.AppWebConfiguration.mailSender(AppWebConfiguration.java:179)
	at br.com.casadocodigo.loja.conf.AppWebConfiguration.mailSender(AppWebConfiguration.java:179)
	at br.com.casadocodigo.loja.conf.AppWebConfiguration.mailSender(AppWebConfiguration.java:179)
	at br.com.casadocodigo.loja.conf.AppWebConfiguration.mailSender(AppWebConfiguration.java:179)
	at br.com.casadocodigo.loja.conf.AppWebConfiguration.mailSender(AppWebConfiguration.java:179)
	at br.com.casadocodigo.loja.conf.AppWebConfiguration.mailSender(AppWebConfiguration.java:179)
	at br.com.casadocodigo.loja.conf.AppWebConfiguration.mailSender(AppWebConfiguration.java:179)
	at br.com.casadocodigo.loja.conf.AppWebConfiguration.mailSender(AppWebConfiguration.java:179)
	at br.com.casadocodigo.loja.conf.AppWebConfiguration.mailSender(AppWebConfiguration.java:179)
	at br.com.casadocodigo.loja.conf.AppWebConfiguration.mailSender(AppWebConfiguration.java:179)
	at br.com.casadocodigo.loja.conf.AppWebConfiguration.mailSender(AppWebConfiguration.java:179)
	at br.com.casadocodigo.loja.conf.AppWebConfiguration.mailSender(AppWebConfiguration.java:179)
	at br.com.casadocodigo.loja.conf.AppWebConfiguration.mailSender(AppWebConfiguration.java:179)
	at br.com.casadocodigo.loja.conf.AppWebConfiguration.mailSender(AppWebConfiguration.java:179)
	at br.com.casadocodigo.loja.conf.AppWebConfiguration.mailSender(AppWebConfiguration.java:179)
	at br.com.casadocodigo.loja.conf.AppWebConfiguration.mailSender(AppWebConfiguration.java:179)
	at br.com.casadocodigo.loja.conf.AppWebConfiguration.mailSender(AppWebConfiguration.java:179)
	at br.com.casadocodigo.loja.conf.AppWebConfiguration.mailSender(AppWebConfiguration.java:179)
	at br.com.casadocodigo.loja.conf.AppWebConfiguration.mailSender(AppWebConfiguration.java:179)
	at br.com.casadocodigo.loja.conf.AppWebConfiguration.mailSender(AppWebConfiguration.java:179)
	at br.com.casadocodigo.loja.conf.AppWebConfiguration.mailSender(AppWebConfiguration.java:179)
	at br.com.casadocodigo.loja.conf.AppWebConfiguration.mailSender(AppWebConfiguration.java:179)
	at br.com.casadocodigo.loja.conf.AppWebConfiguration.mailSender(AppWebConfiguration.java:179)
	at br.com.casadocodigo.loja.conf.AppWebConfiguration.mailSender(AppWebConfiguration.java:179)
	at br.com.casadocodigo.loja.conf.AppWebConfiguration.mailSender(AppWebConfiguration.java:179)
	at br.com.casadocodigo.loja.conf.AppWebConfiguration.mailSender(AppWebConfiguration.java:179)
	at br.com.casadocodigo.loja.conf.AppWebConfiguration.mailSender(AppWebConfiguration.java:179)
	at br.com.casadocodigo.loja.conf.AppWebConfiguration.mailSender(AppWebConfiguration.java:179)
	at br.com.casadocodigo.loja.conf.AppWebConfiguration.mailSender(AppWebConfiguration.java:179)
	at br.com.casadocodigo.loja.conf.AppWebConfiguration.mailSender(AppWebConfiguration.java:179)
	at br.com.casadocodigo.loja.conf.AppWebConfiguration.mailSender(AppWebConfiguration.java:179)
	at br.com.casadocodigo.loja.conf.AppWebConfiguration.mailSender(AppWebConfiguration.java:179)
	at br.com.casadocodigo.loja.conf.AppWebConfiguration.mailSender(AppWebConfiguration.java:179)
	at br.com.casadocodigo.loja.conf.AppWebConfiguration.mailSender(AppWebConfiguration.java:179)
	at br.com.casadocodigo.loja.conf.AppWebConfiguration.mailSender(AppWebConfiguration.java:179)
	at br.com.casadocodigo.loja.conf.AppWebConfiguration.mailSender(AppWebConfiguration.java:179)
	at br.com.casadocodigo.loja.conf.AppWebConfiguration.mailSender(AppWebConfiguration.java:179)
	at br.com.casadocodigo.loja.conf.AppWebConfiguration.mailSender(AppWebConfiguration.java:179)
	at br.com.casadocodigo.loja.conf.AppWebConfiguration.mailSender(AppWebConfiguration.java:179)
	at br.com.casadocodigo.loja.conf.AppWebConfiguration.mailSender(AppWebConfiguration.java:179)
	at br.com.casadocodigo.loja.conf.AppWebConfiguration.mailSender(AppWebConfiguration.java:179)
	at br.com.casadocodigo.loja.conf.AppWebConfiguration.mailSender(AppWebConfiguration.java:179)
	at br.com.casadocodigo.loja.conf.AppWebConfiguration.mailSender(AppWebConfiguration.java:179)
	at br.com.casadocodigo.loja.conf.AppWebConfiguration.mailSender(AppWebConfiguration.java:179)
	at br.com.casadocodigo.loja.conf.AppWebConfiguration.mailSender(AppWebConfiguration.java:179)
	at br.com.casadocodigo.loja.conf.AppWebConfiguration.mailSender(AppWebConfiguration.java:179)
	at br.com.casadocodigo.loja.conf.AppWebConfiguration.mailSender(AppWebConfiguration.java:179)
	at br.com.casadocodigo.loja.conf.AppWebConfiguration.mailSender(AppWebConfiguration.java:179)
	at br.com.casadocodigo.loja.conf.AppWebConfiguration.mailSender(AppWebConfiguration.java:179)
	at br.com.casadocodigo.loja.conf.AppWebConfiguration.mailSender(AppWebConfiguration.java:179)
	at br.com.casadocodigo.loja.conf.AppWebConfiguration.mailSender(AppWebConfiguration.java:179)
	at br.com.casadocodigo.loja.conf.AppWebConfiguration.mailSender(AppWebConfiguration.java:179)
	at br.com.casadocodigo.loja.conf.AppWebConfiguration.mailSender(AppWebConfiguration.java:179)
	at br.com.casadocodigo.loja.conf.AppWebConfiguration.mailSender(AppWebConfiguration.java:179)
	at br.com.casadocodigo.loja.conf.AppWebConfiguration.mailSender(AppWebConfiguration.java:179)
	at br.com.casadocodigo.loja.conf.AppWebConfiguration.mailSender(AppWebConfiguration.java:179)
	at br.com.casadocodigo.loja.conf.AppWebConfiguration.mailSender(AppWebConfiguration.java:179)
	at br.com.casadocodigo.loja.conf.AppWebConfiguration.mailSender(AppWebConfiguration.java:179)
	at br.com.casadocodigo.loja.conf.AppWebConfiguration.mailSender(AppWebConfiguration.java:179)
	at br.com.casadocodigo.loja.conf.AppWebConfiguration.mailSender(AppWebConfiguration.java:179)
	at br.com.casadocodigo.loja.conf.AppWebConfiguration.mailSender(AppWebConfiguration.java:179)
	at br.com.casadocodigo.loja.conf.AppWebConfiguration.mailSender(AppWebConfiguration.java:179)
	at br.com.casadocodigo.loja.conf.AppWebConfiguration.mailSender(AppWebConfiguration.java:179)
	at br.com.casadocodigo.loja.conf.AppWebConfiguration.mailSender(AppWebConfiguration.java:179)
	at br.com.casadocodigo.loja.conf.AppWebConfiguration.mailSender(AppWebConfiguration.java:179)
	at br.com.casadocodigo.loja.conf.AppWebConfiguration.mailSender(AppWebConfiguration.java:179)
	at br.com.casadocodigo.loja.conf.AppWebConfiguration.mailSender(AppWebConfiguration.java:179)
	at br.com.casadocodigo.loja.conf.AppWebConfiguration.mailSender(AppWebConfiguration.java:179)
	at br.com.casadocodigo.loja.conf.AppWebConfiguration.mailSender(AppWebConfiguration.java:179)
	at br.com.casadocodigo.loja.conf.AppWebConfiguration.mailSender(AppWebConfiguration.java:179)
	at br.com.casadocodigo.loja.conf.AppWebConfiguration.mailSender(AppWebConfiguration.java:179)
	at br.com.casadocodigo.loja.conf.AppWebConfiguration.mailSender(AppWebConfiguration.java:179)
	at br.com.casadocodigo.loja.conf.AppWebConfiguration.mailSender(AppWebConfiguration.java:179)
	at br.com.casadocodigo.loja.conf.AppWebConfiguration.mailSender(AppWebConfiguration.java:179)
	at br.com.casadocodigo.loja.conf.AppWebConfiguration.mailSender(AppWebConfiguration.java:179)
	at br.com.casadocodigo.loja.conf.AppWebConfiguration.mailSender(AppWebConfiguration.java:179)
	at br.com.casadocodigo.loja.conf.AppWebConfiguration.mailSender(AppWebConfiguration.java:179)
	at br.com.casadocodigo.loja.conf.AppWebConfiguration.mailSender(AppWebConfiguration.java:179)
	at br.com.casadocodigo.loja.conf.AppWebConfiguration.mailSender(AppWebConfiguration.java:179)
	at br.com.casadocodigo.loja.conf.AppWebConfiguration.mailSender(AppWebConfiguration.java:179)
	at br.com.casadocodigo.loja.conf.AppWebConfiguration.mailSender(AppWebConfiguration.java:179)
	at br.com.casadocodigo.loja.conf.AppWebConfiguration.mailSender(AppWebConfiguration.java:179)
	at br.com.casadocodigo.loja.conf.AppWebConfiguration.mailSender(AppWebConfiguration.java:179)
	at br.com.casadocodigo.loja.conf.AppWebConfiguration.mailSender(AppWebConfiguration.java:179)
	at br.com.casadocodigo.loja.conf.AppWebConfiguration.mailSender(AppWebConfiguration.java:179)
	at br.com.casadocodigo.loja.conf.AppWebConfiguration.mailSender(AppWebConfiguration.java:179)
	at br.com.casadocodigo.loja.conf.AppWebConfiguration.mailSender(AppWebConfiguration.java:179)
	at br.com.casadocodigo.loja.conf.AppWebConfiguration.mailSender(AppWebConfiguration.java:179)
	at br.com.casadocodigo.loja.conf.AppWebConfiguration.mailSender(AppWebConfiguration.java:179)
	at br.com.casadocodigo.loja.conf.AppWebConfiguration.mailSender(AppWebConfiguration.java:179)
	at br.com.casadocodigo.loja.conf.AppWebConfiguration.mailSender(AppWebConfiguration.java:179)
	at br.com.casadocodigo.loja.conf.AppWebConfiguration.mailSender(AppWebConfiguration.java:179)
	at br.com.casadocodigo.loja.conf.AppWebConfiguration.mailSender(AppWebConfiguration.java:179)
	at br.com.casadocodigo.loja.conf.AppWebConfiguration.mailSender(AppWebConfiguration.java:179)
	at br.com.casadocodigo.loja.conf.AppWebConfiguration.mailSender(AppWebConfiguration.java:179)
	at br.com.casadocodigo.loja.conf.AppWebConfiguration.mailSender(AppWebConfiguration.java:179)
	at br.com.casadocodigo.loja.conf.AppWebConfiguration.mailSender(AppWebConfiguration.java:179)
	at br.com.casadocodigo.loja.conf.AppWebConfiguration.mailSender(AppWebConfiguration.java:179)
	at br.com.casadocodigo.loja.conf.AppWebConfiguration.mailSender(AppWebConfiguration.java:179)
	at br.com.casadocodigo.loja.conf.AppWebConfiguration.mailSender(AppWebConfiguration.java:179)
	at br.com.casadocodigo.loja.conf.AppWebConfiguration.mailSender(AppWebConfiguration.java:179)
	at br.com.casadocodigo.loja.conf.AppWebConfiguration.mailSender(AppWebConfiguration.java:179)
	at br.com.casadocodigo.loja.conf.AppWebConfiguration.mailSender(AppWebConfiguration.java:179)
	at br.com.casadocodigo.loja.conf.AppWebConfiguration.mailSender(AppWebConfiguration.java:179)
	at br.com.casadocodigo.loja.conf.AppWebConfiguration.mailSender(AppWebConfiguration.java:179)
	at br.com.casadocodigo.loja.conf.AppWebConfiguration.mailSender(AppWebConfiguration.java:179)
	at br.com.casadocodigo.loja.conf.AppWebConfiguration.mailSender(AppWebConfiguration.java:179)
	at br.com.casadocodigo.loja.conf.AppWebConfiguration.mailSender(AppWebConfiguration.java:179)
	at br.com.casadocodigo.loja.conf.AppWebConfiguration.mailSender(AppWebConfiguration.java:179)
	at br.com.casadocodigo.loja.conf.AppWebConfiguration.mailSender(AppWebConfiguration.java:179)
	at br.com.casadocodigo.loja.conf.AppWebConfiguration.mailSender(AppWebConfiguration.java:179)
	at br.com.casadocodigo.loja.conf.AppWebConfiguration.mailSender(AppWebConfiguration.java:179)
	at br.com.casadocodigo.loja.conf.AppWebConfiguration.mailSender(AppWebConfiguration.java:179)
	at br.com.casadocodigo.loja.conf.AppWebConfiguration.mailSender(AppWebConfiguration.java:179)
	at br.com.casadocodigo.loja.conf.AppWebConfiguration.mailSender(AppWebConfiguration.java:179)
	at br.com.casadocodigo.loja.conf.AppWebConfiguration.mailSender(AppWebConfiguration.java:179)
	at br.com.casadocodigo.loja.conf.AppWebConfiguration.mailSender(AppWebConfiguration.java:179)
	at br.com.casadocodigo.loja.conf.AppWebConfiguration.mailSender(AppWebConfiguration.java:179)
	at br.com.casadocodigo.loja.conf.AppWebConfiguration.mailSender(AppWebConfiguration.java:179)
	at br.com.casadocodigo.loja.conf.AppWebConfiguration.mailSender(AppWebConfiguration.java:179)
	at br.com.casadocodigo.loja.conf.AppWebConfiguration.mailSender(AppWebConfiguration.java:179)
	at br.com.casadocodigo.loja.conf.AppWebConfiguration.mailSender(AppWebConfiguration.java:179)
	at br.com.casadocodigo.loja.conf.AppWebConfiguration.mailSender(AppWebConfiguration.java:179)
	at br.com.casadocodigo.loja.conf.AppWebConfiguration.mailSender(AppWebConfiguration.java:179)
	at br.com.casadocodigo.loja.conf.AppWebConfiguration.mailSender(AppWebConfiguration.java:179)
	at br.com.casadocodigo.loja.conf.AppWebConfiguration.mailSender(AppWebConfiguration.java:179)
	at br.com.casadocodigo.loja.conf.AppWebConfiguration.mailSender(AppWebConfiguration.java:179)
	at br.com.casadocodigo.loja.conf.AppWebConfiguration.mailSender(AppWebConfiguration.java:179)
	at br.com.casadocodigo.loja.conf.AppWebConfiguration.mailSender(AppWebConfiguration.java:179)
	at br.com.casadocodigo.loja.conf.AppWebConfiguration.mailSender(AppWebConfiguration.java:179)
	at br.com.casadocodigo.loja.conf.AppWebConfiguration.mailSender(AppWebConfiguration.java:179)
	at br.com.casadocodigo.loja.conf.AppWebConfiguration.mailSender(AppWebConfiguration.java:179)
	at br.com.casadocodigo.loja.conf.AppWebConfiguration.mailSender(AppWebConfiguration.java:179)
	at br.com.casadocodigo.loja.conf.AppWebConfiguration.mailSender(AppWebConfiguration.java:179)
	at br.com.casadocodigo.loja.conf.AppWebConfiguration.mailSender(AppWebConfiguration.java:179)
	at br.com.casadocodigo.loja.conf.AppWebConfiguration.mailSender(AppWebConfiguration.java:179)
	at br.com.casadocodigo.loja.conf.AppWebConfiguration.mailSender(AppWebConfiguration.java:179)
	at br.com.casadocodigo.loja.conf.AppWebConfiguration.mailSender(AppWebConfiguration.java:179)
	at br.com.casadocodigo.loja.conf.AppWebConfiguration.mailSender(AppWebConfiguration.java:179)
	at br.com.casadocodigo.loja.conf.AppWebConfiguration.mailSender(AppWebConfiguration.java:179)
	at br.com.casadocodigo.loja.conf.AppWebConfiguration.mailSender(AppWebConfiguration.java:179)
	at br.com.casadocodigo.loja.conf.AppWebConfiguration.mailSender(AppWebConfiguration.java:179)
	at br.com.casadocodigo.loja.conf.AppWebConfiguration.mailSender(AppWebConfiguration.java:179)
	at br.com.casadocodigo.loja.conf.AppWebConfiguration.mailSender(AppWebConfiguration.java:179)
	at br.com.casadocodigo.loja.conf.AppWebConfiguration.mailSender(AppWebConfiguration.java:179)
	at br.com.casadocodigo.loja.conf.AppWebConfiguration.mailSender(AppWebConfiguration.java:179)
	at br.com.casadocodigo.loja.conf.AppWebConfiguration.mailSender(AppWebConfiguration.java:179)
	at br.com.casadocodigo.loja.conf.AppWebConfiguration.mailSender(AppWebConfiguration.java:179)
	at br.com.casadocodigo.loja.conf.AppWebConfiguration.mailSender(AppWebConfiguration.java:179)
	at br.com.casadocodigo.loja.conf.AppWebConfiguration.mailSender(AppWebConfiguration.java:179)
	at br.com.casadocodigo.loja.conf.AppWebConfiguration.mailSender(AppWebConfiguration.java:179)
	at br.com.casadocodigo.loja.conf.AppWebConfiguration.mailSender(AppWebConfiguration.java:179)
	at br.com.casadocodigo.loja.conf.AppWebConfiguration.mailSender(AppWebConfiguration.java:179)
	at br.com.casadocodigo.loja.conf.AppWebConfiguration.mailSender(AppWebConfiguration.java:179)
	at br.com.casadocodigo.loja.conf.AppWebConfiguration.mailSender(AppWebConfiguration.java:179)
	at br.com.casadocodigo.loja.conf.AppWebConfiguration.mailSender(AppWebConfiguration.java:179)
	at br.com.casadocodigo.loja.conf.AppWebConfiguration.mailSender(AppWebConfiguration.java:179)
	at br.com.casadocodigo.loja.conf.AppWebConfiguration.mailSender(AppWebConfiguration.java:179)
	at br.com.casadocodigo.loja.conf.AppWebConfiguration.mailSender(AppWebConfiguration.java:179)
	at br.com.casadocodigo.loja.conf.AppWebConfiguration.mailSender(AppWebConfiguration.java:179)
	at br.com.casadocodigo.loja.conf.AppWebConfiguration.mailSender(AppWebConfiguration.java:179)
	at br.com.casadocodigo.loja.conf.AppWebConfiguration.mailSender(AppWebConfiguration.java:179)
	at br.com.casadocodigo.loja.conf.AppWebConfiguration.mailSender(AppWebConfiguration.java:179)
	at br.com.casadocodigo.loja.conf.AppWebConfiguration.mailSender(AppWebConfiguration.java:179)
	at br.com.casadocodigo.loja.conf.AppWebConfiguration.mailSender(AppWebConfiguration.java:179)
	at br.com.casadocodigo.loja.conf.AppWebConfiguration.mailSender(AppWebConfiguration.java:179)
	at br.com.casadocodigo.loja.conf.AppWebConfiguration.mailSender(AppWebConfiguration.java:179)
	at br.com.casadocodigo.loja.conf.AppWebConfiguration.mailSender(AppWebConfiguration.java:179)
	at br.com.casadocodigo.loja.conf.AppWebConfiguration.mailSender(AppWebConfiguration.java:179)
	at br.com.casadocodigo.loja.conf.AppWebConfiguration.mailSender(AppWebConfiguration.java:179)
	at br.com.casadocodigo.loja.conf.AppWebConfiguration.mailSender(AppWebConfiguration.java:179)
	at br.com.casadocodigo.loja.conf.AppWebConfiguration.mailSender(AppWebConfiguration.java:179)
	at br.com.casadocodigo.loja.conf.AppWebConfiguration.mailSender(AppWebConfiguration.java:179)
	at br.com.casadocodigo.loja.conf.AppWebConfiguration.mailSender(AppWebConfiguration.java:179)
	at br.com.casadocodigo.loja.conf.AppWebConfiguration.mailSender(AppWebConfiguration.java:179)
	at br.com.casadocodigo.loja.conf.AppWebConfiguration.mailSender(AppWebConfiguration.java:179)
	at br.com.casadocodigo.loja.conf.AppWebConfiguration.mailSender(AppWebConfiguration.java:179)
	at br.com.casadocodigo.loja.conf.AppWebConfiguration.mailSender(AppWebConfiguration.java:179)
	at br.com.casadocodigo.loja.conf.AppWebConfiguration.mailSender(AppWebConfiguration.java:179)
	at br.com.casadocodigo.loja.conf.AppWebConfiguration.mailSender(AppWebConfiguration.java:179)
	at br.com.casadocodigo.loja.conf.AppWebConfiguration.mailSender(AppWebConfiguration.java:179)
	at br.com.casadocodigo.loja.conf.AppWebConfiguration.mailSender(AppWebConfiguration.java:179)
	at br.com.casadocodigo.loja.conf.AppWebConfiguration.mailSender(AppWebConfiguration.java:179)
	at br.com.casadocodigo.loja.conf.AppWebConfiguration.mailSender(AppWebConfiguration.java:179)
	at br.com.casadocodigo.loja.conf.AppWebConfiguration.mailSender(AppWebConfiguration.java:179)
	at br.com.casadocodigo.loja.conf.AppWebConfiguration.mailSender(AppWebConfiguration.java:179)
	at br.com.casadocodigo.loja.conf.AppWebConfiguration.mailSender(AppWebConfiguration.java:179)
	at br.com.casadocodigo.loja.conf.AppWebConfiguration.mailSender(AppWebConfiguration.java:179)
	at br.com.casadocodigo.loja.conf.AppWebConfiguration.mailSender(AppWebConfiguration.java:179)
	at br.com.casadocodigo.loja.conf.AppWebConfiguration.mailSender(AppWebConfiguration.java:179)
	at br.com.casadocodigo.loja.conf.AppWebConfiguration.mailSender(AppWebConfiguration.java:179)
	at br.com.casadocodigo.loja.conf.AppWebConfiguration.mailSender(AppWebConfiguration.java:179)
	at br.com.casadocodigo.loja.conf.AppWebConfiguration.mailSender(AppWebConfiguration.java:179)
	at br.com.casadocodigo.loja.conf.AppWebConfiguration.mailSender(AppWebConfiguration.java:179)
	at br.com.casadocodigo.loja.conf.AppWebConfiguration.mailSender(AppWebConfiguration.java:179)
	at br.com.casadocodigo.loja.conf.AppWebConfiguration.mailSender(AppWebConfiguration.java:179)
	at br.com.casadocodigo.loja.conf.AppWebConfiguration.mailSender(AppWebConfiguration.java:179)
	at br.com.casadocodigo.loja.conf.AppWebConfiguration.mailSender(AppWebConfiguration.java:179)
	at br.com.casadocodigo.loja.conf.AppWebConfiguration.mailSender(AppWebConfiguration.java:179)
	at br.com.casadocodigo.loja.conf.AppWebConfiguration.mailSender(AppWebConfiguration.java:179)
	at br.com.casadocodigo.loja.conf.AppWebConfiguration.mailSender(AppWebConfiguration.java:179)
	at br.com.casadocodigo.loja.conf.AppWebConfiguration.mailSender(AppWebConfiguration.java:179)
	at br.com.casadocodigo.loja.conf.AppWebConfiguration.mailSender(AppWebConfiguration.java:179)
	at br.com.casadocodigo.loja.conf.AppWebConfiguration.mailSender(AppWebConfiguration.java:179)
	at br.com.casadocodigo.loja.conf.AppWebConfiguration.mailSender(AppWebConfiguration.java:179)
	at br.com.casadocodigo.loja.conf.AppWebConfiguration.mailSender(AppWebConfiguration.java:179)
	at br.com.casadocodigo.loja.conf.AppWebConfiguration.mailSender(AppWebConfiguration.java:179)
	at br.com.casadocodigo.loja.conf.AppWebConfiguration.mailSender(AppWebConfiguration.java:179)
	at br.com.casadocodigo.loja.conf.AppWebConfiguration.mailSender(AppWebConfiguration.java:179)
	at br.com.casadocodigo.loja.conf.AppWebConfiguration.mailSender(AppWebConfiguration.java:179)
	at br.com.casadocodigo.loja.conf.AppWebConfiguration.mailSender(AppWebConfiguration.java:179)
	at br.com.casadocodigo.loja.conf.AppWebConfiguration.mailSender(AppWebConfiguration.java:179)
	at br.com.casadocodigo.loja.conf.AppWebConfiguration.mailSender(AppWebConfiguration.java:179)
	at br.com.casadocodigo.loja.conf.AppWebConfiguration.mailSender(AppWebConfiguration.java:179)
	at br.com.casadocodigo.loja.conf.AppWebConfiguration.mailSender(AppWebConfiguration.java:179)
	at br.com.casadocodigo.loja.conf.AppWebConfiguration.mailSender(AppWebConfiguration.java:179)
	at br.com.casadocodigo.loja.conf.AppWebConfiguration.mailSender(AppWebConfiguration.java:179)
	at br.com.casadocodigo.loja.conf.AppWebConfiguration.mailSender(AppWebConfiguration.java:179)
	at br.com.casadocodigo.loja.conf.AppWebConfiguration.mailSender(AppWebConfiguration.java:179)
	at br.com.casadocodigo.loja.conf.AppWebConfiguration.mailSender(AppWebConfiguration.java:179)
	at br.com.casadocodigo.loja.conf.AppWebConfiguration.mailSender(AppWebConfiguration.java:179)
	at br.com.casadocodigo.loja.conf.AppWebConfiguration.mailSender(AppWebConfiguration.java:179)
	at br.com.casadocodigo.loja.conf.AppWebConfiguration.mailSender(AppWebConfiguration.java:179)
	at br.com.casadocodigo.loja.conf.AppWebConfiguration.mailSender(AppWebConfiguration.java:179)
	at br.com.casadocodigo.loja.conf.AppWebConfiguration.mailSender(AppWebConfiguration.java:179)
	at br.com.casadocodigo.loja.conf.AppWebConfiguration.mailSender(AppWebConfiguration.java:179)
	at br.com.casadocodigo.loja.conf.AppWebConfiguration.mailSender(AppWebConfiguration.java:179)
	at br.com.casadocodigo.loja.conf.AppWebConfiguration.mailSender(AppWebConfiguration.java:179)
	at br.com.casadocodigo.loja.conf.AppWebConfiguration.mailSender(AppWebConfiguration.java:179)
	at br.com.casadocodigo.loja.conf.AppWebConfiguration.mailSender(AppWebConfiguration.java:179)
	at br.com.casadocodigo.loja.conf.AppWebConfiguration.mailSender(AppWebConfiguration.java:179)
	at br.com.casadocodigo.loja.conf.AppWebConfiguration.mailSender(AppWebConfiguration.java:179)
	at br.com.casadocodigo.loja.conf.AppWebConfiguration.mailSender(AppWebConfiguration.java:179)
	at br.com.casadocodigo.loja.conf.AppWebConfiguration.mailSender(AppWebConfiguration.java:179)
	at br.com.casadocodigo.loja.conf.AppWebConfiguration.mailSender(AppWebConfiguration.java:179)
	at br.com.casadocodigo.loja.conf.AppWebConfiguration.mailSender(AppWebConfiguration.java:179)
	at br.com.casadocodigo.loja.conf.AppWebConfiguration.mailSender(AppWebConfiguration.java:179)
	at br.com.casadocodigo.loja.conf.AppWebConfiguration.mailSender(AppWebConfiguration.java:179)
	at br.com.casadocodigo.loja.conf.AppWebConfiguration.mailSender(AppWebConfiguration.java:179)
	at br.com.casadocodigo.loja.conf.AppWebConfiguration.mailSender(AppWebConfiguration.java:179)
	at br.com.casadocodigo.loja.conf.AppWebConfiguration.mailSender(AppWebConfiguration.java:179)
	at br.com.casadocodigo.loja.conf.AppWebConfiguration.mailSender(AppWebConfiguration.java:179)
	at br.com.casadocodigo.loja.conf.AppWebConfiguration.mailSender(AppWebConfiguration.java:179)
	at br.com.casadocodigo.loja.conf.AppWebConfiguration.mailSender(AppWebConfiguration.java:179)
	at br.com.casadocodigo.loja.conf.AppWebConfiguration.mailSender(AppWebConfiguration.java:179)
	at br.com.casadocodigo.loja.conf.AppWebConfiguration.mailSender(AppWebConfiguration.java:179)
	at br.com.casadocodigo.loja.conf.AppWebConfiguration.mailSender(AppWebConfiguration.java:179)
	at br.com.casadocodigo.loja.conf.AppWebConfiguration.mailSender(AppWebConfiguration.java:179)
	at br.com.casadocodigo.loja.conf.AppWebConfiguration.mailSender(AppWebConfiguration.java:179)
	at br.com.casadocodigo.loja.conf.AppWebConfiguration.mailSender(AppWebConfiguration.java:179)
	at br.com.casadocodigo.loja.conf.AppWebConfiguration.mailSender(AppWebConfiguration.java:179)
	at br.com.casadocodigo.loja.conf.AppWebConfiguration.mailSender(AppWebConfiguration.java:179)
	at br.com.casadocodigo.loja.conf.AppWebConfiguration.mailSender(AppWebConfiguration.java:179)
	at br.com.casadocodigo.loja.conf.AppWebConfiguration.mailSender(AppWebConfiguration.java:179)
	at br.com.casadocodigo.loja.conf.AppWebConfiguration.mailSender(AppWebConfiguration.java:179)
	at br.com.casadocodigo.loja.conf.AppWebConfiguration.mailSender(AppWebConfiguration.java:179)
	at br.com.casadocodigo.loja.conf.AppWebConfiguration.mailSender(AppWebConfiguration.java:179)
	at br.com.casadocodigo.loja.conf.AppWebConfiguration.mailSender(AppWebConfiguration.java:179)
	at br.com.casadocodigo.loja.conf.AppWebConfiguration.mailSender(AppWebConfiguration.java:179)
	at br.com.casadocodigo.loja.conf.AppWebConfiguration.mailSender(AppWebConfiguration.java:179)
	at br.com.casadocodigo.loja.conf.AppWebConfiguration.mailSender(AppWebConfiguration.java:179)
	at br.com.casadocodigo.loja.conf.AppWebConfiguration.mailSender(AppWebConfiguration.java:179)
	at br.com.casadocodigo.loja.conf.AppWebConfiguration.mailSender(AppWebConfiguration.java:179)
	at br.com.casadocodigo.loja.conf.AppWebConfiguration.mailSender(AppWebConfiguration.java:179)
	at br.com.casadocodigo.loja.conf.AppWebConfiguration.mailSender(AppWebConfiguration.java:179)
	at br.com.casadocodigo.loja.conf.AppWebConfiguration.mailSender(AppWebConfiguration.java:179)
	at br.com.casadocodigo.loja.conf.AppWebConfiguration.mailSender(AppWebConfiguration.java:179)
	at br.com.casadocodigo.loja.conf.AppWebConfiguration.mailSender(AppWebConfiguration.java:179)
	at br.com.casadocodigo.loja.conf.AppWebConfiguration.mailSender(AppWebConfiguration.java:179)
	at br.com.casadocodigo.loja.conf.AppWebConfiguration.mailSender(AppWebConfiguration.java:179)
	at br.com.casadocodigo.loja.conf.AppWebConfiguration.mailSender(AppWebConfiguration.java:179)
	at br.com.casadocodigo.loja.conf.AppWebConfiguration.mailSender(AppWebConfiguration.java:179)
	at br.com.casadocodigo.loja.conf.AppWebConfiguration.mailSender(AppWebConfiguration.java:179)
	at br.com.casadocodigo.loja.conf.AppWebConfiguration.mailSender(AppWebConfiguration.java:179)
	at br.com.casadocodigo.loja.conf.AppWebConfiguration.mailSender(AppWebConfiguration.java:179)
	at br.com.casadocodigo.loja.conf.AppWebConfiguration.mailSender(AppWebConfiguration.java:179)
	at br.com.casadocodigo.loja.conf.AppWebConfiguration.mailSender(AppWebConfiguration.java:179)
	at br.com.casadocodigo.loja.conf.AppWebConfiguration.mailSender(AppWebConfiguration.java:179)
	at br.com.casadocodigo.loja.conf.AppWebConfiguration.mailSender(AppWebConfiguration.java:179)
	at br.com.casadocodigo.loja.conf.AppWebConfiguration.mailSender(AppWebConfiguration.java:179)
	at br.com.casadocodigo.loja.conf.AppWebConfiguration.mailSender(AppWebConfiguration.java:179)
	at br.com.casadocodigo.loja.conf.AppWebConfiguration.mailSender(AppWebConfiguration.java:179)
	at br.com.casadocodigo.loja.conf.AppWebConfiguration.mailSender(AppWebConfiguration.java:179)
	at br.com.casadocodigo.loja.conf.AppWebConfiguration.mailSender(AppWebConfiguration.java:179)
	at br.com.casadocodigo.loja.conf.AppWebConfiguration.mailSender(AppWebConfiguration.java:179)
	at br.com.casadocodigo.loja.conf.AppWebConfiguration.mailSender(AppWebConfiguration.java:179)
	at br.com.casadocodigo.loja.conf.AppWebConfiguration.mailSender(AppWebConfiguration.java:179)
	at br.com.casadocodigo.loja.conf.AppWebConfiguration.mailSender(AppWebConfiguration.java:179)
	at br.com.casadocodigo.loja.conf.AppWebConfiguration.mailSender(AppWebConfiguration.java:179)
	at br.com.casadocodigo.loja.conf.AppWebConfiguration.mailSender(AppWebConfiguration.java:179)
	at br.com.casadocodigo.loja.conf.AppWebConfiguration.mailSender(AppWebConfiguration.java:179)
	at br.com.casadocodigo.loja.conf.AppWebConfiguration.mailSender(AppWebConfiguration.java:179)
	at br.com.casadocodigo.loja.conf.AppWebConfiguration.mailSender(AppWebConfiguration.java:179)
	at br.com.casadocodigo.loja.conf.AppWebConfiguration.mailSender(AppWebConfiguration.java:179)
	at br.com.casadocodigo.loja.conf.AppWebConfiguration.mailSender(AppWebConfiguration.java:179)
	at br.com.casadocodigo.loja.conf.AppWebConfiguration.mailSender(AppWebConfiguration.java:179)
	at br.com.casadocodigo.loja.conf.AppWebConfiguration.mailSender(AppWebConfiguration.java:179)
	at br.com.casadocodigo.loja.conf.AppWebConfiguration.mailSender(AppWebConfiguration.java:179)
	at br.com.casadocodigo.loja.conf.AppWebConfiguration.mailSender(AppWebConfiguration.java:179)
	at br.com.casadocodigo.loja.conf.AppWebConfiguration.mailSender(AppWebConfiguration.java:179)
	at br.com.casadocodigo.loja.conf.AppWebConfiguration.mailSender(AppWebConfiguration.java:179)
	at br.com.casadocodigo.loja.conf.AppWebConfiguration.mailSender(AppWebConfiguration.java:179)
	at br.com.casadocodigo.loja.conf.AppWebConfiguration.mailSender(AppWebConfiguration.java:179)
	at br.com.casadocodigo.loja.conf.AppWebConfiguration.mailSender(AppWebConfiguration.java:179)
	at br.com.casadocodigo.loja.conf.AppWebConfiguration.mailSender(AppWebConfiguration.java:179)
	at br.com.casadocodigo.loja.conf.AppWebConfiguration.mailSender(AppWebConfiguration.java:179)
	at br.com.casadocodigo.loja.conf.AppWebConfiguration.mailSender(AppWebConfiguration.java:179)
	at br.com.casadocodigo.loja.conf.AppWebConfiguration.mailSender(AppWebConfiguration.java:179)
	at br.com.casadocodigo.loja.conf.AppWebConfiguration.mailSender(AppWebConfiguration.java:179)
	at br.com.casadocodigo.loja.conf.AppWebConfiguration.mailSender(AppWebConfiguration.java:179)
	at br.com.casadocodigo.loja.conf.AppWebConfiguration.mailSender(AppWebConfiguration.java:179)
	at br.com.casadocodigo.loja.conf.AppWebConfiguration.mailSender(AppWebConfiguration.java:179)
	at br.com.casadocodigo.loja.conf.AppWebConfiguration.mailSender(AppWebConfiguration.java:179)
	at br.com.casadocodigo.loja.conf.AppWebConfiguration.mailSender(AppWebConfiguration.java:179)
	at br.com.casadocodigo.loja.conf.AppWebConfiguration.mailSender(AppWebConfiguration.java:179)
	at br.com.casadocodigo.loja.conf.AppWebConfiguration.mailSender(AppWebConfiguration.java:179)
	at br.com.casadocodigo.loja.conf.AppWebConfiguration.mailSender(AppWebConfiguration.java:179)
	at br.com.casadocodigo.loja.conf.AppWebConfiguration.mailSender(AppWebConfiguration.java:179)
	at br.com.casadocodigo.loja.conf.AppWebConfiguration.mailSender(AppWebConfiguration.java:179)
	at br.com.casadocodigo.loja.conf.AppWebConfiguration.mailSender(AppWebConfiguration.java:179)
	at br.com.casadocodigo.loja.conf.AppWebConfiguration.mailSender(AppWebConfiguration.java:179)
	at br.com.casadocodigo.loja.conf.AppWebConfiguration.mailSender(AppWebConfiguration.java:179)
	at br.com.casadocodigo.loja.conf.AppWebConfiguration.mailSender(AppWebConfiguration.java:179)
	at br.com.casadocodigo.loja.conf.AppWebConfiguration.mailSender(AppWebConfiguration.java:179)
	at br.com.casadocodigo.loja.conf.AppWebConfiguration.mailSender(AppWebConfiguration.java:179)
	at br.com.casadocodigo.loja.conf.AppWebConfiguration.mailSender(AppWebConfiguration.java:179)
	at br.com.casadocodigo.loja.conf.AppWebConfiguration.mailSender(AppWebConfiguration.java:179)
	at br.com.casadocodigo.loja.conf.AppWebConfiguration.mailSender(AppWebConfiguration.java:179)
	at br.com.casadocodigo.loja.conf.AppWebConfiguration.mailSender(AppWebConfiguration.java:179)
	at br.com.casadocodigo.loja.conf.AppWebConfiguration.mailSender(AppWebConfiguration.java:179)
	at br.com.casadocodigo.loja.conf.AppWebConfiguration.mailSender(AppWebConfiguration.java:179)
	at br.com.casadocodigo.loja.conf.AppWebConfiguration.mailSender(AppWebConfiguration.java:179)
	at br.com.casadocodigo.loja.conf.AppWebConfiguration.mailSender(AppWebConfiguration.java:179)
	at br.com.casadocodigo.loja.conf.AppWebConfiguration.mailSender(AppWebConfiguration.java:179)
	at br.com.casadocodigo.loja.conf.AppWebConfiguration.mailSender(AppWebConfiguration.java:179)
	at br.com.casadocodigo.loja.conf.AppWebConfiguration.mailSender(AppWebConfiguration.java:179)
	at br.com.casadocodigo.loja.conf.AppWebConfiguration.mailSender(AppWebConfiguration.java:179)
	at br.com.casadocodigo.loja.conf.AppWebConfiguration.mailSender(AppWebConfiguration.java:179)
	at br.com.casadocodigo.loja.conf.AppWebConfiguration.mailSender(AppWebConfiguration.java:179)
	at br.com.casadocodigo.loja.conf.AppWebConfiguration.mailSender(AppWebConfiguration.java:179)
	at br.com.casadocodigo.loja.conf.AppWebConfiguration.mailSender(AppWebConfiguration.java:179)
	at br.com.casadocodigo.loja.conf.AppWebConfiguration.mailSender(AppWebConfiguration.java:179)
	at br.com.casadocodigo.loja.conf.AppWebConfiguration.mailSender(AppWebConfiguration.java:179)
	at br.com.casadocodigo.loja.conf.AppWebConfiguration.mailSender(AppWebConfiguration.java:179)
	at br.com.casadocodigo.loja.conf.AppWebConfiguration.mailSender(AppWebConfiguration.java:179)
	at br.com.casadocodigo.loja.conf.AppWebConfiguration.mailSender(AppWebConfiguration.java:179)
	at br.com.casadocodigo.loja.conf.AppWebConfiguration.mailSender(AppWebConfiguration.java:179)
	at br.com.casadocodigo.loja.conf.AppWebConfiguration.mailSender(AppWebConfiguration.java:179)
	at br.com.casadocodigo.loja.conf.AppWebConfiguration.mailSender(AppWebConfiguration.java:179)
	at br.com.casadocodigo.loja.conf.AppWebConfiguration.mailSender(AppWebConfiguration.java:179)
	at br.com.casadocodigo.loja.conf.AppWebConfiguration.mailSender(AppWebConfiguration.java:179)
	at br.com.casadocodigo.loja.conf.AppWebConfiguration.mailSender(AppWebConfiguration.java:179)
	at br.com.casadocodigo.loja.conf.AppWebConfiguration.mailSender(AppWebConfiguration.java:179)
	at br.com.casadocodigo.loja.conf.AppWebConfiguration.mailSender(AppWebConfiguration.java:179)
	at br.com.casadocodigo.loja.conf.AppWebConfiguration.mailSender(AppWebConfiguration.java:179)
	at br.com.casadocodigo.loja.conf.AppWebConfiguration.mailSender(AppWebConfiguration.java:179)
	at br.com.casadocodigo.loja.conf.AppWebConfiguration.mailSender(AppWebConfiguration.java:179)
	at br.com.casadocodigo.loja.conf.AppWebConfiguration.mailSender(AppWebConfiguration.java:179)
	at br.com.casadocodigo.loja.conf.AppWebConfiguration.mailSender(AppWebConfiguration.java:179)
	at br.com.casadocodigo.loja.conf.AppWebConfiguration.mailSender(AppWebConfiguration.java:179)
	at br.com.casadocodigo.loja.conf.AppWebConfiguration.mailSender(AppWebConfiguration.java:179)
	at br.com.casadocodigo.loja.conf.AppWebConfiguration.mailSender(AppWebConfiguration.java:179)
	at br.com.casadocodigo.loja.conf.AppWebConfiguration.mailSender(AppWebConfiguration.java:179)
	at br.com.casadocodigo.loja.conf.AppWebConfiguration.mailSender(AppWebConfiguration.java:179)
	at br.com.casadocodigo.loja.conf.AppWebConfiguration.mailSender(AppWebConfiguration.java:179)
	at br.com.casadocodigo.loja.conf.AppWebConfiguration.mailSender(AppWebConfiguration.java:179)
	at br.com.casadocodigo.loja.conf.AppWebConfiguration.mailSender(AppWebConfiguration.java:179)
	at br.com.casadocodigo.loja.conf.AppWebConfiguration.mailSender(AppWebConfiguration.java:179)
	at br.com.casadocodigo.loja.conf.AppWebConfiguration.mailSender(AppWebConfiguration.java:179)
	at br.com.casadocodigo.loja.conf.AppWebConfiguration.mailSender(AppWebConfiguration.java:179)
	at br.com.casadocodigo.loja.conf.AppWebConfiguration.mailSender(AppWebConfiguration.java:179)
	at br.com.casadocodigo.loja.conf.AppWebConfiguration.mailSender(AppWebConfiguration.java:179)
	at br.com.casadocodigo.loja.conf.AppWebConfiguration.mailSender(AppWebConfiguration.java:179)
	at br.com.casadocodigo.loja.conf.AppWebConfiguration.mailSender(AppWebConfiguration.java:179)
	at br.com.casadocodigo.loja.conf.AppWebConfiguration.mailSender(AppWebConfiguration.java:179)
	at br.com.casadocodigo.loja.conf.AppWebConfiguration.mailSender(AppWebConfiguration.java:179)
	at br.com.casadocodigo.loja.conf.AppWebConfiguration.mailSender(AppWebConfiguration.java:179)
	at br.com.casadocodigo.loja.conf.AppWebConfiguration.mailSender(AppWebConfiguration.java:179)
	at br.com.casadocodigo.loja.conf.AppWebConfiguration.mailSender(AppWebConfiguration.java:179)
	at br.com.casadocodigo.loja.conf.AppWebConfiguration.mailSender(AppWebConfiguration.java:179)
	at br.com.casadocodigo.loja.conf.AppWebConfiguration.mailSender(AppWebConfiguration.java:179)
	at br.com.casadocodigo.loja.conf.AppWebConfiguration.mailSender(AppWebConfiguration.java:179)
	at br.com.casadocodigo.loja.conf.AppWebConfiguration.mailSender(AppWebConfiguration.java:179)
	at br.com.casadocodigo.loja.conf.AppWebConfiguration.mailSender(AppWebConfiguration.java:179)
	at br.com.casadocodigo.loja.conf.AppWebConfiguration.mailSender(AppWebConfiguration.java:179)
	at br.com.casadocodigo.loja.conf.AppWebConfiguration.mailSender(AppWebConfiguration.java:179)
	at br.com.casadocodigo.loja.conf.AppWebConfiguration.mailSender(AppWebConfiguration.java:179)
	at br.com.casadocodigo.loja.conf.AppWebConfiguration.mailSender(AppWebConfiguration.java:179)
	at br.com.casadocodigo.loja.conf.AppWebConfiguration.mailSender(AppWebConfiguration.java:179)
	at br.com.casadocodigo.loja.conf.AppWebConfiguration.mailSender(AppWebConfiguration.java:179)
	at br.com.casadocodigo.loja.conf.AppWebConfiguration.mailSender(AppWebConfiguration.java:179)
	at br.com.casadocodigo.loja.conf.AppWebConfiguration.mailSender(AppWebConfiguration.java:179)
	at br.com.casadocodigo.loja.conf.AppWebConfiguration.mailSender(AppWebConfiguration.java:179)
	at br.com.casadocodigo.loja.conf.AppWebConfiguration.mailSender(AppWebConfiguration.java:179)
	at br.com.casadocodigo.loja.conf.AppWebConfiguration.mailSender(AppWebConfiguration.java:179)
	at br.com.casadocodigo.loja.conf.AppWebConfiguration.mailSender(AppWebConfiguration.java:179)
	at br.com.casadocodigo.loja.conf.AppWebConfiguration.mailSender(AppWebConfiguration.java:179)
	at br.com.casadocodigo.loja.conf.AppWebConfiguration.mailSender(AppWebConfiguration.java:179)
	at br.com.casadocodigo.loja.conf.AppWebConfiguration.mailSender(AppWebConfiguration.java:179)
	at br.com.casadocodigo.loja.conf.AppWebConfiguration.mailSender(AppWebConfiguration.java:179)
	at br.com.casadocodigo.loja.conf.AppWebConfiguration.mailSender(AppWebConfiguration.java:179)
	at br.com.casadocodigo.loja.conf.AppWebConfiguration.mailSender(AppWebConfiguration.java:179)
	at br.com.casadocodigo.loja.conf.AppWebConfiguration.mailSender(AppWebConfiguration.java:179)
	at br.com.casadocodigo.loja.conf.AppWebConfiguration.mailSender(AppWebConfiguration.java:179)
	at br.com.casadocodigo.loja.conf.AppWebConfiguration.mailSender(AppWebConfiguration.java:179)
	at br.com.casadocodigo.loja.conf.AppWebConfiguration.mailSender(AppWebConfiguration.java:179)
	at br.com.casadocodigo.loja.conf.AppWebConfiguration.mailSender(AppWebConfiguration.java:179)
	at br.com.casadocodigo.loja.conf.AppWebConfiguration.mailSender(AppWebConfiguration.java:179)
	at br.com.casadocodigo.loja.conf.AppWebConfiguration.mailSender(AppWebConfiguration.java:179)
	at br.com.casadocodigo.loja.conf.AppWebConfiguration.mailSender(AppWebConfiguration.java:179)
	at br.com.casadocodigo.loja.conf.AppWebConfiguration.mailSender(AppWebConfiguration.java:179)
	at br.com.casadocodigo.loja.conf.AppWebConfiguration.mailSender(AppWebConfiguration.java:179)
	at br.com.casadocodigo.loja.conf.AppWebConfiguration.mailSender(AppWebConfiguration.java:179)
	at br.com.casadocodigo.loja.conf.AppWebConfiguration.mailSender(AppWebConfiguration.java:179)
	at br.com.casadocodigo.loja.conf.AppWebConfiguration.mailSender(AppWebConfiguration.java:179)
	at br.com.casadocodigo.loja.conf.AppWebConfiguration.mailSender(AppWebConfiguration.java:179)
	at br.com.casadocodigo.loja.conf.AppWebConfiguration.mailSender(AppWebConfiguration.java:179)
	at br.com.casadocodigo.loja.conf.AppWebConfiguration.mailSender(AppWebConfiguration.java:179)
	at br.com.casadocodigo.loja.conf.AppWebConfiguration.mailSender(AppWebConfiguration.java:179)
	at br.com.casadocodigo.loja.conf.AppWebConfiguration.mailSender(AppWebConfiguration.java:179)
	at br.com.casadocodigo.loja.conf.AppWebConfiguration.mailSender(AppWebConfiguration.java:179)
	at br.com.casadocodigo.loja.conf.AppWebConfiguration.mailSender(AppWebConfiguration.java:179)
	at br.com.casadocodigo.loja.conf.AppWebConfiguration.mailSender(AppWebConfiguration.java:179)
	at br.com.casadocodigo.loja.conf.AppWebConfiguration.mailSender(AppWebConfiguration.java:179)
	at br.com.casadocodigo.loja.conf.AppWebConfiguration.mailSender(AppWebConfiguration.java:179)
	at br.com.casadocodigo.loja.conf.AppWebConfiguration.mailSender(AppWebConfiguration.java:179)
	at br.com.casadocodigo.loja.conf.AppWebConfiguration.mailSender(AppWebConfiguration.java:179)
	at br.com.casadocodigo.loja.conf.AppWebConfiguration.mailSender(AppWebConfiguration.java:179)
	at br.com.casadocodigo.loja.conf.AppWebConfiguration.mailSender(AppWebConfiguration.java:179)
	at br.com.casadocodigo.loja.conf.AppWebConfiguration.mailSender(AppWebConfiguration.java:179)
	at br.com.casadocodigo.loja.conf.AppWebConfiguration.mailSender(AppWebConfiguration.java:179)
	at br.com.casadocodigo.loja.conf.AppWebConfiguration.mailSender(AppWebConfiguration.java:179)
	at br.com.casadocodigo.loja.conf.AppWebConfiguration.mailSender(AppWebConfiguration.java:179)
	at br.com.casadocodigo.loja.conf.AppWebConfiguration.mailSender(AppWebConfiguration.java:179)
	at br.com.casadocodigo.loja.conf.AppWebConfiguration.mailSender(AppWebConfiguration.java:179)
	at br.com.casadocodigo.loja.conf.AppWebConfiguration.mailSender(AppWebConfiguration.java:179)
	at br.com.casadocodigo.loja.conf.AppWebConfiguration.mailSender(AppWebConfiguration.java:179)
	at br.com.casadocodigo.loja.conf.AppWebConfiguration.mailSender(AppWebConfiguration.java:179)
	at br.com.casadocodigo.loja.conf.AppWebConfiguration.mailSender(AppWebConfiguration.java:179)
	at br.com.casadocodigo.loja.conf.AppWebConfiguration.mailSender(AppWebConfiguration.java:179)
	at br.com.casadocodigo.loja.conf.AppWebConfiguration.mailSender(AppWebConfiguration.java:179)
	at br.com.casadocodigo.loja.conf.AppWebConfiguration.mailSender(AppWebConfiguration.java:179)
	at br.com.casadocodigo.loja.conf.AppWebConfiguration.mailSender(AppWebConfiguration.java:179)
	at br.com.casadocodigo.loja.conf.AppWebConfiguration.mailSender(AppWebConfiguration.java:179)
	at br.com.casadocodigo.loja.conf.AppWebConfiguration.mailSender(AppWebConfiguration.java:179)
	at br.com.casadocodigo.loja.conf.AppWebConfiguration.mailSender(AppWebConfiguration.java:179)
	at br.com.casadocodigo.loja.conf.AppWebConfiguration.mailSender(AppWebConfiguration.java:179)
	at br.com.casadocodigo.loja.conf.AppWebConfiguration.mailSender(AppWebConfiguration.java:179)
	at br.com.casadocodigo.loja.conf.AppWebConfiguration.mailSender(AppWebConfiguration.java:179)
	at br.com.casadocodigo.loja.conf.AppWebConfiguration.mailSender(AppWebConfiguration.java:179)
	at br.com.casadocodigo.loja.conf.AppWebConfiguration.mailSender(AppWebConfiguration.java:179)
	at br.com.casadocodigo.loja.conf.AppWebConfiguration.mailSender(AppWebConfiguration.java:179)
	at br.com.casadocodigo.loja.conf.AppWebConfiguration.mailSender(AppWebConfiguration.java:179)
	at br.com.casadocodigo.loja.conf.AppWebConfiguration.mailSender(AppWebConfiguration.java:179)
	at br.com.casadocodigo.loja.conf.AppWebConfiguration.mailSender(AppWebConfiguration.java:179)
	at br.com.casadocodigo.loja.conf.AppWebConfiguration.mailSender(AppWebConfiguration.java:179)
	at br.com.casadocodigo.loja.conf.AppWebConfiguration.mailSender(AppWebConfiguration.java:179)
	at br.com.casadocodigo.loja.conf.AppWebConfiguration.mailSender(AppWebConfiguration.java:179)
	at br.com.casadocodigo.loja.conf.AppWebConfiguration.mailSender(AppWebConfiguration.java:179)
	at br.com.casadocodigo.loja.conf.AppWebConfiguration.mailSender(AppWebConfiguration.java:179)
	at br.com.casadocodigo.loja.conf.AppWebConfiguration.mailSender(AppWebConfiguration.java:179)
	at br.com.casadocodigo.loja.conf.AppWebConfiguration.mailSender(AppWebConfiguration.java:179)
	at br.com.casadocodigo.loja.conf.AppWebConfiguration.mailSender(AppWebConfiguration.java:179)
	at br.com.casadocodigo.loja.conf.AppWebConfiguration.mailSender(AppWebConfiguration.java:179)
	at br.com.casadocodigo.loja.conf.AppWebConfiguration.mailSender(AppWebConfiguration.java:179)
	at br.com.casadocodigo.loja.conf.AppWebConfiguration.mailSender(AppWebConfiguration.java:179)
	at br.com.casadocodigo.loja.conf.AppWebConfiguration.mailSender(AppWebConfiguration.java:179)
	at br.com.casadocodigo.loja.conf.AppWebConfiguration.mailSender(AppWebConfiguration.java:179)
	at br.com.casadocodigo.loja.conf.AppWebConfiguration.mailSender(AppWebConfiguration.java:179)
	at br.com.casadocodigo.loja.conf.AppWebConfiguration.mailSender(AppWebConfiguration.java:179)
	at br.com.casadocodigo.loja.conf.AppWebConfiguration.mailSender(AppWebConfiguration.java:179)
	at br.com.casadocodigo.loja.conf.AppWebConfiguration.mailSender(AppWebConfiguration.java:179)
	at br.com.casadocodigo.loja.conf.AppWebConfiguration.mailSender(AppWebConfiguration.java:179)
	at br.com.casadocodigo.loja.conf.AppWebConfiguration.mailSender(AppWebConfiguration.java:179)
	at br.com.casadocodigo.loja.conf.AppWebConfiguration.mailSender(AppWebConfiguration.java:179)
	at br.com.casadocodigo.loja.conf.AppWebConfiguration.mailSender(AppWebConfiguration.java:179)
	at br.com.casadocodigo.loja.conf.AppWebConfiguration.mailSender(AppWebConfiguration.java:179)
	at br.com.casadocodigo.loja.conf.AppWebConfiguration.mailSender(AppWebConfiguration.java:179)
	at br.com.casadocodigo.loja.conf.AppWebConfiguration.mailSender(AppWebConfiguration.java:179)
	at br.com.casadocodigo.loja.conf.AppWebConfiguration.mailSender(AppWebConfiguration.java:179)
	at br.com.casadocodigo.loja.conf.AppWebConfiguration.mailSender(AppWebConfiguration.java:179)
	at br.com.casadocodigo.loja.conf.AppWebConfiguration.mailSender(AppWebConfiguration.java:179)
	at br.com.casadocodigo.loja.conf.AppWebConfiguration.mailSender(AppWebConfiguration.java:179)
	at br.com.casadocodigo.loja.conf.AppWebConfiguration.mailSender(AppWebConfiguration.java:179)
	at br.com.casadocodigo.loja.conf.AppWebConfiguration.mailSender(AppWebConfiguration.java:179)
	at br.com.casadocodigo.loja.conf.AppWebConfiguration.mailSender(AppWebConfiguration.java:179)
	at br.com.casadocodigo.loja.conf.AppWebConfiguration.mailSender(AppWebConfiguration.java:179)
	at br.com.casadocodigo.loja.conf.AppWebConfiguration.mailSender(AppWebConfiguration.java:179)
	at br.com.casadocodigo.loja.conf.AppWebConfiguration.mailSender(AppWebConfiguration.java:179)
	at br.com.casadocodigo.loja.conf.AppWebConfiguration.mailSender(AppWebConfiguration.java:179)
	at br.com.casadocodigo.loja.conf.AppWebConfiguration.mailSender(AppWebConfiguration.java:179)
	at br.com.casadocodigo.loja.conf.AppWebConfiguration.mailSender(AppWebConfiguration.java:179)
	at br.com.casadocodigo.loja.conf.AppWebConfiguration.mailSender(AppWebConfiguration.java:179)
	at br.com.casadocodigo.loja.conf.AppWebConfiguration.mailSender(AppWebConfiguration.java:179)
	at br.com.casadocodigo.loja.conf.AppWebConfiguration.mailSender(AppWebConfiguration.java:179)
	at br.com.casadocodigo.loja.conf.AppWebConfiguration.mailSender(AppWebConfiguration.java:179)
	at br.com.casadocodigo.loja.conf.AppWebConfiguration.mailSender(AppWebConfiguration.java:179)
	at br.com.casadocodigo.loja.conf.AppWebConfiguration.mailSender(AppWebConfiguration.java:179)
	at br.com.casadocodigo.loja.conf.AppWebConfiguration.mailSender(AppWebConfiguration.java:179)
	at br.com.casadocodigo.loja.conf.AppWebConfiguration.mailSender(AppWebConfiguration.java:179)
	at br.com.casadocodigo.loja.conf.AppWebConfiguration.mailSender(AppWebConfiguration.java:179)
	at br.com.casadocodigo.loja.conf.AppWebConfiguration.mailSender(AppWebConfiguration.java:179)
	at br.com.casadocodigo.loja.conf.AppWebConfiguration.mailSender(AppWebConfiguration.java:179)
	at br.com.casadocodigo.loja.conf.AppWebConfiguration.mailSender(AppWebConfiguration.java:179)
	at br.com.casadocodigo.loja.conf.AppWebConfiguration.mailSender(AppWebConfiguration.java:179)
	at br.com.casadocodigo.loja.conf.AppWebConfiguration.mailSender(AppWebConfiguration.java:179)
	at br.com.casadocodigo.loja.conf.AppWebConfiguration.mailSender(AppWebConfiguration.java:179)
	at br.com.casadocodigo.loja.conf.AppWebConfiguration.mailSender(AppWebConfiguration.java:179)
	at br.com.casadocodigo.loja.conf.AppWebConfiguration.mailSender(AppWebConfiguration.java:179)
	at br.com.casadocodigo.loja.conf.AppWebConfiguration.mailSender(AppWebConfiguration.java:179)
	at br.com.casadocodigo.loja.conf.AppWebConfiguration.mailSender(AppWebConfiguration.java:179)
	at br.com.casadocodigo.loja.conf.AppWebConfiguration.mailSender(AppWebConfiguration.java:179)
	at br.com.casadocodigo.loja.conf.AppWebConfiguration.mailSender(AppWebConfiguration.java:179)
	at br.com.casadocodigo.loja.conf.AppWebConfiguration.mailSender(AppWebConfiguration.java:179)
	at br.com.casadocodigo.loja.conf.AppWebConfiguration.mailSender(AppWebConfiguration.java:179)
	at br.com.casadocodigo.loja.conf.AppWebConfiguration.mailSender(AppWebConfiguration.java:179)
	at br.com.casadocodigo.loja.conf.AppWebConfiguration.mailSender(AppWebConfiguration.java:179)
	at br.com.casadocodigo.loja.conf.AppWebConfiguration.mailSender(AppWebConfiguration.java:179)
	at br.com.casadocodigo.loja.conf.AppWebConfiguration.mailSender(AppWebConfiguration.java:179)
	at br.com.casadocodigo.loja.conf.AppWebConfiguration.mailSender(AppWebConfiguration.java:179)
	at br.com.casadocodigo.loja.conf.AppWebConfiguration.mailSender(AppWebConfiguration.java:179)
	at br.com.casadocodigo.loja.conf.AppWebConfiguration.mailSender(AppWebConfiguration.java:179)
	at br.com.casadocodigo.loja.conf.AppWebConfiguration.mailSender(AppWebConfiguration.java:179)
	at br.com.casadocodigo.loja.conf.AppWebConfiguration.mailSender(AppWebConfiguration.java:179)
	at br.com.casadocodigo.loja.conf.AppWebConfiguration.mailSender(AppWebConfiguration.java:179)
	at br.com.casadocodigo.loja.conf.AppWebConfiguration.mailSender(AppWebConfiguration.java:179)
	at br.com.casadocodigo.loja.conf.AppWebConfiguration.mailSender(AppWebConfiguration.java:179)
	at br.com.casadocodigo.loja.conf.AppWebConfiguration.mailSender(AppWebConfiguration.java:179)
	at br.com.casadocodigo.loja.conf.AppWebConfiguration.mailSender(AppWebConfiguration.java:179)
	at br.com.casadocodigo.loja.conf.AppWebConfiguration.mailSender(AppWebConfiguration.java:179)
	at br.com.casadocodigo.loja.conf.AppWebConfiguration.mailSender(AppWebConfiguration.java:179)
	at br.com.casadocodigo.loja.conf.AppWebConfiguration.mailSender(AppWebConfiguration.java:179)
	at br.com.casadocodigo.loja.conf.AppWebConfiguration.mailSender(AppWebConfiguration.java:179)
	at br.com.casadocodigo.loja.conf.AppWebConfiguration.mailSender(AppWebConfiguration.java:179)
	at br.com.casadocodigo.loja.conf.AppWebConfiguration.mailSender(AppWebConfiguration.java:179)
	at br.com.casadocodigo.loja.conf.AppWebConfiguration.mailSender(AppWebConfiguration.java:179)
	at br.com.casadocodigo.loja.conf.AppWebConfiguration.mailSender(AppWebConfiguration.java:179)
	at br.com.casadocodigo.loja.conf.AppWebConfiguration.mailSender(AppWebConfiguration.java:179)
	at br.com.casadocodigo.loja.conf.AppWebConfiguration.mailSender(AppWebConfiguration.java:179)
	at br.com.casadocodigo.loja.conf.AppWebConfiguration.mailSender(AppWebConfiguration.java:179)
	at br.com.casadocodigo.loja.conf.AppWebConfiguration.mailSender(AppWebConfiguration.java:179)
	at br.com.casadocodigo.loja.conf.AppWebConfiguration.mailSender(AppWebConfiguration.java:179)
	at br.com.casadocodigo.loja.conf.AppWebConfiguration.mailSender(AppWebConfiguration.java:179)
	at br.com.casadocodigo.loja.conf.AppWebConfiguration.mailSender(AppWebConfiguration.java:179)
	at br.com.casadocodigo.loja.conf.AppWebConfiguration.mailSender(AppWebConfiguration.java:179)
	at br.com.casadocodigo.loja.conf.AppWebConfiguration.mailSender(AppWebConfiguration.java:179)
	at br.com.casadocodigo.loja.conf.AppWebConfiguration.mailSender(AppWebConfiguration.java:179)
	at br.com.casadocodigo.loja.conf.AppWebConfiguration.mailSender(AppWebConfiguration.java:179)
	at br.com.casadocodigo.loja.conf.AppWebConfiguration.mailSender(AppWebConfiguration.java:179)
	at br.com.casadocodigo.loja.conf.AppWebConfiguration.mailSender(AppWebConfiguration.java:179)
	at br.com.casadocodigo.loja.conf.AppWebConfiguration.mailSender(AppWebConfiguration.java:179)
	at br.com.casadocodigo.loja.conf.AppWebConfiguration.mailSender(AppWebConfiguration.java:179)
	at br.com.casadocodigo.loja.conf.AppWebConfiguration.mailSender(AppWebConfiguration.java:179)
	at br.com.casadocodigo.loja.conf.AppWebConfiguration.mailSender(AppWebConfiguration.java:179)
	at br.com.casadocodigo.loja.conf.AppWebConfiguration.mailSender(AppWebConfiguration.java:179)
	at br.com.casadocodigo.loja.conf.AppWebConfiguration.mailSender(AppWebConfiguration.java:179)
	at br.com.casadocodigo.loja.conf.AppWebConfiguration.mailSender(AppWebConfiguration.java:179)
	at br.com.casadocodigo.loja.conf.AppWebConfiguration.mailSender(AppWebConfiguration.java:179)
	at br.com.casadocodigo.loja.conf.AppWebConfiguration.mailSender(AppWebConfiguration.java:179)
	at br.com.casadocodigo.loja.conf.AppWebConfiguration.mailSender(AppWebConfiguration.java:179)
	at br.com.casadocodigo.loja.conf.AppWebConfiguration.mailSender(AppWebConfiguration.java:179)
	at br.com.casadocodigo.loja.conf.AppWebConfiguration.mailSender(AppWebConfiguration.java:179)
	at br.com.casadocodigo.loja.conf.AppWebConfiguration.mailSender(AppWebConfiguration.java:179)
	at br.com.casadocodigo.loja.conf.AppWebConfiguration.mailSender(AppWebConfiguration.java:179)
	at br.com.casadocodigo.loja.conf.AppWebConfiguration.mailSender(AppWebConfiguration.java:179)
	at br.com.casadocodigo.loja.conf.AppWebConfiguration.mailSender(AppWebConfiguration.java:179)
	at br.com.casadocodigo.loja.conf.AppWebConfiguration.mailSender(AppWebConfiguration.java:179)
	at br.com.casadocodigo.loja.conf.AppWebConfiguration.mailSender(AppWebConfiguration.java:179)
	at br.com.casadocodigo.loja.conf.AppWebConfiguration.mailSender(AppWebConfiguration.java:179)
	at br.com.casadocodigo.loja.conf.AppWebConfiguration.mailSender(AppWebConfiguration.java:179)
	at br.com.casadocodigo.loja.conf.AppWebConfiguration.mailSender(AppWebConfiguration.java:179)
	at br.com.casadocodigo.loja.conf.AppWebConfiguration.mailSender(AppWebConfiguration.java:179)
	at br.com.casadocodigo.loja.conf.AppWebConfiguration.mailSender(AppWebConfiguration.java:179)
	at br.com.casadocodigo.loja.conf.AppWebConfiguration.mailSender(AppWebConfiguration.java:179)
	at br.com.casadocodigo.loja.conf.AppWebConfiguration.mailSender(AppWebConfiguration.java:179)
	at br.com.casadocodigo.loja.conf.AppWebConfiguration.mailSender(AppWebConfiguration.java:179)
	at br.com.casadocodigo.loja.conf.AppWebConfiguration.mailSender(AppWebConfiguration.java:179)
	at br.com.casadocodigo.loja.conf.AppWebConfiguration.mailSender(AppWebConfiguration.java:179)
	at br.com.casadocodigo.loja.conf.AppWebConfiguration.mailSender(AppWebConfiguration.java:179)
	at br.com.casadocodigo.loja.conf.AppWebConfiguration.mailSender(AppWebConfiguration.java:179)
	at br.com.casadocodigo.loja.conf.AppWebConfiguration.mailSender(AppWebConfiguration.java:179)
	at br.com.casadocodigo.loja.conf.AppWebConfiguration.mailSender(AppWebConfiguration.java:179)
	at br.com.casadocodigo.loja.conf.AppWebConfiguration.mailSender(AppWebConfiguration.java:179)
	at br.com.casadocodigo.loja.conf.AppWebConfiguration.mailSender(AppWebConfiguration.java:179)
	at br.com.casadocodigo.loja.conf.AppWebConfiguration.mailSender(AppWebConfiguration.java:179)
	at br.com.casadocodigo.loja.conf.AppWebConfiguration.mailSender(AppWebConfiguration.java:179)
	at br.com.casadocodigo.loja.conf.AppWebConfiguration.mailSender(AppWebConfiguration.java:179)
	at br.com.casadocodigo.loja.conf.AppWebConfiguration.mailSender(AppWebConfiguration.java:179)
	at br.com.casadocodigo.loja.conf.AppWebConfiguration.mailSender(AppWebConfiguration.java:179)
	at br.com.casadocodigo.loja.conf.AppWebConfiguration.mailSender(AppWebConfiguration.java:179)
	at br.com.casadocodigo.loja.conf.AppWebConfiguration.mailSender(AppWebConfiguration.java:179)
	at br.com.casadocodigo.loja.conf.AppWebConfiguration.mailSender(AppWebConfiguration.java:179)
	at br.com.casadocodigo.loja.conf.AppWebConfiguration.mailSender(AppWebConfiguration.java:179)
	at br.com.casadocodigo.loja.conf.AppWebConfiguration.mailSender(AppWebConfiguration.java:179)
	at br.com.casadocodigo.loja.conf.AppWebConfiguration.mailSender(AppWebConfiguration.java:179)
	at br.com.casadocodigo.loja.conf.AppWebConfiguration.mailSender(AppWebConfiguration.java:179)
	at br.com.casadocodigo.loja.conf.AppWebConfiguration.mailSender(AppWebConfiguration.java:179)
	at br.com.casadocodigo.loja.conf.AppWebConfiguration.mailSender(AppWebConfiguration.java:179)
	at br.com.casadocodigo.loja.conf.AppWebConfiguration.mailSender(AppWebConfiguration.java:179)
	at br.com.casadocodigo.loja.conf.AppWebConfiguration.mailSender(AppWebConfiguration.java:179)
	at br.com.casadocodigo.loja.conf.AppWebConfiguration.mailSender(AppWebConfiguration.java:179)
	at br.com.casadocodigo.loja.conf.AppWebConfiguration.mailSender(AppWebConfiguration.java:179)
	at br.com.casadocodigo.loja.conf.AppWebConfiguration.mailSender(AppWebConfiguration.java:179)
	at br.com.casadocodigo.loja.conf.AppWebConfiguration.mailSender(AppWebConfiguration.java:179)
	at br.com.casadocodigo.loja.conf.AppWebConfiguration.mailSender(AppWebConfiguration.java:179)
	at br.com.casadocodigo.loja.conf.AppWebConfiguration.mailSender(AppWebConfiguration.java:179)
	at br.com.casadocodigo.loja.conf.AppWebConfiguration.mailSender(AppWebConfiguration.java:179)
	at br.com.casadocodigo.loja.conf.AppWebConfiguration.mailSender(AppWebConfiguration.java:179)
	at br.com.casadocodigo.loja.conf.AppWebConfiguration.mailSender(AppWebConfiguration.java:179)
	at br.com.casadocodigo.loja.conf.AppWebConfiguration.mailSender(AppWebConfiguration.java:179)
	at br.com.casadocodigo.loja.conf.AppWebConfiguration.mailSender(AppWebConfiguration.java:179)
	at br.com.casadocodigo.loja.conf.AppWebConfiguration.mailSender(AppWebConfiguration.java:179)
	at br.com.casadocodigo.loja.conf.AppWebConfiguration.mailSender(AppWebConfiguration.java:179)
	at br.com.casadocodigo.loja.conf.AppWebConfiguration.mailSender(AppWebConfiguration.java:179)
	at br.com.casadocodigo.loja.conf.AppWebConfiguration.mailSender(AppWebConfiguration.java:179)
	at br.com.casadocodigo.loja.conf.AppWebConfiguration.mailSender(AppWebConfiguration.java:179)
	at br.com.casadocodigo.loja.conf.AppWebConfiguration.mailSender(AppWebConfiguration.java:179)
	at br.com.casadocodigo.loja.conf.AppWebConfiguration.mailSender(AppWebConfiguration.java:179)
	at br.com.casadocodigo.loja.conf.AppWebConfiguration.mailSender(AppWebConfiguration.java:179)
	at br.com.casadocodigo.loja.conf.AppWebConfiguration.mailSender(AppWebConfiguration.java:179)
	at br.com.casadocodigo.loja.conf.AppWebConfiguration.mailSender(AppWebConfiguration.java:179)
	at br.com.casadocodigo.loja.conf.AppWebConfiguration.mailSender(AppWebConfiguration.java:179)
	at br.com.casadocodigo.loja.conf.AppWebConfiguration.mailSender(AppWebConfiguration.java:179)
	at br.com.casadocodigo.loja.conf.AppWebConfiguration.mailSender(AppWebConfiguration.java:179)
	at br.com.casadocodigo.loja.conf.AppWebConfiguration.mailSender(AppWebConfiguration.java:179)
	at br.com.casadocodigo.loja.conf.AppWebConfiguration.mailSender(AppWebConfiguration.java:179)
	at br.com.casadocodigo.loja.conf.AppWebConfiguration.mailSender(AppWebConfiguration.java:179)
	at br.com.casadocodigo.loja.conf.AppWebConfiguration.mailSender(AppWebConfiguration.java:179)
	at br.com.casadocodigo.loja.conf.AppWebConfiguration.mailSender(AppWebConfiguration.java:179)
	at br.com.casadocodigo.loja.conf.AppWebConfiguration.mailSender(AppWebConfiguration.java:179)
	at br.com.casadocodigo.loja.conf.AppWebConfiguration.mailSender(AppWebConfiguration.java:179)
	at br.com.casadocodigo.loja.conf.AppWebConfiguration.mailSender(AppWebConfiguration.java:179)
	at br.com.casadocodigo.loja.conf.AppWebConfiguration.mailSender(AppWebConfiguration.java:179)
	at br.com.casadocodigo.loja.conf.AppWebConfiguration.mailSender(AppWebConfiguration.java:179)
	at br.com.casadocodigo.loja.conf.AppWebConfiguration.mailSender(AppWebConfiguration.java:179)
	at br.com.casadocodigo.loja.conf.AppWebConfiguration.mailSender(AppWebConfiguration.java:179)
	at br.com.casadocodigo.loja.conf.AppWebConfiguration.mailSender(AppWebConfiguration.java:179)
	at br.com.casadocodigo.loja.conf.AppWebConfiguration.mailSender(AppWebConfiguration.java:179)
	at br.com.casadocodigo.loja.conf.AppWebConfiguration.mailSender(AppWebConfiguration.java:179)
	at br.com.casadocodigo.loja.conf.AppWebConfiguration.mailSender(AppWebConfiguration.java:179)
	at br.com.casadocodigo.loja.conf.AppWebConfiguration.mailSender(AppWebConfiguration.java:179)
	at br.com.casadocodigo.loja.conf.AppWebConfiguration.mailSender(AppWebConfiguration.java:179)
	at br.com.casadocodigo.loja.conf.AppWebConfiguration.mailSender(AppWebConfiguration.java:179)
	at br.com.casadocodigo.loja.conf.AppWebConfiguration.mailSender(AppWebConfiguration.java:179)
	at br.com.casadocodigo.loja.conf.AppWebConfiguration.mailSender(AppWebConfiguration.java:179)
	at br.com.casadocodigo.loja.conf.AppWebConfiguration.mailSender(AppWebConfiguration.java:179)
	at br.com.casadocodigo.loja.conf.AppWebConfiguration.mailSender(AppWebConfiguration.java:179)
	at br.com.casadocodigo.loja.conf.AppWebConfiguration.mailSender(AppWebConfiguration.java:179)
	at br.com.casadocodigo.loja.conf.AppWebConfiguration.mailSender(AppWebConfiguration.java:179)
	at br.com.casadocodigo.loja.conf.AppWebConfiguration.mailSender(AppWebConfiguration.java:179)
	at br.com.casadocodigo.loja.conf.AppWebConfiguration.mailSender(AppWebConfiguration.java:179)
	at br.com.casadocodigo.loja.conf.AppWebConfiguration.mailSender(AppWebConfiguration.java:179)
	at br.com.casadocodigo.loja.conf.AppWebConfiguration.mailSender(AppWebConfiguration.java:179)
	at br.com.casadocodigo.loja.conf.AppWebConfiguration.mailSender(AppWebConfiguration.java:179)
	at br.com.casadocodigo.loja.conf.AppWebConfiguration.mailSender(AppWebConfiguration.java:179)
	at br.com.casadocodigo.loja.conf.AppWebConfiguration.mailSender(AppWebConfiguration.java:179)
	at br.com.casadocodigo.loja.conf.AppWebConfiguration.mailSender(AppWebConfiguration.java:179)
	at br.com.casadocodigo.loja.conf.AppWebConfiguration.mailSender(AppWebConfiguration.java:179)
	at br.com.casadocodigo.loja.conf.AppWebConfiguration.mailSender(AppWebConfiguration.java:179)
	at br.com.casadocodigo.loja.conf.AppWebConfiguration.mailSender(AppWebConfiguration.java:179)
	at br.com.casadocodigo.loja.conf.AppWebConfiguration.mailSender(AppWebConfiguration.java:179)
	at br.com.casadocodigo.loja.conf.AppWebConfiguration.mailSender(AppWebConfiguration.java:179)
	at br.com.casadocodigo.loja.conf.AppWebConfiguration.mailSender(AppWebConfiguration.java:179)
	at br.com.casadocodigo.loja.conf.AppWebConfiguration.mailSender(AppWebConfiguration.java:179)
	at br.com.casadocodigo.loja.conf.AppWebConfiguration.mailSender(AppWebConfiguration.java:179)
	at br.com.casadocodigo.loja.conf.AppWebConfiguration.mailSender(AppWebConfiguration.java:179)
	at br.com.casadocodigo.loja.conf.AppWebConfiguration.mailSender(AppWebConfiguration.java:179)
	at br.com.casadocodigo.loja.conf.AppWebConfiguration.mailSender(AppWebConfiguration.java:179)
	at br.com.casadocodigo.loja.conf.AppWebConfiguration.mailSender(AppWebConfiguration.java:179)
	at br.com.casadocodigo.loja.conf.AppWebConfiguration.mailSender(AppWebConfiguration.java:179)
	at br.com.casadocodigo.loja.conf.AppWebConfiguration.mailSender(AppWebConfiguration.java:179)
	at br.com.casadocodigo.loja.conf.AppWebConfiguration.mailSender(AppWebConfiguration.java:179)
	at br.com.casadocodigo.loja.conf.AppWebConfiguration.mailSender(AppWebConfiguration.java:179)
	at br.com.casadocodigo.loja.conf.AppWebConfiguration.mailSender(AppWebConfiguration.java:179)
	at br.com.casadocodigo.loja.conf.AppWebConfiguration.mailSender(AppWebConfiguration.java:179)
	at br.com.casadocodigo.loja.conf.AppWebConfiguration.mailSender(AppWebConfiguration.java:179)
	at br.com.casadocodigo.loja.conf.AppWebConfiguration.mailSender(AppWebConfiguration.java:179)
	at br.com.casadocodigo.loja.conf.AppWebConfiguration.mailSender(AppWebConfiguration.java:179)
	at br.com.casadocodigo.loja.conf.AppWebConfiguration.mailSender(AppWebConfiguration.java:179)
	at br.com.casadocodigo.loja.conf.AppWebConfiguration.mailSender(AppWebConfiguration.java:179)
	at br.com.casadocodigo.loja.conf.AppWebConfiguration.mailSender(AppWebConfiguration.java:179)
	at br.com.casadocodigo.loja.conf.AppWebConfiguration.mailSender(AppWebConfiguration.java:179)
	at br.com.casadocodigo.loja.conf.AppWebConfiguration.mailSender(AppWebConfiguration.java:179)
	at br.com.casadocodigo.loja.conf.AppWebConfiguration.mailSender(AppWebConfiguration.java:179)
	at br.com.casadocodigo.loja.conf.AppWebConfiguration.mailSender(AppWebConfiguration.java:179)
	at br.com.casadocodigo.loja.conf.AppWebConfiguration.mailSender(AppWebConfiguration.java:179)
	at br.com.casadocodigo.loja.conf.AppWebConfiguration.mailSender(AppWebConfiguration.java:179)
	at br.com.casadocodigo.loja.conf.AppWebConfiguration.mailSender(AppWebConfiguration.java:179)
	at br.com.casadocodigo.loja.conf.AppWebConfiguration.mailSender(AppWebConfiguration.java:179)
	at br.com.casadocodigo.loja.conf.AppWebConfiguration.mailSender(AppWebConfiguration.java:179)
	at br.com.casadocodigo.loja.conf.AppWebConfiguration.mailSender(AppWebConfiguration.java:179)
	at br.com.casadocodigo.loja.conf.AppWebConfiguration.mailSender(AppWebConfiguration.java:179)
	at br.com.casadocodigo.loja.conf.AppWebConfiguration.mailSender(AppWebConfiguration.java:179)
	at br.com.casadocodigo.loja.conf.AppWebConfiguration.mailSender(AppWebConfiguration.java:179)
	at br.com.casadocodigo.loja.conf.AppWebConfiguration.mailSender(AppWebConfiguration.java:179)
	at br.com.casadocodigo.loja.conf.AppWebConfiguration.mailSender(AppWebConfiguration.java:179)
	at br.com.casadocodigo.loja.conf.AppWebConfiguration.mailSender(AppWebConfiguration.java:179)
	at br.com.casadocodigo.loja.conf.AppWebConfiguration.mailSender(AppWebConfiguration.java:179)
	at br.com.casadocodigo.loja.conf.AppWebConfiguration.mailSender(AppWebConfiguration.java:179)
	at br.com.casadocodigo.loja.conf.AppWebConfiguration.mailSender(AppWebConfiguration.java:179)
	at br.com.casadocodigo.loja.conf.AppWebConfiguration.mailSender(AppWebConfiguration.java:179)
	at br.com.casadocodigo.loja.conf.AppWebConfiguration.mailSender(AppWebConfiguration.java:179)
	at br.com.casadocodigo.loja.conf.AppWebConfiguration.mailSender(AppWebConfiguration.java:179)
	at br.com.casadocodigo.loja.conf.AppWebConfiguration.mailSender(AppWebConfiguration.java:179)
	at br.com.casadocodigo.loja.conf.AppWebConfiguration.mailSender(AppWebConfiguration.java:179)
	at br.com.casadocodigo.loja.conf.AppWebConfiguration.mailSender(AppWebConfiguration.java:179)
	at br.com.casadocodigo.loja.conf.AppWebConfiguration.mailSender(AppWebConfiguration.java:179)
	at br.com.casadocodigo.loja.conf.AppWebConfiguration.mailSender(AppWebConfiguration.java:179)
	at br.com.casadocodigo.loja.conf.AppWebConfiguration.mailSender(AppWebConfiguration.java:179)
	at br.com.casadocodigo.loja.conf.AppWebConfiguration.mailSender(AppWebConfiguration.java:179)
	at br.com.casadocodigo.loja.conf.AppWebConfiguration.mailSender(AppWebConfiguration.java:179)
	at br.com.casadocodigo.loja.conf.AppWebConfiguration.mailSender(AppWebConfiguration.java:179)
	at br.com.casadocodigo.loja.conf.AppWebConfiguration.mailSender(AppWebConfiguration.java:179)
	at br.com.casadocodigo.loja.conf.AppWebConfiguration.mailSender(AppWebConfiguration.java:179)
	at br.com.casadocodigo.loja.conf.AppWebConfiguration.mailSender(AppWebConfiguration.java:179)
	at br.com.casadocodigo.loja.conf.AppWebConfiguration.mailSender(AppWebConfiguration.java:179)
	at br.com.casadocodigo.loja.conf.AppWebConfiguration.mailSender(AppWebConfiguration.java:179)
	at br.com.casadocodigo.loja.conf.AppWebConfiguration.mailSender(AppWebConfiguration.java:179)
	at br.com.casadocodigo.loja.conf.AppWebConfiguration.mailSender(AppWebConfiguration.java:179)
	at br.com.casadocodigo.loja.conf.AppWebConfiguration.mailSender(AppWebConfiguration.java:179)
	at br.com.casadocodigo.loja.conf.AppWebConfiguration.mailSender(AppWebConfiguration.java:179)
	at br.com.casadocodigo.loja.conf.AppWebConfiguration.mailSender(AppWebConfiguration.java:179)
	at br.com.casadocodigo.loja.conf.AppWebConfiguration.mailSender(AppWebConfiguration.java:179)
	at br.com.casadocodigo.loja.conf.AppWebConfiguration.mailSender(AppWebConfiguration.java:179)
	at br.com.casadocodigo.loja.conf.AppWebConfiguration.mailSender(AppWebConfiguration.java:179)
	at br.com.casadocodigo.loja.conf.AppWebConfiguration.mailSender(AppWebConfiguration.java:179)
	at br.com.casadocodigo.loja.conf.AppWebConfiguration.mailSender(AppWebConfiguration.java:179)
	at br.com.casadocodigo.loja.conf.AppWebConfiguration.mailSender(AppWebConfiguration.java:179)
	at br.com.casadocodigo.loja.conf.AppWebConfiguration.mailSender(AppWebConfiguration.java:179)
	at br.com.casadocodigo.loja.conf.AppWebConfiguration.mailSender(AppWebConfiguration.java:179)
	at br.com.casadocodigo.loja.conf.AppWebConfiguration.mailSender(AppWebConfiguration.java:179)
	at br.com.casadocodigo.loja.conf.AppWebConfiguration.mailSender(AppWebConfiguration.java:179)
	at br.com.casadocodigo.loja.conf.AppWebConfiguration.mailSender(AppWebConfiguration.java:179)
	at br.com.casadocodigo.loja.conf.AppWebConfiguration.mailSender(AppWebConfiguration.java:179)
	at br.com.casadocodigo.loja.conf.AppWebConfiguration.mailSender(AppWebConfiguration.java:179)
	at br.com.casadocodigo.loja.conf.AppWebConfiguration.mailSender(AppWebConfiguration.java:179)
	at br.com.casadocodigo.loja.conf.AppWebConfiguration.mailSender(AppWebConfiguration.java:179)
	at br.com.casadocodigo.loja.conf.AppWebConfiguration.mailSender(AppWebConfiguration.java:179)
	at br.com.casadocodigo.loja.conf.AppWebConfiguration.mailSender(AppWebConfiguration.java:179)
	at br.com.casadocodigo.loja.conf.AppWebConfiguration.mailSender(AppWebConfiguration.java:179)
	at br.com.casadocodigo.loja.conf.AppWebConfiguration.mailSender(AppWebConfiguration.java:179)
	at br.com.casadocodigo.loja.conf.AppWebConfiguration.mailSender(AppWebConfiguration.java:179)
	at br.com.casadocodigo.loja.conf.AppWebConfiguration.mailSender(AppWebConfiguration.java:179)
	at br.com.casadocodigo.loja.conf.AppWebConfiguration.mailSender(AppWebConfiguration.java:179)
	at br.com.casadocodigo.loja.conf.AppWebConfiguration.mailSender(AppWebConfiguration.java:179)
	at br.com.casadocodigo.loja.conf.AppWebConfiguration.mailSender(AppWebConfiguration.java:179)
	at br.com.casadocodigo.loja.conf.AppWebConfiguration.mailSender(AppWebConfiguration.java:179)
	at br.com.casadocodigo.loja.conf.AppWebConfiguration.mailSender(AppWebConfiguration.java:179)
	at br.com.casadocodigo.loja.conf.AppWebConfiguration.mailSender(AppWebConfiguration.java:179)
	at br.com.casadocodigo.loja.conf.AppWebConfiguration.mailSender(AppWebConfiguration.java:179)
	at br.com.casadocodigo.loja.conf.AppWebConfiguration.mailSender(AppWebConfiguration.java:179)
	at br.com.casadocodigo.loja.conf.AppWebConfiguration.mailSender(AppWebConfiguration.java:179)
	at br.com.casadocodigo.loja.conf.AppWebConfiguration.mailSender(AppWebConfiguration.java:179)
	at br.com.casadocodigo.loja.conf.AppWebConfiguration.mailSender(AppWebConfiguration.java:179)
	at br.com.casadocodigo.loja.conf.AppWebConfiguration.mailSender(AppWebConfiguration.java:179)
	at br.com.casadocodigo.loja.conf.AppWebConfiguration.mailSender(AppWebConfiguration.java:179)
	at br.com.casadocodigo.loja.conf.AppWebConfiguration.mailSender(AppWebConfiguration.java:179)
	at br.com.casadocodigo.loja.conf.AppWebConfiguration.mailSender(AppWebConfiguration.java:179)
	at br.com.casadocodigo.loja.conf.AppWebConfiguration.mailSender(AppWebConfiguration.java:179)
	at br.com.casadocodigo.loja.conf.AppWebConfiguration.mailSender(AppWebConfiguration.java:179)
	at br.com.casadocodigo.loja.conf.AppWebConfiguration.mailSender(AppWebConfiguration.java:179)
	at br.com.casadocodigo.loja.conf.AppWebConfiguration.mailSender(AppWebConfiguration.java:179)
	at br.com.casadocodigo.loja.conf.AppWebConfiguration.mailSender(AppWebConfiguration.java:179)
	at br.com.casadocodigo.loja.conf.AppWebConfiguration.mailSender(AppWebConfiguration.java:179)
	at br.com.casadocodigo.loja.conf.AppWebConfiguration.mailSender(AppWebConfiguration.java:179)
	at br.com.casadocodigo.loja.conf.AppWebConfiguration.mailSender(AppWebConfiguration.java:179)
	at br.com.casadocodigo.loja.conf.AppWebConfiguration.mailSender(AppWebConfiguration.java:179)
	at br.com.casadocodigo.loja.conf.AppWebConfiguration.mailSender(AppWebConfiguration.java:179)
	at br.com.casadocodigo.loja.conf.AppWebConfiguration.mailSender(AppWebConfiguration.java:179)
	at br.com.casadocodigo.loja.conf.AppWebConfiguration.mailSender(AppWebConfiguration.java:179)
	at br.com.casadocodigo.loja.conf.AppWebConfiguration.mailSender(AppWebConfiguration.java:179)
	at br.com.casadocodigo.loja.conf.AppWebConfiguration.mailSender(AppWebConfiguration.java:179)
	at br.com.casadocodigo.loja.conf.AppWebConfiguration.mailSender(AppWebConfiguration.java:179)
	at br.com.casadocodigo.loja.conf.AppWebConfiguration.mailSender(AppWebConfiguration.java:179)
	at br.com.casadocodigo.loja.conf.AppWebConfiguration.mailSender(AppWebConfiguration.java:179)
	at br.com.casadocodigo.loja.conf.AppWebConfiguration.mailSender(AppWebConfiguration.java:179)
	at br.com.casadocodigo.loja.conf.AppWebConfiguration.mailSender(AppWebConfiguration.java:179)
	at br.com.casadocodigo.loja.conf.AppWebConfiguration.mailSender(AppWebConfiguration.java:179)
	at br.com.casadocodigo.loja.conf.AppWebConfiguration.mailSender(AppWebConfiguration.java:179)
	at br.com.casadocodigo.loja.conf.AppWebConfiguration.mailSender(AppWebConfiguration.java:179)
	at br.com.casadocodigo.loja.conf.AppWebConfiguration.mailSender(AppWebConfiguration.java:179)
	at br.com.casadocodigo.loja.conf.AppWebConfiguration.mailSender(AppWebConfiguration.java:179)
	at br.com.casadocodigo.loja.conf.AppWebConfiguration.mailSender(AppWebConfiguration.java:179)
	at br.com.casadocodigo.loja.conf.AppWebConfiguration.mailSender(AppWebConfiguration.java:179)
	at br.com.casadocodigo.loja.conf.AppWebConfiguration.mailSender(AppWebConfiguration.java:179)
	at br.com.casadocodigo.loja.conf.AppWebConfiguration.mailSender(AppWebConfiguration.java:179)
	at br.com.casadocodigo.loja.conf.AppWebConfiguration.mailSender(AppWebConfiguration.java:179)
	at br.com.casadocodigo.loja.conf.AppWebConfiguration.mailSender(AppWebConfiguration.java:179)
	at br.com.casadocodigo.loja.conf.AppWebConfiguration.mailSender(AppWebConfiguration.java:179)
	at br.com.casadocodigo.loja.conf.AppWebConfiguration.mailSender(AppWebConfiguration.java:179)
	at br.com.casadocodigo.loja.conf.AppWebConfiguration.mailSender(AppWebConfiguration.java:179)
</error>
    <system-err>log4j:WARN No appenders could be found for logger (org.springframework.test.context.junit4.SpringJUnit4ClassRunner).
log4j:WARN Please initialize the log4j system properly.
log4j:WARN See http://logging.apache.org/log4j/1.2/faq.html#noconfig for more info.
Tue Mar 05 16:31:07 BRT 2019 WARN: Establishing SSL connection without server&apos;s identity verification is not recommended. According to MySQL 5.5.45+, 5.6.26+ and 5.7.6+ requirements SSL connection must be established by default if explicit option isn&apos;t set. For compliance with existing applications not using SSL the verifyServerCertificate property is set to &apos;false&apos;. You need either to explicitly disable SSL by setting useSSL=false, or set useSSL=true and provide truststore for server certificate verification.
Tue Mar 05 16:31:08 BRT 2019 WARN: Establishing SSL connection without server&apos;s identity verification is not recommended. According to MySQL 5.5.45+, 5.6.26+ and 5.7.6+ requirements SSL connection must be established by default if explicit option isn&apos;t set. For compliance with existing applications not using SSL the verifyServerCertificate property is set to &apos;false&apos;. You need either to explicitly disable SSL by setting useSSL=false, or set useSSL=true and provide truststore for server certificate verification.
</system-err>
  </testcase>
  <testcase classname="br.com.casadocodigo.loja.controllers.ProdutosControllerTest" name="deveRetornarParaHomeComOsLivros" time="0.01">
    <error message="Failed to load ApplicationContext" type="java.lang.IllegalStateException">java.lang.IllegalStateException: Failed to load ApplicationContext
	at org.springframework.test.context.cache.DefaultCacheAwareContextLoaderDelegate.loadContext(DefaultCacheAwareContextLoaderDelegate.java:124)
	at org.springframework.test.context.support.DefaultTestContext.getApplicationContext(DefaultTestContext.java:83)
	at org.springframework.test.context.web.ServletTestExecutionListener.setUpRequestContextIfNecessary(ServletTestExecutionListener.java:189)
	at org.springframework.test.context.web.ServletTestExecutionListener.prepareTestInstance(ServletTestExecutionListener.java:131)
	at org.springframework.test.context.TestContextManager.prepareTestInstance(TestContextManager.java:230)
	at org.springframework.test.context.junit4.SpringJUnit4ClassRunner.createTest(SpringJUnit4ClassRunner.java:228)
	at org.springframework.test.context.junit4.SpringJUnit4ClassRunner$1.runReflectiveCall(SpringJUnit4ClassRunner.java:287)
	at org.junit.internal.runners.model.ReflectiveCallable.run(ReflectiveCallable.java:12)
	at org.springframework.test.context.junit4.SpringJUnit4ClassRunner.methodBlock(SpringJUnit4ClassRunner.java:289)
	at org.springframework.test.context.junit4.SpringJUnit4ClassRunner.runChild(SpringJUnit4ClassRunner.java:247)
	at org.springframework.test.context.junit4.SpringJUnit4ClassRunner.runChild(SpringJUnit4ClassRunner.java:94)
	at org.junit.runners.ParentRunner$3.run(ParentRunner.java:290)
	at org.junit.runners.ParentRunner$1.schedule(ParentRunner.java:71)
	at org.junit.runners.ParentRunner.runChildren(ParentRunner.java:288)
	at org.junit.runners.ParentRunner.access$000(ParentRunner.java:58)
	at org.junit.runners.ParentRunner$2.evaluate(ParentRunner.java:268)
	at org.springframework.test.context.junit4.statements.RunBeforeTestClassCallbacks.evaluate(RunBeforeTestClassCallbacks.java:61)
	at org.springframework.test.context.junit4.statements.RunAfterTestClassCallbacks.evaluate(RunAfterTestClassCallbacks.java:70)
	at org.junit.runners.ParentRunner.run(ParentRunner.java:363)
	at org.springframework.test.context.junit4.SpringJUnit4ClassRunner.run(SpringJUnit4ClassRunner.java:191)
	at org.apache.maven.surefire.junit4.JUnit4Provider.execute(JUnit4Provider.java:252)
	at org.apache.maven.surefire.junit4.JUnit4Provider.executeTestSet(JUnit4Provider.java:141)
	at org.apache.maven.surefire.junit4.JUnit4Provider.invoke(JUnit4Provider.java:112)
	at sun.reflect.NativeMethodAccessorImpl.invoke0(Native Method)
	at sun.reflect.NativeMethodAccessorImpl.invoke(NativeMethodAccessorImpl.java:62)
	at sun.reflect.DelegatingMethodAccessorImpl.invoke(DelegatingMethodAccessorImpl.java:43)
	at java.lang.reflect.Method.invoke(Method.java:498)
	at org.apache.maven.surefire.util.ReflectionUtils.invokeMethodWithArray(ReflectionUtils.java:189)
	at org.apache.maven.surefire.booter.ProviderFactory$ProviderProxy.invoke(ProviderFactory.java:165)
	at org.apache.maven.surefire.booter.ProviderFactory.invokeProvider(ProviderFactory.java:85)
	at org.apache.maven.surefire.booter.ForkedBooter.runSuitesInProcess(ForkedBooter.java:115)
	at org.apache.maven.surefire.booter.ForkedBooter.main(ForkedBooter.java:75)
Caused by: org.springframework.beans.factory.BeanCreationException: Error creating bean with name &apos;mailSender&apos; defined in br.com.casadocodigo.loja.conf.AppWebConfiguration: Bean instantiation via factory method failed; nested exception is org.springframework.beans.BeanInstantiationException: Failed to instantiate [org.springframework.mail.MailSender]: Factory method &apos;mailSender&apos; threw exception; nested exception is java.lang.StackOverflowError
	at org.springframework.beans.factory.support.ConstructorResolver.instantiateUsingFactoryMethod(ConstructorResolver.java:599)
	at org.springframework.beans.factory.support.AbstractAutowireCapableBeanFactory.instantiateUsingFactoryMethod(AbstractAutowireCapableBeanFactory.java:1181)
	at org.springframework.beans.factory.support.AbstractAutowireCapableBeanFactory.createBeanInstance(AbstractAutowireCapableBeanFactory.java:1075)
	at org.springframework.beans.factory.support.AbstractAutowireCapableBeanFactory.doCreateBean(AbstractAutowireCapableBeanFactory.java:513)
	at org.springframework.beans.factory.support.AbstractAutowireCapableBeanFactory.createBean(AbstractAutowireCapableBeanFactory.java:483)
	at org.springframework.beans.factory.support.AbstractBeanFactory$1.getObject(AbstractBeanFactory.java:312)
	at org.springframework.beans.factory.support.DefaultSingletonBeanRegistry.getSingleton(DefaultSingletonBeanRegistry.java:230)
	at org.springframework.beans.factory.support.AbstractBeanFactory.doGetBean(AbstractBeanFactory.java:308)
	at org.springframework.beans.factory.support.AbstractBeanFactory.getBean(AbstractBeanFactory.java:197)
	at org.springframework.beans.factory.support.DefaultListableBeanFactory.preInstantiateSingletons(DefaultListableBeanFactory.java:761)
	at org.springframework.context.support.AbstractApplicationContext.finishBeanFactoryInitialization(AbstractApplicationContext.java:867)
	at org.springframework.context.support.AbstractApplicationContext.refresh(AbstractApplicationContext.java:543)
	at org.springframework.test.context.web.AbstractGenericWebContextLoader.loadContext(AbstractGenericWebContextLoader.java:130)
	at org.springframework.test.context.web.AbstractGenericWebContextLoader.loadContext(AbstractGenericWebContextLoader.java:61)
	at org.springframework.test.context.support.AbstractDelegatingSmartContextLoader.delegateLoading(AbstractDelegatingSmartContextLoader.java:106)
	at org.springframework.test.context.support.AbstractDelegatingSmartContextLoader.loadContext(AbstractDelegatingSmartContextLoader.java:249)
	at org.springframework.test.context.cache.DefaultCacheAwareContextLoaderDelegate.loadContextInternal(DefaultCacheAwareContextLoaderDelegate.java:98)
	at org.springframework.test.context.cache.DefaultCacheAwareContextLoaderDelegate.loadContext(DefaultCacheAwareContextLoaderDelegate.java:116)
	... 31 more
Caused by: org.springframework.beans.BeanInstantiationException: Failed to instantiate [org.springframework.mail.MailSender]: Factory method &apos;mailSender&apos; threw exception; nested exception is java.lang.StackOverflowError
	at org.springframework.beans.factory.support.SimpleInstantiationStrategy.instantiate(SimpleInstantiationStrategy.java:189)
	at org.springframework.beans.factory.support.ConstructorResolver.instantiateUsingFactoryMethod(ConstructorResolver.java:588)
	... 48 more
Caused by: java.lang.StackOverflowError
	at java.io.UnixFileSystem.getBooleanAttributes0(Native Method)
	at java.io.UnixFileSystem.getBooleanAttributes(UnixFileSystem.java:242)
	at java.io.File.exists(File.java:819)
	at sun.misc.URLClassPath$FileLoader.getResource(URLClassPath.java:1282)
	at sun.misc.URLClassPath$FileLoader.findResource(URLClassPath.java:1249)
	at sun.misc.URLClassPath$1.next(URLClassPath.java:267)
	at sun.misc.URLClassPath$1.hasMoreElements(URLClassPath.java:277)
	at java.net.URLClassLoader$3$1.run(URLClassLoader.java:601)
	at java.net.URLClassLoader$3$1.run(URLClassLoader.java:599)
	at java.security.AccessController.doPrivileged(Native Method)
	at java.net.URLClassLoader$3.next(URLClassLoader.java:598)
	at java.net.URLClassLoader$3.hasMoreElements(URLClassLoader.java:623)
	at sun.misc.CompoundEnumeration.next(CompoundEnumeration.java:45)
	at sun.misc.CompoundEnumeration.hasMoreElements(CompoundEnumeration.java:54)
	at javax.activation.SecuritySupport$3.run(SecuritySupport.java:79)
	at java.security.AccessController.doPrivileged(Native Method)
	at javax.activation.SecuritySupport.getResources(SecuritySupport.java:73)
	at javax.activation.MimetypesFileTypeMap.loadAllResources(MimetypesFileTypeMap.java:168)
	at javax.activation.MimetypesFileTypeMap.&lt;init&gt;(MimetypesFileTypeMap.java:110)
	at javax.activation.MimetypesFileTypeMap.&lt;init&gt;(MimetypesFileTypeMap.java:256)
	at org.springframework.mail.javamail.ConfigurableMimeFileTypeMap.createFileTypeMap(ConfigurableMimeFileTypeMap.java:147)
	at org.springframework.mail.javamail.ConfigurableMimeFileTypeMap.getFileTypeMap(ConfigurableMimeFileTypeMap.java:119)
	at org.springframework.mail.javamail.ConfigurableMimeFileTypeMap.afterPropertiesSet(ConfigurableMimeFileTypeMap.java:106)
	at org.springframework.mail.javamail.JavaMailSenderImpl.&lt;init&gt;(JavaMailSenderImpl.java:105)
	at br.com.casadocodigo.loja.conf.AppWebConfiguration.mailSender(AppWebConfiguration.java:167)
	at br.com.casadocodigo.loja.conf.AppWebConfiguration.mailSender(AppWebConfiguration.java:179)
	at br.com.casadocodigo.loja.conf.AppWebConfiguration.mailSender(AppWebConfiguration.java:179)
	at br.com.casadocodigo.loja.conf.AppWebConfiguration.mailSender(AppWebConfiguration.java:179)
	at br.com.casadocodigo.loja.conf.AppWebConfiguration.mailSender(AppWebConfiguration.java:179)
	at br.com.casadocodigo.loja.conf.AppWebConfiguration.mailSender(AppWebConfiguration.java:179)
	at br.com.casadocodigo.loja.conf.AppWebConfiguration.mailSender(AppWebConfiguration.java:179)
	at br.com.casadocodigo.loja.conf.AppWebConfiguration.mailSender(AppWebConfiguration.java:179)
	at br.com.casadocodigo.loja.conf.AppWebConfiguration.mailSender(AppWebConfiguration.java:179)
	at br.com.casadocodigo.loja.conf.AppWebConfiguration.mailSender(AppWebConfiguration.java:179)
	at br.com.casadocodigo.loja.conf.AppWebConfiguration.mailSender(AppWebConfiguration.java:179)
	at br.com.casadocodigo.loja.conf.AppWebConfiguration.mailSender(AppWebConfiguration.java:179)
	at br.com.casadocodigo.loja.conf.AppWebConfiguration.mailSender(AppWebConfiguration.java:179)
	at br.com.casadocodigo.loja.conf.AppWebConfiguration.mailSender(AppWebConfiguration.java:179)
	at br.com.casadocodigo.loja.conf.AppWebConfiguration.mailSender(AppWebConfiguration.java:179)
	at br.com.casadocodigo.loja.conf.AppWebConfiguration.mailSender(AppWebConfiguration.java:179)
	at br.com.casadocodigo.loja.conf.AppWebConfiguration.mailSender(AppWebConfiguration.java:179)
	at br.com.casadocodigo.loja.conf.AppWebConfiguration.mailSender(AppWebConfiguration.java:179)
	at br.com.casadocodigo.loja.conf.AppWebConfiguration.mailSender(AppWebConfiguration.java:179)
	at br.com.casadocodigo.loja.conf.AppWebConfiguration.mailSender(AppWebConfiguration.java:179)
	at br.com.casadocodigo.loja.conf.AppWebConfiguration.mailSender(AppWebConfiguration.java:179)
	at br.com.casadocodigo.loja.conf.AppWebConfiguration.mailSender(AppWebConfiguration.java:179)
	at br.com.casadocodigo.loja.conf.AppWebConfiguration.mailSender(AppWebConfiguration.java:179)
	at br.com.casadocodigo.loja.conf.AppWebConfiguration.mailSender(AppWebConfiguration.java:179)
	at br.com.casadocodigo.loja.conf.AppWebConfiguration.mailSender(AppWebConfiguration.java:179)
	at br.com.casadocodigo.loja.conf.AppWebConfiguration.mailSender(AppWebConfiguration.java:179)
	at br.com.casadocodigo.loja.conf.AppWebConfiguration.mailSender(AppWebConfiguration.java:179)
	at br.com.casadocodigo.loja.conf.AppWebConfiguration.mailSender(AppWebConfiguration.java:179)
	at br.com.casadocodigo.loja.conf.AppWebConfiguration.mailSender(AppWebConfiguration.java:179)
	at br.com.casadocodigo.loja.conf.AppWebConfiguration.mailSender(AppWebConfiguration.java:179)
	at br.com.casadocodigo.loja.conf.AppWebConfiguration.mailSender(AppWebConfiguration.java:179)
	at br.com.casadocodigo.loja.conf.AppWebConfiguration.mailSender(AppWebConfiguration.java:179)
	at br.com.casadocodigo.loja.conf.AppWebConfiguration.mailSender(AppWebConfiguration.java:179)
	at br.com.casadocodigo.loja.conf.AppWebConfiguration.mailSender(AppWebConfiguration.java:179)
	at br.com.casadocodigo.loja.conf.AppWebConfiguration.mailSender(AppWebConfiguration.java:179)
	at br.com.casadocodigo.loja.conf.AppWebConfiguration.mailSender(AppWebConfiguration.java:179)
	at br.com.casadocodigo.loja.conf.AppWebConfiguration.mailSender(AppWebConfiguration.java:179)
	at br.com.casadocodigo.loja.conf.AppWebConfiguration.mailSender(AppWebConfiguration.java:179)
	at br.com.casadocodigo.loja.conf.AppWebConfiguration.mailSender(AppWebConfiguration.java:179)
	at br.com.casadocodigo.loja.conf.AppWebConfiguration.mailSender(AppWebConfiguration.java:179)
	at br.com.casadocodigo.loja.conf.AppWebConfiguration.mailSender(AppWebConfiguration.java:179)
	at br.com.casadocodigo.loja.conf.AppWebConfiguration.mailSender(AppWebConfiguration.java:179)
	at br.com.casadocodigo.loja.conf.AppWebConfiguration.mailSender(AppWebConfiguration.java:179)
	at br.com.casadocodigo.loja.conf.AppWebConfiguration.mailSender(AppWebConfiguration.java:179)
	at br.com.casadocodigo.loja.conf.AppWebConfiguration.mailSender(AppWebConfiguration.java:179)
	at br.com.casadocodigo.loja.conf.AppWebConfiguration.mailSender(AppWebConfiguration.java:179)
	at br.com.casadocodigo.loja.conf.AppWebConfiguration.mailSender(AppWebConfiguration.java:179)
	at br.com.casadocodigo.loja.conf.AppWebConfiguration.mailSender(AppWebConfiguration.java:179)
	at br.com.casadocodigo.loja.conf.AppWebConfiguration.mailSender(AppWebConfiguration.java:179)
	at br.com.casadocodigo.loja.conf.AppWebConfiguration.mailSender(AppWebConfiguration.java:179)
	at br.com.casadocodigo.loja.conf.AppWebConfiguration.mailSender(AppWebConfiguration.java:179)
	at br.com.casadocodigo.loja.conf.AppWebConfiguration.mailSender(AppWebConfiguration.java:179)
	at br.com.casadocodigo.loja.conf.AppWebConfiguration.mailSender(AppWebConfiguration.java:179)
	at br.com.casadocodigo.loja.conf.AppWebConfiguration.mailSender(AppWebConfiguration.java:179)
	at br.com.casadocodigo.loja.conf.AppWebConfiguration.mailSender(AppWebConfiguration.java:179)
	at br.com.casadocodigo.loja.conf.AppWebConfiguration.mailSender(AppWebConfiguration.java:179)
	at br.com.casadocodigo.loja.conf.AppWebConfiguration.mailSender(AppWebConfiguration.java:179)
	at br.com.casadocodigo.loja.conf.AppWebConfiguration.mailSender(AppWebConfiguration.java:179)
	at br.com.casadocodigo.loja.conf.AppWebConfiguration.mailSender(AppWebConfiguration.java:179)
	at br.com.casadocodigo.loja.conf.AppWebConfiguration.mailSender(AppWebConfiguration.java:179)
	at br.com.casadocodigo.loja.conf.AppWebConfiguration.mailSender(AppWebConfiguration.java:179)
	at br.com.casadocodigo.loja.conf.AppWebConfiguration.mailSender(AppWebConfiguration.java:179)
	at br.com.casadocodigo.loja.conf.AppWebConfiguration.mailSender(AppWebConfiguration.java:179)
	at br.com.casadocodigo.loja.conf.AppWebConfiguration.mailSender(AppWebConfiguration.java:179)
	at br.com.casadocodigo.loja.conf.AppWebConfiguration.mailSender(AppWebConfiguration.java:179)
	at br.com.casadocodigo.loja.conf.AppWebConfiguration.mailSender(AppWebConfiguration.java:179)
	at br.com.casadocodigo.loja.conf.AppWebConfiguration.mailSender(AppWebConfiguration.java:179)
	at br.com.casadocodigo.loja.conf.AppWebConfiguration.mailSender(AppWebConfiguration.java:179)
	at br.com.casadocodigo.loja.conf.AppWebConfiguration.mailSender(AppWebConfiguration.java:179)
	at br.com.casadocodigo.loja.conf.AppWebConfiguration.mailSender(AppWebConfiguration.java:179)
	at br.com.casadocodigo.loja.conf.AppWebConfiguration.mailSender(AppWebConfiguration.java:179)
	at br.com.casadocodigo.loja.conf.AppWebConfiguration.mailSender(AppWebConfiguration.java:179)
	at br.com.casadocodigo.loja.conf.AppWebConfiguration.mailSender(AppWebConfiguration.java:179)
	at br.com.casadocodigo.loja.conf.AppWebConfiguration.mailSender(AppWebConfiguration.java:179)
	at br.com.casadocodigo.loja.conf.AppWebConfiguration.mailSender(AppWebConfiguration.java:179)
	at br.com.casadocodigo.loja.conf.AppWebConfiguration.mailSender(AppWebConfiguration.java:179)
	at br.com.casadocodigo.loja.conf.AppWebConfiguration.mailSender(AppWebConfiguration.java:179)
	at br.com.casadocodigo.loja.conf.AppWebConfiguration.mailSender(AppWebConfiguration.java:179)
	at br.com.casadocodigo.loja.conf.AppWebConfiguration.mailSender(AppWebConfiguration.java:179)
	at br.com.casadocodigo.loja.conf.AppWebConfiguration.mailSender(AppWebConfiguration.java:179)
	at br.com.casadocodigo.loja.conf.AppWebConfiguration.mailSender(AppWebConfiguration.java:179)
	at br.com.casadocodigo.loja.conf.AppWebConfiguration.mailSender(AppWebConfiguration.java:179)
	at br.com.casadocodigo.loja.conf.AppWebConfiguration.mailSender(AppWebConfiguration.java:179)
	at br.com.casadocodigo.loja.conf.AppWebConfiguration.mailSender(AppWebConfiguration.java:179)
	at br.com.casadocodigo.loja.conf.AppWebConfiguration.mailSender(AppWebConfiguration.java:179)
	at br.com.casadocodigo.loja.conf.AppWebConfiguration.mailSender(AppWebConfiguration.java:179)
	at br.com.casadocodigo.loja.conf.AppWebConfiguration.mailSender(AppWebConfiguration.java:179)
	at br.com.casadocodigo.loja.conf.AppWebConfiguration.mailSender(AppWebConfiguration.java:179)
	at br.com.casadocodigo.loja.conf.AppWebConfiguration.mailSender(AppWebConfiguration.java:179)
	at br.com.casadocodigo.loja.conf.AppWebConfiguration.mailSender(AppWebConfiguration.java:179)
	at br.com.casadocodigo.loja.conf.AppWebConfiguration.mailSender(AppWebConfiguration.java:179)
	at br.com.casadocodigo.loja.conf.AppWebConfiguration.mailSender(AppWebConfiguration.java:179)
	at br.com.casadocodigo.loja.conf.AppWebConfiguration.mailSender(AppWebConfiguration.java:179)
	at br.com.casadocodigo.loja.conf.AppWebConfiguration.mailSender(AppWebConfiguration.java:179)
	at br.com.casadocodigo.loja.conf.AppWebConfiguration.mailSender(AppWebConfiguration.java:179)
	at br.com.casadocodigo.loja.conf.AppWebConfiguration.mailSender(AppWebConfiguration.java:179)
	at br.com.casadocodigo.loja.conf.AppWebConfiguration.mailSender(AppWebConfiguration.java:179)
	at br.com.casadocodigo.loja.conf.AppWebConfiguration.mailSender(AppWebConfiguration.java:179)
	at br.com.casadocodigo.loja.conf.AppWebConfiguration.mailSender(AppWebConfiguration.java:179)
	at br.com.casadocodigo.loja.conf.AppWebConfiguration.mailSender(AppWebConfiguration.java:179)
	at br.com.casadocodigo.loja.conf.AppWebConfiguration.mailSender(AppWebConfiguration.java:179)
	at br.com.casadocodigo.loja.conf.AppWebConfiguration.mailSender(AppWebConfiguration.java:179)
	at br.com.casadocodigo.loja.conf.AppWebConfiguration.mailSender(AppWebConfiguration.java:179)
	at br.com.casadocodigo.loja.conf.AppWebConfiguration.mailSender(AppWebConfiguration.java:179)
	at br.com.casadocodigo.loja.conf.AppWebConfiguration.mailSender(AppWebConfiguration.java:179)
	at br.com.casadocodigo.loja.conf.AppWebConfiguration.mailSender(AppWebConfiguration.java:179)
	at br.com.casadocodigo.loja.conf.AppWebConfiguration.mailSender(AppWebConfiguration.java:179)
	at br.com.casadocodigo.loja.conf.AppWebConfiguration.mailSender(AppWebConfiguration.java:179)
	at br.com.casadocodigo.loja.conf.AppWebConfiguration.mailSender(AppWebConfiguration.java:179)
	at br.com.casadocodigo.loja.conf.AppWebConfiguration.mailSender(AppWebConfiguration.java:179)
	at br.com.casadocodigo.loja.conf.AppWebConfiguration.mailSender(AppWebConfiguration.java:179)
	at br.com.casadocodigo.loja.conf.AppWebConfiguration.mailSender(AppWebConfiguration.java:179)
	at br.com.casadocodigo.loja.conf.AppWebConfiguration.mailSender(AppWebConfiguration.java:179)
	at br.com.casadocodigo.loja.conf.AppWebConfiguration.mailSender(AppWebConfiguration.java:179)
	at br.com.casadocodigo.loja.conf.AppWebConfiguration.mailSender(AppWebConfiguration.java:179)
	at br.com.casadocodigo.loja.conf.AppWebConfiguration.mailSender(AppWebConfiguration.java:179)
	at br.com.casadocodigo.loja.conf.AppWebConfiguration.mailSender(AppWebConfiguration.java:179)
	at br.com.casadocodigo.loja.conf.AppWebConfiguration.mailSender(AppWebConfiguration.java:179)
	at br.com.casadocodigo.loja.conf.AppWebConfiguration.mailSender(AppWebConfiguration.java:179)
	at br.com.casadocodigo.loja.conf.AppWebConfiguration.mailSender(AppWebConfiguration.java:179)
	at br.com.casadocodigo.loja.conf.AppWebConfiguration.mailSender(AppWebConfiguration.java:179)
	at br.com.casadocodigo.loja.conf.AppWebConfiguration.mailSender(AppWebConfiguration.java:179)
	at br.com.casadocodigo.loja.conf.AppWebConfiguration.mailSender(AppWebConfiguration.java:179)
	at br.com.casadocodigo.loja.conf.AppWebConfiguration.mailSender(AppWebConfiguration.java:179)
	at br.com.casadocodigo.loja.conf.AppWebConfiguration.mailSender(AppWebConfiguration.java:179)
	at br.com.casadocodigo.loja.conf.AppWebConfiguration.mailSender(AppWebConfiguration.java:179)
	at br.com.casadocodigo.loja.conf.AppWebConfiguration.mailSender(AppWebConfiguration.java:179)
	at br.com.casadocodigo.loja.conf.AppWebConfiguration.mailSender(AppWebConfiguration.java:179)
	at br.com.casadocodigo.loja.conf.AppWebConfiguration.mailSender(AppWebConfiguration.java:179)
	at br.com.casadocodigo.loja.conf.AppWebConfiguration.mailSender(AppWebConfiguration.java:179)
	at br.com.casadocodigo.loja.conf.AppWebConfiguration.mailSender(AppWebConfiguration.java:179)
	at br.com.casadocodigo.loja.conf.AppWebConfiguration.mailSender(AppWebConfiguration.java:179)
	at br.com.casadocodigo.loja.conf.AppWebConfiguration.mailSender(AppWebConfiguration.java:179)
	at br.com.casadocodigo.loja.conf.AppWebConfiguration.mailSender(AppWebConfiguration.java:179)
	at br.com.casadocodigo.loja.conf.AppWebConfiguration.mailSender(AppWebConfiguration.java:179)
	at br.com.casadocodigo.loja.conf.AppWebConfiguration.mailSender(AppWebConfiguration.java:179)
	at br.com.casadocodigo.loja.conf.AppWebConfiguration.mailSender(AppWebConfiguration.java:179)
	at br.com.casadocodigo.loja.conf.AppWebConfiguration.mailSender(AppWebConfiguration.java:179)
	at br.com.casadocodigo.loja.conf.AppWebConfiguration.mailSender(AppWebConfiguration.java:179)
	at br.com.casadocodigo.loja.conf.AppWebConfiguration.mailSender(AppWebConfiguration.java:179)
	at br.com.casadocodigo.loja.conf.AppWebConfiguration.mailSender(AppWebConfiguration.java:179)
	at br.com.casadocodigo.loja.conf.AppWebConfiguration.mailSender(AppWebConfiguration.java:179)
	at br.com.casadocodigo.loja.conf.AppWebConfiguration.mailSender(AppWebConfiguration.java:179)
	at br.com.casadocodigo.loja.conf.AppWebConfiguration.mailSender(AppWebConfiguration.java:179)
	at br.com.casadocodigo.loja.conf.AppWebConfiguration.mailSender(AppWebConfiguration.java:179)
	at br.com.casadocodigo.loja.conf.AppWebConfiguration.mailSender(AppWebConfiguration.java:179)
	at br.com.casadocodigo.loja.conf.AppWebConfiguration.mailSender(AppWebConfiguration.java:179)
	at br.com.casadocodigo.loja.conf.AppWebConfiguration.mailSender(AppWebConfiguration.java:179)
	at br.com.casadocodigo.loja.conf.AppWebConfiguration.mailSender(AppWebConfiguration.java:179)
	at br.com.casadocodigo.loja.conf.AppWebConfiguration.mailSender(AppWebConfiguration.java:179)
	at br.com.casadocodigo.loja.conf.AppWebConfiguration.mailSender(AppWebConfiguration.java:179)
	at br.com.casadocodigo.loja.conf.AppWebConfiguration.mailSender(AppWebConfiguration.java:179)
	at br.com.casadocodigo.loja.conf.AppWebConfiguration.mailSender(AppWebConfiguration.java:179)
	at br.com.casadocodigo.loja.conf.AppWebConfiguration.mailSender(AppWebConfiguration.java:179)
	at br.com.casadocodigo.loja.conf.AppWebConfiguration.mailSender(AppWebConfiguration.java:179)
	at br.com.casadocodigo.loja.conf.AppWebConfiguration.mailSender(AppWebConfiguration.java:179)
	at br.com.casadocodigo.loja.conf.AppWebConfiguration.mailSender(AppWebConfiguration.java:179)
	at br.com.casadocodigo.loja.conf.AppWebConfiguration.mailSender(AppWebConfiguration.java:179)
	at br.com.casadocodigo.loja.conf.AppWebConfiguration.mailSender(AppWebConfiguration.java:179)
	at br.com.casadocodigo.loja.conf.AppWebConfiguration.mailSender(AppWebConfiguration.java:179)
	at br.com.casadocodigo.loja.conf.AppWebConfiguration.mailSender(AppWebConfiguration.java:179)
	at br.com.casadocodigo.loja.conf.AppWebConfiguration.mailSender(AppWebConfiguration.java:179)
	at br.com.casadocodigo.loja.conf.AppWebConfiguration.mailSender(AppWebConfiguration.java:179)
	at br.com.casadocodigo.loja.conf.AppWebConfiguration.mailSender(AppWebConfiguration.java:179)
	at br.com.casadocodigo.loja.conf.AppWebConfiguration.mailSender(AppWebConfiguration.java:179)
	at br.com.casadocodigo.loja.conf.AppWebConfiguration.mailSender(AppWebConfiguration.java:179)
	at br.com.casadocodigo.loja.conf.AppWebConfiguration.mailSender(AppWebConfiguration.java:179)
	at br.com.casadocodigo.loja.conf.AppWebConfiguration.mailSender(AppWebConfiguration.java:179)
	at br.com.casadocodigo.loja.conf.AppWebConfiguration.mailSender(AppWebConfiguration.java:179)
	at br.com.casadocodigo.loja.conf.AppWebConfiguration.mailSender(AppWebConfiguration.java:179)
	at br.com.casadocodigo.loja.conf.AppWebConfiguration.mailSender(AppWebConfiguration.java:179)
	at br.com.casadocodigo.loja.conf.AppWebConfiguration.mailSender(AppWebConfiguration.java:179)
	at br.com.casadocodigo.loja.conf.AppWebConfiguration.mailSender(AppWebConfiguration.java:179)
	at br.com.casadocodigo.loja.conf.AppWebConfiguration.mailSender(AppWebConfiguration.java:179)
	at br.com.casadocodigo.loja.conf.AppWebConfiguration.mailSender(AppWebConfiguration.java:179)
	at br.com.casadocodigo.loja.conf.AppWebConfiguration.mailSender(AppWebConfiguration.java:179)
	at br.com.casadocodigo.loja.conf.AppWebConfiguration.mailSender(AppWebConfiguration.java:179)
	at br.com.casadocodigo.loja.conf.AppWebConfiguration.mailSender(AppWebConfiguration.java:179)
	at br.com.casadocodigo.loja.conf.AppWebConfiguration.mailSender(AppWebConfiguration.java:179)
	at br.com.casadocodigo.loja.conf.AppWebConfiguration.mailSender(AppWebConfiguration.java:179)
	at br.com.casadocodigo.loja.conf.AppWebConfiguration.mailSender(AppWebConfiguration.java:179)
	at br.com.casadocodigo.loja.conf.AppWebConfiguration.mailSender(AppWebConfiguration.java:179)
	at br.com.casadocodigo.loja.conf.AppWebConfiguration.mailSender(AppWebConfiguration.java:179)
	at br.com.casadocodigo.loja.conf.AppWebConfiguration.mailSender(AppWebConfiguration.java:179)
	at br.com.casadocodigo.loja.conf.AppWebConfiguration.mailSender(AppWebConfiguration.java:179)
	at br.com.casadocodigo.loja.conf.AppWebConfiguration.mailSender(AppWebConfiguration.java:179)
	at br.com.casadocodigo.loja.conf.AppWebConfiguration.mailSender(AppWebConfiguration.java:179)
	at br.com.casadocodigo.loja.conf.AppWebConfiguration.mailSender(AppWebConfiguration.java:179)
	at br.com.casadocodigo.loja.conf.AppWebConfiguration.mailSender(AppWebConfiguration.java:179)
	at br.com.casadocodigo.loja.conf.AppWebConfiguration.mailSender(AppWebConfiguration.java:179)
	at br.com.casadocodigo.loja.conf.AppWebConfiguration.mailSender(AppWebConfiguration.java:179)
	at br.com.casadocodigo.loja.conf.AppWebConfiguration.mailSender(AppWebConfiguration.java:179)
	at br.com.casadocodigo.loja.conf.AppWebConfiguration.mailSender(AppWebConfiguration.java:179)
	at br.com.casadocodigo.loja.conf.AppWebConfiguration.mailSender(AppWebConfiguration.java:179)
	at br.com.casadocodigo.loja.conf.AppWebConfiguration.mailSender(AppWebConfiguration.java:179)
	at br.com.casadocodigo.loja.conf.AppWebConfiguration.mailSender(AppWebConfiguration.java:179)
	at br.com.casadocodigo.loja.conf.AppWebConfiguration.mailSender(AppWebConfiguration.java:179)
	at br.com.casadocodigo.loja.conf.AppWebConfiguration.mailSender(AppWebConfiguration.java:179)
	at br.com.casadocodigo.loja.conf.AppWebConfiguration.mailSender(AppWebConfiguration.java:179)
	at br.com.casadocodigo.loja.conf.AppWebConfiguration.mailSender(AppWebConfiguration.java:179)
	at br.com.casadocodigo.loja.conf.AppWebConfiguration.mailSender(AppWebConfiguration.java:179)
	at br.com.casadocodigo.loja.conf.AppWebConfiguration.mailSender(AppWebConfiguration.java:179)
	at br.com.casadocodigo.loja.conf.AppWebConfiguration.mailSender(AppWebConfiguration.java:179)
	at br.com.casadocodigo.loja.conf.AppWebConfiguration.mailSender(AppWebConfiguration.java:179)
	at br.com.casadocodigo.loja.conf.AppWebConfiguration.mailSender(AppWebConfiguration.java:179)
	at br.com.casadocodigo.loja.conf.AppWebConfiguration.mailSender(AppWebConfiguration.java:179)
	at br.com.casadocodigo.loja.conf.AppWebConfiguration.mailSender(AppWebConfiguration.java:179)
	at br.com.casadocodigo.loja.conf.AppWebConfiguration.mailSender(AppWebConfiguration.java:179)
	at br.com.casadocodigo.loja.conf.AppWebConfiguration.mailSender(AppWebConfiguration.java:179)
	at br.com.casadocodigo.loja.conf.AppWebConfiguration.mailSender(AppWebConfiguration.java:179)
	at br.com.casadocodigo.loja.conf.AppWebConfiguration.mailSender(AppWebConfiguration.java:179)
	at br.com.casadocodigo.loja.conf.AppWebConfiguration.mailSender(AppWebConfiguration.java:179)
	at br.com.casadocodigo.loja.conf.AppWebConfiguration.mailSender(AppWebConfiguration.java:179)
	at br.com.casadocodigo.loja.conf.AppWebConfiguration.mailSender(AppWebConfiguration.java:179)
	at br.com.casadocodigo.loja.conf.AppWebConfiguration.mailSender(AppWebConfiguration.java:179)
	at br.com.casadocodigo.loja.conf.AppWebConfiguration.mailSender(AppWebConfiguration.java:179)
	at br.com.casadocodigo.loja.conf.AppWebConfiguration.mailSender(AppWebConfiguration.java:179)
	at br.com.casadocodigo.loja.conf.AppWebConfiguration.mailSender(AppWebConfiguration.java:179)
	at br.com.casadocodigo.loja.conf.AppWebConfiguration.mailSender(AppWebConfiguration.java:179)
	at br.com.casadocodigo.loja.conf.AppWebConfiguration.mailSender(AppWebConfiguration.java:179)
	at br.com.casadocodigo.loja.conf.AppWebConfiguration.mailSender(AppWebConfiguration.java:179)
	at br.com.casadocodigo.loja.conf.AppWebConfiguration.mailSender(AppWebConfiguration.java:179)
	at br.com.casadocodigo.loja.conf.AppWebConfiguration.mailSender(AppWebConfiguration.java:179)
	at br.com.casadocodigo.loja.conf.AppWebConfiguration.mailSender(AppWebConfiguration.java:179)
	at br.com.casadocodigo.loja.conf.AppWebConfiguration.mailSender(AppWebConfiguration.java:179)
	at br.com.casadocodigo.loja.conf.AppWebConfiguration.mailSender(AppWebConfiguration.java:179)
	at br.com.casadocodigo.loja.conf.AppWebConfiguration.mailSender(AppWebConfiguration.java:179)
	at br.com.casadocodigo.loja.conf.AppWebConfiguration.mailSender(AppWebConfiguration.java:179)
	at br.com.casadocodigo.loja.conf.AppWebConfiguration.mailSender(AppWebConfiguration.java:179)
	at br.com.casadocodigo.loja.conf.AppWebConfiguration.mailSender(AppWebConfiguration.java:179)
	at br.com.casadocodigo.loja.conf.AppWebConfiguration.mailSender(AppWebConfiguration.java:179)
	at br.com.casadocodigo.loja.conf.AppWebConfiguration.mailSender(AppWebConfiguration.java:179)
	at br.com.casadocodigo.loja.conf.AppWebConfiguration.mailSender(AppWebConfiguration.java:179)
	at br.com.casadocodigo.loja.conf.AppWebConfiguration.mailSender(AppWebConfiguration.java:179)
	at br.com.casadocodigo.loja.conf.AppWebConfiguration.mailSender(AppWebConfiguration.java:179)
	at br.com.casadocodigo.loja.conf.AppWebConfiguration.mailSender(AppWebConfiguration.java:179)
	at br.com.casadocodigo.loja.conf.AppWebConfiguration.mailSender(AppWebConfiguration.java:179)
	at br.com.casadocodigo.loja.conf.AppWebConfiguration.mailSender(AppWebConfiguration.java:179)
	at br.com.casadocodigo.loja.conf.AppWebConfiguration.mailSender(AppWebConfiguration.java:179)
	at br.com.casadocodigo.loja.conf.AppWebConfiguration.mailSender(AppWebConfiguration.java:179)
	at br.com.casadocodigo.loja.conf.AppWebConfiguration.mailSender(AppWebConfiguration.java:179)
	at br.com.casadocodigo.loja.conf.AppWebConfiguration.mailSender(AppWebConfiguration.java:179)
	at br.com.casadocodigo.loja.conf.AppWebConfiguration.mailSender(AppWebConfiguration.java:179)
	at br.com.casadocodigo.loja.conf.AppWebConfiguration.mailSender(AppWebConfiguration.java:179)
	at br.com.casadocodigo.loja.conf.AppWebConfiguration.mailSender(AppWebConfiguration.java:179)
	at br.com.casadocodigo.loja.conf.AppWebConfiguration.mailSender(AppWebConfiguration.java:179)
	at br.com.casadocodigo.loja.conf.AppWebConfiguration.mailSender(AppWebConfiguration.java:179)
	at br.com.casadocodigo.loja.conf.AppWebConfiguration.mailSender(AppWebConfiguration.java:179)
	at br.com.casadocodigo.loja.conf.AppWebConfiguration.mailSender(AppWebConfiguration.java:179)
	at br.com.casadocodigo.loja.conf.AppWebConfiguration.mailSender(AppWebConfiguration.java:179)
	at br.com.casadocodigo.loja.conf.AppWebConfiguration.mailSender(AppWebConfiguration.java:179)
	at br.com.casadocodigo.loja.conf.AppWebConfiguration.mailSender(AppWebConfiguration.java:179)
	at br.com.casadocodigo.loja.conf.AppWebConfiguration.mailSender(AppWebConfiguration.java:179)
	at br.com.casadocodigo.loja.conf.AppWebConfiguration.mailSender(AppWebConfiguration.java:179)
	at br.com.casadocodigo.loja.conf.AppWebConfiguration.mailSender(AppWebConfiguration.java:179)
	at br.com.casadocodigo.loja.conf.AppWebConfiguration.mailSender(AppWebConfiguration.java:179)
	at br.com.casadocodigo.loja.conf.AppWebConfiguration.mailSender(AppWebConfiguration.java:179)
	at br.com.casadocodigo.loja.conf.AppWebConfiguration.mailSender(AppWebConfiguration.java:179)
	at br.com.casadocodigo.loja.conf.AppWebConfiguration.mailSender(AppWebConfiguration.java:179)
	at br.com.casadocodigo.loja.conf.AppWebConfiguration.mailSender(AppWebConfiguration.java:179)
	at br.com.casadocodigo.loja.conf.AppWebConfiguration.mailSender(AppWebConfiguration.java:179)
	at br.com.casadocodigo.loja.conf.AppWebConfiguration.mailSender(AppWebConfiguration.java:179)
	at br.com.casadocodigo.loja.conf.AppWebConfiguration.mailSender(AppWebConfiguration.java:179)
	at br.com.casadocodigo.loja.conf.AppWebConfiguration.mailSender(AppWebConfiguration.java:179)
	at br.com.casadocodigo.loja.conf.AppWebConfiguration.mailSender(AppWebConfiguration.java:179)
	at br.com.casadocodigo.loja.conf.AppWebConfiguration.mailSender(AppWebConfiguration.java:179)
	at br.com.casadocodigo.loja.conf.AppWebConfiguration.mailSender(AppWebConfiguration.java:179)
	at br.com.casadocodigo.loja.conf.AppWebConfiguration.mailSender(AppWebConfiguration.java:179)
	at br.com.casadocodigo.loja.conf.AppWebConfiguration.mailSender(AppWebConfiguration.java:179)
	at br.com.casadocodigo.loja.conf.AppWebConfiguration.mailSender(AppWebConfiguration.java:179)
	at br.com.casadocodigo.loja.conf.AppWebConfiguration.mailSender(AppWebConfiguration.java:179)
	at br.com.casadocodigo.loja.conf.AppWebConfiguration.mailSender(AppWebConfiguration.java:179)
	at br.com.casadocodigo.loja.conf.AppWebConfiguration.mailSender(AppWebConfiguration.java:179)
	at br.com.casadocodigo.loja.conf.AppWebConfiguration.mailSender(AppWebConfiguration.java:179)
	at br.com.casadocodigo.loja.conf.AppWebConfiguration.mailSender(AppWebConfiguration.java:179)
	at br.com.casadocodigo.loja.conf.AppWebConfiguration.mailSender(AppWebConfiguration.java:179)
	at br.com.casadocodigo.loja.conf.AppWebConfiguration.mailSender(AppWebConfiguration.java:179)
	at br.com.casadocodigo.loja.conf.AppWebConfiguration.mailSender(AppWebConfiguration.java:179)
	at br.com.casadocodigo.loja.conf.AppWebConfiguration.mailSender(AppWebConfiguration.java:179)
	at br.com.casadocodigo.loja.conf.AppWebConfiguration.mailSender(AppWebConfiguration.java:179)
	at br.com.casadocodigo.loja.conf.AppWebConfiguration.mailSender(AppWebConfiguration.java:179)
	at br.com.casadocodigo.loja.conf.AppWebConfiguration.mailSender(AppWebConfiguration.java:179)
	at br.com.casadocodigo.loja.conf.AppWebConfiguration.mailSender(AppWebConfiguration.java:179)
	at br.com.casadocodigo.loja.conf.AppWebConfiguration.mailSender(AppWebConfiguration.java:179)
	at br.com.casadocodigo.loja.conf.AppWebConfiguration.mailSender(AppWebConfiguration.java:179)
	at br.com.casadocodigo.loja.conf.AppWebConfiguration.mailSender(AppWebConfiguration.java:179)
	at br.com.casadocodigo.loja.conf.AppWebConfiguration.mailSender(AppWebConfiguration.java:179)
	at br.com.casadocodigo.loja.conf.AppWebConfiguration.mailSender(AppWebConfiguration.java:179)
	at br.com.casadocodigo.loja.conf.AppWebConfiguration.mailSender(AppWebConfiguration.java:179)
	at br.com.casadocodigo.loja.conf.AppWebConfiguration.mailSender(AppWebConfiguration.java:179)
	at br.com.casadocodigo.loja.conf.AppWebConfiguration.mailSender(AppWebConfiguration.java:179)
	at br.com.casadocodigo.loja.conf.AppWebConfiguration.mailSender(AppWebConfiguration.java:179)
	at br.com.casadocodigo.loja.conf.AppWebConfiguration.mailSender(AppWebConfiguration.java:179)
	at br.com.casadocodigo.loja.conf.AppWebConfiguration.mailSender(AppWebConfiguration.java:179)
	at br.com.casadocodigo.loja.conf.AppWebConfiguration.mailSender(AppWebConfiguration.java:179)
	at br.com.casadocodigo.loja.conf.AppWebConfiguration.mailSender(AppWebConfiguration.java:179)
	at br.com.casadocodigo.loja.conf.AppWebConfiguration.mailSender(AppWebConfiguration.java:179)
	at br.com.casadocodigo.loja.conf.AppWebConfiguration.mailSender(AppWebConfiguration.java:179)
	at br.com.casadocodigo.loja.conf.AppWebConfiguration.mailSender(AppWebConfiguration.java:179)
	at br.com.casadocodigo.loja.conf.AppWebConfiguration.mailSender(AppWebConfiguration.java:179)
	at br.com.casadocodigo.loja.conf.AppWebConfiguration.mailSender(AppWebConfiguration.java:179)
	at br.com.casadocodigo.loja.conf.AppWebConfiguration.mailSender(AppWebConfiguration.java:179)
	at br.com.casadocodigo.loja.conf.AppWebConfiguration.mailSender(AppWebConfiguration.java:179)
	at br.com.casadocodigo.loja.conf.AppWebConfiguration.mailSender(AppWebConfiguration.java:179)
	at br.com.casadocodigo.loja.conf.AppWebConfiguration.mailSender(AppWebConfiguration.java:179)
	at br.com.casadocodigo.loja.conf.AppWebConfiguration.mailSender(AppWebConfiguration.java:179)
	at br.com.casadocodigo.loja.conf.AppWebConfiguration.mailSender(AppWebConfiguration.java:179)
	at br.com.casadocodigo.loja.conf.AppWebConfiguration.mailSender(AppWebConfiguration.java:179)
	at br.com.casadocodigo.loja.conf.AppWebConfiguration.mailSender(AppWebConfiguration.java:179)
	at br.com.casadocodigo.loja.conf.AppWebConfiguration.mailSender(AppWebConfiguration.java:179)
	at br.com.casadocodigo.loja.conf.AppWebConfiguration.mailSender(AppWebConfiguration.java:179)
	at br.com.casadocodigo.loja.conf.AppWebConfiguration.mailSender(AppWebConfiguration.java:179)
	at br.com.casadocodigo.loja.conf.AppWebConfiguration.mailSender(AppWebConfiguration.java:179)
	at br.com.casadocodigo.loja.conf.AppWebConfiguration.mailSender(AppWebConfiguration.java:179)
	at br.com.casadocodigo.loja.conf.AppWebConfiguration.mailSender(AppWebConfiguration.java:179)
	at br.com.casadocodigo.loja.conf.AppWebConfiguration.mailSender(AppWebConfiguration.java:179)
	at br.com.casadocodigo.loja.conf.AppWebConfiguration.mailSender(AppWebConfiguration.java:179)
	at br.com.casadocodigo.loja.conf.AppWebConfiguration.mailSender(AppWebConfiguration.java:179)
	at br.com.casadocodigo.loja.conf.AppWebConfiguration.mailSender(AppWebConfiguration.java:179)
	at br.com.casadocodigo.loja.conf.AppWebConfiguration.mailSender(AppWebConfiguration.java:179)
	at br.com.casadocodigo.loja.conf.AppWebConfiguration.mailSender(AppWebConfiguration.java:179)
	at br.com.casadocodigo.loja.conf.AppWebConfiguration.mailSender(AppWebConfiguration.java:179)
	at br.com.casadocodigo.loja.conf.AppWebConfiguration.mailSender(AppWebConfiguration.java:179)
	at br.com.casadocodigo.loja.conf.AppWebConfiguration.mailSender(AppWebConfiguration.java:179)
	at br.com.casadocodigo.loja.conf.AppWebConfiguration.mailSender(AppWebConfiguration.java:179)
	at br.com.casadocodigo.loja.conf.AppWebConfiguration.mailSender(AppWebConfiguration.java:179)
	at br.com.casadocodigo.loja.conf.AppWebConfiguration.mailSender(AppWebConfiguration.java:179)
	at br.com.casadocodigo.loja.conf.AppWebConfiguration.mailSender(AppWebConfiguration.java:179)
	at br.com.casadocodigo.loja.conf.AppWebConfiguration.mailSender(AppWebConfiguration.java:179)
	at br.com.casadocodigo.loja.conf.AppWebConfiguration.mailSender(AppWebConfiguration.java:179)
	at br.com.casadocodigo.loja.conf.AppWebConfiguration.mailSender(AppWebConfiguration.java:179)
	at br.com.casadocodigo.loja.conf.AppWebConfiguration.mailSender(AppWebConfiguration.java:179)
	at br.com.casadocodigo.loja.conf.AppWebConfiguration.mailSender(AppWebConfiguration.java:179)
	at br.com.casadocodigo.loja.conf.AppWebConfiguration.mailSender(AppWebConfiguration.java:179)
	at br.com.casadocodigo.loja.conf.AppWebConfiguration.mailSender(AppWebConfiguration.java:179)
	at br.com.casadocodigo.loja.conf.AppWebConfiguration.mailSender(AppWebConfiguration.java:179)
	at br.com.casadocodigo.loja.conf.AppWebConfiguration.mailSender(AppWebConfiguration.java:179)
	at br.com.casadocodigo.loja.conf.AppWebConfiguration.mailSender(AppWebConfiguration.java:179)
	at br.com.casadocodigo.loja.conf.AppWebConfiguration.mailSender(AppWebConfiguration.java:179)
	at br.com.casadocodigo.loja.conf.AppWebConfiguration.mailSender(AppWebConfiguration.java:179)
	at br.com.casadocodigo.loja.conf.AppWebConfiguration.mailSender(AppWebConfiguration.java:179)
	at br.com.casadocodigo.loja.conf.AppWebConfiguration.mailSender(AppWebConfiguration.java:179)
	at br.com.casadocodigo.loja.conf.AppWebConfiguration.mailSender(AppWebConfiguration.java:179)
	at br.com.casadocodigo.loja.conf.AppWebConfiguration.mailSender(AppWebConfiguration.java:179)
	at br.com.casadocodigo.loja.conf.AppWebConfiguration.mailSender(AppWebConfiguration.java:179)
	at br.com.casadocodigo.loja.conf.AppWebConfiguration.mailSender(AppWebConfiguration.java:179)
	at br.com.casadocodigo.loja.conf.AppWebConfiguration.mailSender(AppWebConfiguration.java:179)
	at br.com.casadocodigo.loja.conf.AppWebConfiguration.mailSender(AppWebConfiguration.java:179)
	at br.com.casadocodigo.loja.conf.AppWebConfiguration.mailSender(AppWebConfiguration.java:179)
	at br.com.casadocodigo.loja.conf.AppWebConfiguration.mailSender(AppWebConfiguration.java:179)
	at br.com.casadocodigo.loja.conf.AppWebConfiguration.mailSender(AppWebConfiguration.java:179)
	at br.com.casadocodigo.loja.conf.AppWebConfiguration.mailSender(AppWebConfiguration.java:179)
	at br.com.casadocodigo.loja.conf.AppWebConfiguration.mailSender(AppWebConfiguration.java:179)
	at br.com.casadocodigo.loja.conf.AppWebConfiguration.mailSender(AppWebConfiguration.java:179)
	at br.com.casadocodigo.loja.conf.AppWebConfiguration.mailSender(AppWebConfiguration.java:179)
	at br.com.casadocodigo.loja.conf.AppWebConfiguration.mailSender(AppWebConfiguration.java:179)
	at br.com.casadocodigo.loja.conf.AppWebConfiguration.mailSender(AppWebConfiguration.java:179)
	at br.com.casadocodigo.loja.conf.AppWebConfiguration.mailSender(AppWebConfiguration.java:179)
	at br.com.casadocodigo.loja.conf.AppWebConfiguration.mailSender(AppWebConfiguration.java:179)
	at br.com.casadocodigo.loja.conf.AppWebConfiguration.mailSender(AppWebConfiguration.java:179)
	at br.com.casadocodigo.loja.conf.AppWebConfiguration.mailSender(AppWebConfiguration.java:179)
	at br.com.casadocodigo.loja.conf.AppWebConfiguration.mailSender(AppWebConfiguration.java:179)
	at br.com.casadocodigo.loja.conf.AppWebConfiguration.mailSender(AppWebConfiguration.java:179)
	at br.com.casadocodigo.loja.conf.AppWebConfiguration.mailSender(AppWebConfiguration.java:179)
	at br.com.casadocodigo.loja.conf.AppWebConfiguration.mailSender(AppWebConfiguration.java:179)
	at br.com.casadocodigo.loja.conf.AppWebConfiguration.mailSender(AppWebConfiguration.java:179)
	at br.com.casadocodigo.loja.conf.AppWebConfiguration.mailSender(AppWebConfiguration.java:179)
	at br.com.casadocodigo.loja.conf.AppWebConfiguration.mailSender(AppWebConfiguration.java:179)
	at br.com.casadocodigo.loja.conf.AppWebConfiguration.mailSender(AppWebConfiguration.java:179)
	at br.com.casadocodigo.loja.conf.AppWebConfiguration.mailSender(AppWebConfiguration.java:179)
	at br.com.casadocodigo.loja.conf.AppWebConfiguration.mailSender(AppWebConfiguration.java:179)
	at br.com.casadocodigo.loja.conf.AppWebConfiguration.mailSender(AppWebConfiguration.java:179)
	at br.com.casadocodigo.loja.conf.AppWebConfiguration.mailSender(AppWebConfiguration.java:179)
	at br.com.casadocodigo.loja.conf.AppWebConfiguration.mailSender(AppWebConfiguration.java:179)
	at br.com.casadocodigo.loja.conf.AppWebConfiguration.mailSender(AppWebConfiguration.java:179)
	at br.com.casadocodigo.loja.conf.AppWebConfiguration.mailSender(AppWebConfiguration.java:179)
	at br.com.casadocodigo.loja.conf.AppWebConfiguration.mailSender(AppWebConfiguration.java:179)
	at br.com.casadocodigo.loja.conf.AppWebConfiguration.mailSender(AppWebConfiguration.java:179)
	at br.com.casadocodigo.loja.conf.AppWebConfiguration.mailSender(AppWebConfiguration.java:179)
	at br.com.casadocodigo.loja.conf.AppWebConfiguration.mailSender(AppWebConfiguration.java:179)
	at br.com.casadocodigo.loja.conf.AppWebConfiguration.mailSender(AppWebConfiguration.java:179)
	at br.com.casadocodigo.loja.conf.AppWebConfiguration.mailSender(AppWebConfiguration.java:179)
	at br.com.casadocodigo.loja.conf.AppWebConfiguration.mailSender(AppWebConfiguration.java:179)
	at br.com.casadocodigo.loja.conf.AppWebConfiguration.mailSender(AppWebConfiguration.java:179)
	at br.com.casadocodigo.loja.conf.AppWebConfiguration.mailSender(AppWebConfiguration.java:179)
	at br.com.casadocodigo.loja.conf.AppWebConfiguration.mailSender(AppWebConfiguration.java:179)
	at br.com.casadocodigo.loja.conf.AppWebConfiguration.mailSender(AppWebConfiguration.java:179)
	at br.com.casadocodigo.loja.conf.AppWebConfiguration.mailSender(AppWebConfiguration.java:179)
	at br.com.casadocodigo.loja.conf.AppWebConfiguration.mailSender(AppWebConfiguration.java:179)
	at br.com.casadocodigo.loja.conf.AppWebConfiguration.mailSender(AppWebConfiguration.java:179)
	at br.com.casadocodigo.loja.conf.AppWebConfiguration.mailSender(AppWebConfiguration.java:179)
	at br.com.casadocodigo.loja.conf.AppWebConfiguration.mailSender(AppWebConfiguration.java:179)
	at br.com.casadocodigo.loja.conf.AppWebConfiguration.mailSender(AppWebConfiguration.java:179)
	at br.com.casadocodigo.loja.conf.AppWebConfiguration.mailSender(AppWebConfiguration.java:179)
	at br.com.casadocodigo.loja.conf.AppWebConfiguration.mailSender(AppWebConfiguration.java:179)
	at br.com.casadocodigo.loja.conf.AppWebConfiguration.mailSender(AppWebConfiguration.java:179)
	at br.com.casadocodigo.loja.conf.AppWebConfiguration.mailSender(AppWebConfiguration.java:179)
	at br.com.casadocodigo.loja.conf.AppWebConfiguration.mailSender(AppWebConfiguration.java:179)
	at br.com.casadocodigo.loja.conf.AppWebConfiguration.mailSender(AppWebConfiguration.java:179)
	at br.com.casadocodigo.loja.conf.AppWebConfiguration.mailSender(AppWebConfiguration.java:179)
	at br.com.casadocodigo.loja.conf.AppWebConfiguration.mailSender(AppWebConfiguration.java:179)
	at br.com.casadocodigo.loja.conf.AppWebConfiguration.mailSender(AppWebConfiguration.java:179)
	at br.com.casadocodigo.loja.conf.AppWebConfiguration.mailSender(AppWebConfiguration.java:179)
	at br.com.casadocodigo.loja.conf.AppWebConfiguration.mailSender(AppWebConfiguration.java:179)
	at br.com.casadocodigo.loja.conf.AppWebConfiguration.mailSender(AppWebConfiguration.java:179)
	at br.com.casadocodigo.loja.conf.AppWebConfiguration.mailSender(AppWebConfiguration.java:179)
	at br.com.casadocodigo.loja.conf.AppWebConfiguration.mailSender(AppWebConfiguration.java:179)
	at br.com.casadocodigo.loja.conf.AppWebConfiguration.mailSender(AppWebConfiguration.java:179)
	at br.com.casadocodigo.loja.conf.AppWebConfiguration.mailSender(AppWebConfiguration.java:179)
	at br.com.casadocodigo.loja.conf.AppWebConfiguration.mailSender(AppWebConfiguration.java:179)
	at br.com.casadocodigo.loja.conf.AppWebConfiguration.mailSender(AppWebConfiguration.java:179)
	at br.com.casadocodigo.loja.conf.AppWebConfiguration.mailSender(AppWebConfiguration.java:179)
	at br.com.casadocodigo.loja.conf.AppWebConfiguration.mailSender(AppWebConfiguration.java:179)
	at br.com.casadocodigo.loja.conf.AppWebConfiguration.mailSender(AppWebConfiguration.java:179)
	at br.com.casadocodigo.loja.conf.AppWebConfiguration.mailSender(AppWebConfiguration.java:179)
	at br.com.casadocodigo.loja.conf.AppWebConfiguration.mailSender(AppWebConfiguration.java:179)
	at br.com.casadocodigo.loja.conf.AppWebConfiguration.mailSender(AppWebConfiguration.java:179)
	at br.com.casadocodigo.loja.conf.AppWebConfiguration.mailSender(AppWebConfiguration.java:179)
	at br.com.casadocodigo.loja.conf.AppWebConfiguration.mailSender(AppWebConfiguration.java:179)
	at br.com.casadocodigo.loja.conf.AppWebConfiguration.mailSender(AppWebConfiguration.java:179)
	at br.com.casadocodigo.loja.conf.AppWebConfiguration.mailSender(AppWebConfiguration.java:179)
	at br.com.casadocodigo.loja.conf.AppWebConfiguration.mailSender(AppWebConfiguration.java:179)
	at br.com.casadocodigo.loja.conf.AppWebConfiguration.mailSender(AppWebConfiguration.java:179)
	at br.com.casadocodigo.loja.conf.AppWebConfiguration.mailSender(AppWebConfiguration.java:179)
	at br.com.casadocodigo.loja.conf.AppWebConfiguration.mailSender(AppWebConfiguration.java:179)
	at br.com.casadocodigo.loja.conf.AppWebConfiguration.mailSender(AppWebConfiguration.java:179)
	at br.com.casadocodigo.loja.conf.AppWebConfiguration.mailSender(AppWebConfiguration.java:179)
	at br.com.casadocodigo.loja.conf.AppWebConfiguration.mailSender(AppWebConfiguration.java:179)
	at br.com.casadocodigo.loja.conf.AppWebConfiguration.mailSender(AppWebConfiguration.java:179)
	at br.com.casadocodigo.loja.conf.AppWebConfiguration.mailSender(AppWebConfiguration.java:179)
	at br.com.casadocodigo.loja.conf.AppWebConfiguration.mailSender(AppWebConfiguration.java:179)
	at br.com.casadocodigo.loja.conf.AppWebConfiguration.mailSender(AppWebConfiguration.java:179)
	at br.com.casadocodigo.loja.conf.AppWebConfiguration.mailSender(AppWebConfiguration.java:179)
	at br.com.casadocodigo.loja.conf.AppWebConfiguration.mailSender(AppWebConfiguration.java:179)
	at br.com.casadocodigo.loja.conf.AppWebConfiguration.mailSender(AppWebConfiguration.java:179)
	at br.com.casadocodigo.loja.conf.AppWebConfiguration.mailSender(AppWebConfiguration.java:179)
	at br.com.casadocodigo.loja.conf.AppWebConfiguration.mailSender(AppWebConfiguration.java:179)
	at br.com.casadocodigo.loja.conf.AppWebConfiguration.mailSender(AppWebConfiguration.java:179)
	at br.com.casadocodigo.loja.conf.AppWebConfiguration.mailSender(AppWebConfiguration.java:179)
	at br.com.casadocodigo.loja.conf.AppWebConfiguration.mailSender(AppWebConfiguration.java:179)
	at br.com.casadocodigo.loja.conf.AppWebConfiguration.mailSender(AppWebConfiguration.java:179)
	at br.com.casadocodigo.loja.conf.AppWebConfiguration.mailSender(AppWebConfiguration.java:179)
	at br.com.casadocodigo.loja.conf.AppWebConfiguration.mailSender(AppWebConfiguration.java:179)
	at br.com.casadocodigo.loja.conf.AppWebConfiguration.mailSender(AppWebConfiguration.java:179)
	at br.com.casadocodigo.loja.conf.AppWebConfiguration.mailSender(AppWebConfiguration.java:179)
	at br.com.casadocodigo.loja.conf.AppWebConfiguration.mailSender(AppWebConfiguration.java:179)
	at br.com.casadocodigo.loja.conf.AppWebConfiguration.mailSender(AppWebConfiguration.java:179)
	at br.com.casadocodigo.loja.conf.AppWebConfiguration.mailSender(AppWebConfiguration.java:179)
	at br.com.casadocodigo.loja.conf.AppWebConfiguration.mailSender(AppWebConfiguration.java:179)
	at br.com.casadocodigo.loja.conf.AppWebConfiguration.mailSender(AppWebConfiguration.java:179)
	at br.com.casadocodigo.loja.conf.AppWebConfiguration.mailSender(AppWebConfiguration.java:179)
	at br.com.casadocodigo.loja.conf.AppWebConfiguration.mailSender(AppWebConfiguration.java:179)
	at br.com.casadocodigo.loja.conf.AppWebConfiguration.mailSender(AppWebConfiguration.java:179)
	at br.com.casadocodigo.loja.conf.AppWebConfiguration.mailSender(AppWebConfiguration.java:179)
	at br.com.casadocodigo.loja.conf.AppWebConfiguration.mailSender(AppWebConfiguration.java:179)
	at br.com.casadocodigo.loja.conf.AppWebConfiguration.mailSender(AppWebConfiguration.java:179)
	at br.com.casadocodigo.loja.conf.AppWebConfiguration.mailSender(AppWebConfiguration.java:179)
	at br.com.casadocodigo.loja.conf.AppWebConfiguration.mailSender(AppWebConfiguration.java:179)
	at br.com.casadocodigo.loja.conf.AppWebConfiguration.mailSender(AppWebConfiguration.java:179)
	at br.com.casadocodigo.loja.conf.AppWebConfiguration.mailSender(AppWebConfiguration.java:179)
	at br.com.casadocodigo.loja.conf.AppWebConfiguration.mailSender(AppWebConfiguration.java:179)
	at br.com.casadocodigo.loja.conf.AppWebConfiguration.mailSender(AppWebConfiguration.java:179)
	at br.com.casadocodigo.loja.conf.AppWebConfiguration.mailSender(AppWebConfiguration.java:179)
	at br.com.casadocodigo.loja.conf.AppWebConfiguration.mailSender(AppWebConfiguration.java:179)
	at br.com.casadocodigo.loja.conf.AppWebConfiguration.mailSender(AppWebConfiguration.java:179)
	at br.com.casadocodigo.loja.conf.AppWebConfiguration.mailSender(AppWebConfiguration.java:179)
	at br.com.casadocodigo.loja.conf.AppWebConfiguration.mailSender(AppWebConfiguration.java:179)
	at br.com.casadocodigo.loja.conf.AppWebConfiguration.mailSender(AppWebConfiguration.java:179)
	at br.com.casadocodigo.loja.conf.AppWebConfiguration.mailSender(AppWebConfiguration.java:179)
	at br.com.casadocodigo.loja.conf.AppWebConfiguration.mailSender(AppWebConfiguration.java:179)
	at br.com.casadocodigo.loja.conf.AppWebConfiguration.mailSender(AppWebConfiguration.java:179)
	at br.com.casadocodigo.loja.conf.AppWebConfiguration.mailSender(AppWebConfiguration.java:179)
	at br.com.casadocodigo.loja.conf.AppWebConfiguration.mailSender(AppWebConfiguration.java:179)
	at br.com.casadocodigo.loja.conf.AppWebConfiguration.mailSender(AppWebConfiguration.java:179)
	at br.com.casadocodigo.loja.conf.AppWebConfiguration.mailSender(AppWebConfiguration.java:179)
	at br.com.casadocodigo.loja.conf.AppWebConfiguration.mailSender(AppWebConfiguration.java:179)
	at br.com.casadocodigo.loja.conf.AppWebConfiguration.mailSender(AppWebConfiguration.java:179)
	at br.com.casadocodigo.loja.conf.AppWebConfiguration.mailSender(AppWebConfiguration.java:179)
	at br.com.casadocodigo.loja.conf.AppWebConfiguration.mailSender(AppWebConfiguration.java:179)
	at br.com.casadocodigo.loja.conf.AppWebConfiguration.mailSender(AppWebConfiguration.java:179)
	at br.com.casadocodigo.loja.conf.AppWebConfiguration.mailSender(AppWebConfiguration.java:179)
	at br.com.casadocodigo.loja.conf.AppWebConfiguration.mailSender(AppWebConfiguration.java:179)
	at br.com.casadocodigo.loja.conf.AppWebConfiguration.mailSender(AppWebConfiguration.java:179)
	at br.com.casadocodigo.loja.conf.AppWebConfiguration.mailSender(AppWebConfiguration.java:179)
	at br.com.casadocodigo.loja.conf.AppWebConfiguration.mailSender(AppWebConfiguration.java:179)
	at br.com.casadocodigo.loja.conf.AppWebConfiguration.mailSender(AppWebConfiguration.java:179)
	at br.com.casadocodigo.loja.conf.AppWebConfiguration.mailSender(AppWebConfiguration.java:179)
	at br.com.casadocodigo.loja.conf.AppWebConfiguration.mailSender(AppWebConfiguration.java:179)
	at br.com.casadocodigo.loja.conf.AppWebConfiguration.mailSender(AppWebConfiguration.java:179)
	at br.com.casadocodigo.loja.conf.AppWebConfiguration.mailSender(AppWebConfiguration.java:179)
	at br.com.casadocodigo.loja.conf.AppWebConfiguration.mailSender(AppWebConfiguration.java:179)
	at br.com.casadocodigo.loja.conf.AppWebConfiguration.mailSender(AppWebConfiguration.java:179)
	at br.com.casadocodigo.loja.conf.AppWebConfiguration.mailSender(AppWebConfiguration.java:179)
	at br.com.casadocodigo.loja.conf.AppWebConfiguration.mailSender(AppWebConfiguration.java:179)
	at br.com.casadocodigo.loja.conf.AppWebConfiguration.mailSender(AppWebConfiguration.java:179)
	at br.com.casadocodigo.loja.conf.AppWebConfiguration.mailSender(AppWebConfiguration.java:179)
	at br.com.casadocodigo.loja.conf.AppWebConfiguration.mailSender(AppWebConfiguration.java:179)
	at br.com.casadocodigo.loja.conf.AppWebConfiguration.mailSender(AppWebConfiguration.java:179)
	at br.com.casadocodigo.loja.conf.AppWebConfiguration.mailSender(AppWebConfiguration.java:179)
	at br.com.casadocodigo.loja.conf.AppWebConfiguration.mailSender(AppWebConfiguration.java:179)
	at br.com.casadocodigo.loja.conf.AppWebConfiguration.mailSender(AppWebConfiguration.java:179)
	at br.com.casadocodigo.loja.conf.AppWebConfiguration.mailSender(AppWebConfiguration.java:179)
	at br.com.casadocodigo.loja.conf.AppWebConfiguration.mailSender(AppWebConfiguration.java:179)
	at br.com.casadocodigo.loja.conf.AppWebConfiguration.mailSender(AppWebConfiguration.java:179)
	at br.com.casadocodigo.loja.conf.AppWebConfiguration.mailSender(AppWebConfiguration.java:179)
	at br.com.casadocodigo.loja.conf.AppWebConfiguration.mailSender(AppWebConfiguration.java:179)
	at br.com.casadocodigo.loja.conf.AppWebConfiguration.mailSender(AppWebConfiguration.java:179)
	at br.com.casadocodigo.loja.conf.AppWebConfiguration.mailSender(AppWebConfiguration.java:179)
	at br.com.casadocodigo.loja.conf.AppWebConfiguration.mailSender(AppWebConfiguration.java:179)
	at br.com.casadocodigo.loja.conf.AppWebConfiguration.mailSender(AppWebConfiguration.java:179)
	at br.com.casadocodigo.loja.conf.AppWebConfiguration.mailSender(AppWebConfiguration.java:179)
	at br.com.casadocodigo.loja.conf.AppWebConfiguration.mailSender(AppWebConfiguration.java:179)
	at br.com.casadocodigo.loja.conf.AppWebConfiguration.mailSender(AppWebConfiguration.java:179)
	at br.com.casadocodigo.loja.conf.AppWebConfiguration.mailSender(AppWebConfiguration.java:179)
	at br.com.casadocodigo.loja.conf.AppWebConfiguration.mailSender(AppWebConfiguration.java:179)
	at br.com.casadocodigo.loja.conf.AppWebConfiguration.mailSender(AppWebConfiguration.java:179)
	at br.com.casadocodigo.loja.conf.AppWebConfiguration.mailSender(AppWebConfiguration.java:179)
	at br.com.casadocodigo.loja.conf.AppWebConfiguration.mailSender(AppWebConfiguration.java:179)
	at br.com.casadocodigo.loja.conf.AppWebConfiguration.mailSender(AppWebConfiguration.java:179)
	at br.com.casadocodigo.loja.conf.AppWebConfiguration.mailSender(AppWebConfiguration.java:179)
	at br.com.casadocodigo.loja.conf.AppWebConfiguration.mailSender(AppWebConfiguration.java:179)
	at br.com.casadocodigo.loja.conf.AppWebConfiguration.mailSender(AppWebConfiguration.java:179)
	at br.com.casadocodigo.loja.conf.AppWebConfiguration.mailSender(AppWebConfiguration.java:179)
	at br.com.casadocodigo.loja.conf.AppWebConfiguration.mailSender(AppWebConfiguration.java:179)
	at br.com.casadocodigo.loja.conf.AppWebConfiguration.mailSender(AppWebConfiguration.java:179)
	at br.com.casadocodigo.loja.conf.AppWebConfiguration.mailSender(AppWebConfiguration.java:179)
	at br.com.casadocodigo.loja.conf.AppWebConfiguration.mailSender(AppWebConfiguration.java:179)
	at br.com.casadocodigo.loja.conf.AppWebConfiguration.mailSender(AppWebConfiguration.java:179)
	at br.com.casadocodigo.loja.conf.AppWebConfiguration.mailSender(AppWebConfiguration.java:179)
	at br.com.casadocodigo.loja.conf.AppWebConfiguration.mailSender(AppWebConfiguration.java:179)
	at br.com.casadocodigo.loja.conf.AppWebConfiguration.mailSender(AppWebConfiguration.java:179)
	at br.com.casadocodigo.loja.conf.AppWebConfiguration.mailSender(AppWebConfiguration.java:179)
	at br.com.casadocodigo.loja.conf.AppWebConfiguration.mailSender(AppWebConfiguration.java:179)
	at br.com.casadocodigo.loja.conf.AppWebConfiguration.mailSender(AppWebConfiguration.java:179)
	at br.com.casadocodigo.loja.conf.AppWebConfiguration.mailSender(AppWebConfiguration.java:179)
	at br.com.casadocodigo.loja.conf.AppWebConfiguration.mailSender(AppWebConfiguration.java:179)
	at br.com.casadocodigo.loja.conf.AppWebConfiguration.mailSender(AppWebConfiguration.java:179)
	at br.com.casadocodigo.loja.conf.AppWebConfiguration.mailSender(AppWebConfiguration.java:179)
	at br.com.casadocodigo.loja.conf.AppWebConfiguration.mailSender(AppWebConfiguration.java:179)
	at br.com.casadocodigo.loja.conf.AppWebConfiguration.mailSender(AppWebConfiguration.java:179)
	at br.com.casadocodigo.loja.conf.AppWebConfiguration.mailSender(AppWebConfiguration.java:179)
	at br.com.casadocodigo.loja.conf.AppWebConfiguration.mailSender(AppWebConfiguration.java:179)
	at br.com.casadocodigo.loja.conf.AppWebConfiguration.mailSender(AppWebConfiguration.java:179)
	at br.com.casadocodigo.loja.conf.AppWebConfiguration.mailSender(AppWebConfiguration.java:179)
	at br.com.casadocodigo.loja.conf.AppWebConfiguration.mailSender(AppWebConfiguration.java:179)
	at br.com.casadocodigo.loja.conf.AppWebConfiguration.mailSender(AppWebConfiguration.java:179)
	at br.com.casadocodigo.loja.conf.AppWebConfiguration.mailSender(AppWebConfiguration.java:179)
	at br.com.casadocodigo.loja.conf.AppWebConfiguration.mailSender(AppWebConfiguration.java:179)
	at br.com.casadocodigo.loja.conf.AppWebConfiguration.mailSender(AppWebConfiguration.java:179)
	at br.com.casadocodigo.loja.conf.AppWebConfiguration.mailSender(AppWebConfiguration.java:179)
	at br.com.casadocodigo.loja.conf.AppWebConfiguration.mailSender(AppWebConfiguration.java:179)
	at br.com.casadocodigo.loja.conf.AppWebConfiguration.mailSender(AppWebConfiguration.java:179)
	at br.com.casadocodigo.loja.conf.AppWebConfiguration.mailSender(AppWebConfiguration.java:179)
	at br.com.casadocodigo.loja.conf.AppWebConfiguration.mailSender(AppWebConfiguration.java:179)
	at br.com.casadocodigo.loja.conf.AppWebConfiguration.mailSender(AppWebConfiguration.java:179)
	at br.com.casadocodigo.loja.conf.AppWebConfiguration.mailSender(AppWebConfiguration.java:179)
	at br.com.casadocodigo.loja.conf.AppWebConfiguration.mailSender(AppWebConfiguration.java:179)
	at br.com.casadocodigo.loja.conf.AppWebConfiguration.mailSender(AppWebConfiguration.java:179)
	at br.com.casadocodigo.loja.conf.AppWebConfiguration.mailSender(AppWebConfiguration.java:179)
	at br.com.casadocodigo.loja.conf.AppWebConfiguration.mailSender(AppWebConfiguration.java:179)
	at br.com.casadocodigo.loja.conf.AppWebConfiguration.mailSender(AppWebConfiguration.java:179)
	at br.com.casadocodigo.loja.conf.AppWebConfiguration.mailSender(AppWebConfiguration.java:179)
	at br.com.casadocodigo.loja.conf.AppWebConfiguration.mailSender(AppWebConfiguration.java:179)
	at br.com.casadocodigo.loja.conf.AppWebConfiguration.mailSender(AppWebConfiguration.java:179)
	at br.com.casadocodigo.loja.conf.AppWebConfiguration.mailSender(AppWebConfiguration.java:179)
	at br.com.casadocodigo.loja.conf.AppWebConfiguration.mailSender(AppWebConfiguration.java:179)
	at br.com.casadocodigo.loja.conf.AppWebConfiguration.mailSender(AppWebConfiguration.java:179)
	at br.com.casadocodigo.loja.conf.AppWebConfiguration.mailSender(AppWebConfiguration.java:179)
	at br.com.casadocodigo.loja.conf.AppWebConfiguration.mailSender(AppWebConfiguration.java:179)
	at br.com.casadocodigo.loja.conf.AppWebConfiguration.mailSender(AppWebConfiguration.java:179)
	at br.com.casadocodigo.loja.conf.AppWebConfiguration.mailSender(AppWebConfiguration.java:179)
	at br.com.casadocodigo.loja.conf.AppWebConfiguration.mailSender(AppWebConfiguration.java:179)
	at br.com.casadocodigo.loja.conf.AppWebConfiguration.mailSender(AppWebConfiguration.java:179)
	at br.com.casadocodigo.loja.conf.AppWebConfiguration.mailSender(AppWebConfiguration.java:179)
	at br.com.casadocodigo.loja.conf.AppWebConfiguration.mailSender(AppWebConfiguration.java:179)
	at br.com.casadocodigo.loja.conf.AppWebConfiguration.mailSender(AppWebConfiguration.java:179)
	at br.com.casadocodigo.loja.conf.AppWebConfiguration.mailSender(AppWebConfiguration.java:179)
	at br.com.casadocodigo.loja.conf.AppWebConfiguration.mailSender(AppWebConfiguration.java:179)
	at br.com.casadocodigo.loja.conf.AppWebConfiguration.mailSender(AppWebConfiguration.java:179)
	at br.com.casadocodigo.loja.conf.AppWebConfiguration.mailSender(AppWebConfiguration.java:179)
	at br.com.casadocodigo.loja.conf.AppWebConfiguration.mailSender(AppWebConfiguration.java:179)
	at br.com.casadocodigo.loja.conf.AppWebConfiguration.mailSender(AppWebConfiguration.java:179)
	at br.com.casadocodigo.loja.conf.AppWebConfiguration.mailSender(AppWebConfiguration.java:179)
	at br.com.casadocodigo.loja.conf.AppWebConfiguration.mailSender(AppWebConfiguration.java:179)
	at br.com.casadocodigo.loja.conf.AppWebConfiguration.mailSender(AppWebConfiguration.java:179)
	at br.com.casadocodigo.loja.conf.AppWebConfiguration.mailSender(AppWebConfiguration.java:179)
	at br.com.casadocodigo.loja.conf.AppWebConfiguration.mailSender(AppWebConfiguration.java:179)
	at br.com.casadocodigo.loja.conf.AppWebConfiguration.mailSender(AppWebConfiguration.java:179)
	at br.com.casadocodigo.loja.conf.AppWebConfiguration.mailSender(AppWebConfiguration.java:179)
	at br.com.casadocodigo.loja.conf.AppWebConfiguration.mailSender(AppWebConfiguration.java:179)
	at br.com.casadocodigo.loja.conf.AppWebConfiguration.mailSender(AppWebConfiguration.java:179)
	at br.com.casadocodigo.loja.conf.AppWebConfiguration.mailSender(AppWebConfiguration.java:179)
	at br.com.casadocodigo.loja.conf.AppWebConfiguration.mailSender(AppWebConfiguration.java:179)
	at br.com.casadocodigo.loja.conf.AppWebConfiguration.mailSender(AppWebConfiguration.java:179)
	at br.com.casadocodigo.loja.conf.AppWebConfiguration.mailSender(AppWebConfiguration.java:179)
	at br.com.casadocodigo.loja.conf.AppWebConfiguration.mailSender(AppWebConfiguration.java:179)
	at br.com.casadocodigo.loja.conf.AppWebConfiguration.mailSender(AppWebConfiguration.java:179)
	at br.com.casadocodigo.loja.conf.AppWebConfiguration.mailSender(AppWebConfiguration.java:179)
	at br.com.casadocodigo.loja.conf.AppWebConfiguration.mailSender(AppWebConfiguration.java:179)
	at br.com.casadocodigo.loja.conf.AppWebConfiguration.mailSender(AppWebConfiguration.java:179)
	at br.com.casadocodigo.loja.conf.AppWebConfiguration.mailSender(AppWebConfiguration.java:179)
	at br.com.casadocodigo.loja.conf.AppWebConfiguration.mailSender(AppWebConfiguration.java:179)
	at br.com.casadocodigo.loja.conf.AppWebConfiguration.mailSender(AppWebConfiguration.java:179)
	at br.com.casadocodigo.loja.conf.AppWebConfiguration.mailSender(AppWebConfiguration.java:179)
	at br.com.casadocodigo.loja.conf.AppWebConfiguration.mailSender(AppWebConfiguration.java:179)
	at br.com.casadocodigo.loja.conf.AppWebConfiguration.mailSender(AppWebConfiguration.java:179)
	at br.com.casadocodigo.loja.conf.AppWebConfiguration.mailSender(AppWebConfiguration.java:179)
	at br.com.casadocodigo.loja.conf.AppWebConfiguration.mailSender(AppWebConfiguration.java:179)
	at br.com.casadocodigo.loja.conf.AppWebConfiguration.mailSender(AppWebConfiguration.java:179)
	at br.com.casadocodigo.loja.conf.AppWebConfiguration.mailSender(AppWebConfiguration.java:179)
	at br.com.casadocodigo.loja.conf.AppWebConfiguration.mailSender(AppWebConfiguration.java:179)
	at br.com.casadocodigo.loja.conf.AppWebConfiguration.mailSender(AppWebConfiguration.java:179)
	at br.com.casadocodigo.loja.conf.AppWebConfiguration.mailSender(AppWebConfiguration.java:179)
	at br.com.casadocodigo.loja.conf.AppWebConfiguration.mailSender(AppWebConfiguration.java:179)
	at br.com.casadocodigo.loja.conf.AppWebConfiguration.mailSender(AppWebConfiguration.java:179)
	at br.com.casadocodigo.loja.conf.AppWebConfiguration.mailSender(AppWebConfiguration.java:179)
	at br.com.casadocodigo.loja.conf.AppWebConfiguration.mailSender(AppWebConfiguration.java:179)
	at br.com.casadocodigo.loja.conf.AppWebConfiguration.mailSender(AppWebConfiguration.java:179)
	at br.com.casadocodigo.loja.conf.AppWebConfiguration.mailSender(AppWebConfiguration.java:179)
	at br.com.casadocodigo.loja.conf.AppWebConfiguration.mailSender(AppWebConfiguration.java:179)
	at br.com.casadocodigo.loja.conf.AppWebConfiguration.mailSender(AppWebConfiguration.java:179)
	at br.com.casadocodigo.loja.conf.AppWebConfiguration.mailSender(AppWebConfiguration.java:179)
	at br.com.casadocodigo.loja.conf.AppWebConfiguration.mailSender(AppWebConfiguration.java:179)
	at br.com.casadocodigo.loja.conf.AppWebConfiguration.mailSender(AppWebConfiguration.java:179)
	at br.com.casadocodigo.loja.conf.AppWebConfiguration.mailSender(AppWebConfiguration.java:179)
	at br.com.casadocodigo.loja.conf.AppWebConfiguration.mailSender(AppWebConfiguration.java:179)
	at br.com.casadocodigo.loja.conf.AppWebConfiguration.mailSender(AppWebConfiguration.java:179)
	at br.com.casadocodigo.loja.conf.AppWebConfiguration.mailSender(AppWebConfiguration.java:179)
	at br.com.casadocodigo.loja.conf.AppWebConfiguration.mailSender(AppWebConfiguration.java:179)
	at br.com.casadocodigo.loja.conf.AppWebConfiguration.mailSender(AppWebConfiguration.java:179)
	at br.com.casadocodigo.loja.conf.AppWebConfiguration.mailSender(AppWebConfiguration.java:179)
	at br.com.casadocodigo.loja.conf.AppWebConfiguration.mailSender(AppWebConfiguration.java:179)
	at br.com.casadocodigo.loja.conf.AppWebConfiguration.mailSender(AppWebConfiguration.java:179)
	at br.com.casadocodigo.loja.conf.AppWebConfiguration.mailSender(AppWebConfiguration.java:179)
	at br.com.casadocodigo.loja.conf.AppWebConfiguration.mailSender(AppWebConfiguration.java:179)
	at br.com.casadocodigo.loja.conf.AppWebConfiguration.mailSender(AppWebConfiguration.java:179)
	at br.com.casadocodigo.loja.conf.AppWebConfiguration.mailSender(AppWebConfiguration.java:179)
	at br.com.casadocodigo.loja.conf.AppWebConfiguration.mailSender(AppWebConfiguration.java:179)
	at br.com.casadocodigo.loja.conf.AppWebConfiguration.mailSender(AppWebConfiguration.java:179)
	at br.com.casadocodigo.loja.conf.AppWebConfiguration.mailSender(AppWebConfiguration.java:179)
	at br.com.casadocodigo.loja.conf.AppWebConfiguration.mailSender(AppWebConfiguration.java:179)
	at br.com.casadocodigo.loja.conf.AppWebConfiguration.mailSender(AppWebConfiguration.java:179)
	at br.com.casadocodigo.loja.conf.AppWebConfiguration.mailSender(AppWebConfiguration.java:179)
	at br.com.casadocodigo.loja.conf.AppWebConfiguration.mailSender(AppWebConfiguration.java:179)
	at br.com.casadocodigo.loja.conf.AppWebConfiguration.mailSender(AppWebConfiguration.java:179)
	at br.com.casadocodigo.loja.conf.AppWebConfiguration.mailSender(AppWebConfiguration.java:179)
	at br.com.casadocodigo.loja.conf.AppWebConfiguration.mailSender(AppWebConfiguration.java:179)
	at br.com.casadocodigo.loja.conf.AppWebConfiguration.mailSender(AppWebConfiguration.java:179)
	at br.com.casadocodigo.loja.conf.AppWebConfiguration.mailSender(AppWebConfiguration.java:179)
	at br.com.casadocodigo.loja.conf.AppWebConfiguration.mailSender(AppWebConfiguration.java:179)
	at br.com.casadocodigo.loja.conf.AppWebConfiguration.mailSender(AppWebConfiguration.java:179)
	at br.com.casadocodigo.loja.conf.AppWebConfiguration.mailSender(AppWebConfiguration.java:179)
	at br.com.casadocodigo.loja.conf.AppWebConfiguration.mailSender(AppWebConfiguration.java:179)
	at br.com.casadocodigo.loja.conf.AppWebConfiguration.mailSender(AppWebConfiguration.java:179)
	at br.com.casadocodigo.loja.conf.AppWebConfiguration.mailSender(AppWebConfiguration.java:179)
	at br.com.casadocodigo.loja.conf.AppWebConfiguration.mailSender(AppWebConfiguration.java:179)
	at br.com.casadocodigo.loja.conf.AppWebConfiguration.mailSender(AppWebConfiguration.java:179)
	at br.com.casadocodigo.loja.conf.AppWebConfiguration.mailSender(AppWebConfiguration.java:179)
	at br.com.casadocodigo.loja.conf.AppWebConfiguration.mailSender(AppWebConfiguration.java:179)
	at br.com.casadocodigo.loja.conf.AppWebConfiguration.mailSender(AppWebConfiguration.java:179)
	at br.com.casadocodigo.loja.conf.AppWebConfiguration.mailSender(AppWebConfiguration.java:179)
	at br.com.casadocodigo.loja.conf.AppWebConfiguration.mailSender(AppWebConfiguration.java:179)
	at br.com.casadocodigo.loja.conf.AppWebConfiguration.mailSender(AppWebConfiguration.java:179)
	at br.com.casadocodigo.loja.conf.AppWebConfiguration.mailSender(AppWebConfiguration.java:179)
	at br.com.casadocodigo.loja.conf.AppWebConfiguration.mailSender(AppWebConfiguration.java:179)
	at br.com.casadocodigo.loja.conf.AppWebConfiguration.mailSender(AppWebConfiguration.java:179)
	at br.com.casadocodigo.loja.conf.AppWebConfiguration.mailSender(AppWebConfiguration.java:179)
	at br.com.casadocodigo.loja.conf.AppWebConfiguration.mailSender(AppWebConfiguration.java:179)
	at br.com.casadocodigo.loja.conf.AppWebConfiguration.mailSender(AppWebConfiguration.java:179)
	at br.com.casadocodigo.loja.conf.AppWebConfiguration.mailSender(AppWebConfiguration.java:179)
	at br.com.casadocodigo.loja.conf.AppWebConfiguration.mailSender(AppWebConfiguration.java:179)
	at br.com.casadocodigo.loja.conf.AppWebConfiguration.mailSender(AppWebConfiguration.java:179)
	at br.com.casadocodigo.loja.conf.AppWebConfiguration.mailSender(AppWebConfiguration.java:179)
	at br.com.casadocodigo.loja.conf.AppWebConfiguration.mailSender(AppWebConfiguration.java:179)
	at br.com.casadocodigo.loja.conf.AppWebConfiguration.mailSender(AppWebConfiguration.java:179)
	at br.com.casadocodigo.loja.conf.AppWebConfiguration.mailSender(AppWebConfiguration.java:179)
	at br.com.casadocodigo.loja.conf.AppWebConfiguration.mailSender(AppWebConfiguration.java:179)
	at br.com.casadocodigo.loja.conf.AppWebConfiguration.mailSender(AppWebConfiguration.java:179)
	at br.com.casadocodigo.loja.conf.AppWebConfiguration.mailSender(AppWebConfiguration.java:179)
	at br.com.casadocodigo.loja.conf.AppWebConfiguration.mailSender(AppWebConfiguration.java:179)
	at br.com.casadocodigo.loja.conf.AppWebConfiguration.mailSender(AppWebConfiguration.java:179)
	at br.com.casadocodigo.loja.conf.AppWebConfiguration.mailSender(AppWebConfiguration.java:179)
	at br.com.casadocodigo.loja.conf.AppWebConfiguration.mailSender(AppWebConfiguration.java:179)
	at br.com.casadocodigo.loja.conf.AppWebConfiguration.mailSender(AppWebConfiguration.java:179)
	at br.com.casadocodigo.loja.conf.AppWebConfiguration.mailSender(AppWebConfiguration.java:179)
	at br.com.casadocodigo.loja.conf.AppWebConfiguration.mailSender(AppWebConfiguration.java:179)
	at br.com.casadocodigo.loja.conf.AppWebConfiguration.mailSender(AppWebConfiguration.java:179)
	at br.com.casadocodigo.loja.conf.AppWebConfiguration.mailSender(AppWebConfiguration.java:179)
	at br.com.casadocodigo.loja.conf.AppWebConfiguration.mailSender(AppWebConfiguration.java:179)
	at br.com.casadocodigo.loja.conf.AppWebConfiguration.mailSender(AppWebConfiguration.java:179)
	at br.com.casadocodigo.loja.conf.AppWebConfiguration.mailSender(AppWebConfiguration.java:179)
	at br.com.casadocodigo.loja.conf.AppWebConfiguration.mailSender(AppWebConfiguration.java:179)
	at br.com.casadocodigo.loja.conf.AppWebConfiguration.mailSender(AppWebConfiguration.java:179)
	at br.com.casadocodigo.loja.conf.AppWebConfiguration.mailSender(AppWebConfiguration.java:179)
	at br.com.casadocodigo.loja.conf.AppWebConfiguration.mailSender(AppWebConfiguration.java:179)
	at br.com.casadocodigo.loja.conf.AppWebConfiguration.mailSender(AppWebConfiguration.java:179)
	at br.com.casadocodigo.loja.conf.AppWebConfiguration.mailSender(AppWebConfiguration.java:179)
	at br.com.casadocodigo.loja.conf.AppWebConfiguration.mailSender(AppWebConfiguration.java:179)
	at br.com.casadocodigo.loja.conf.AppWebConfiguration.mailSender(AppWebConfiguration.java:179)
	at br.com.casadocodigo.loja.conf.AppWebConfiguration.mailSender(AppWebConfiguration.java:179)
	at br.com.casadocodigo.loja.conf.AppWebConfiguration.mailSender(AppWebConfiguration.java:179)
	at br.com.casadocodigo.loja.conf.AppWebConfiguration.mailSender(AppWebConfiguration.java:179)
	at br.com.casadocodigo.loja.conf.AppWebConfiguration.mailSender(AppWebConfiguration.java:179)
	at br.com.casadocodigo.loja.conf.AppWebConfiguration.mailSender(AppWebConfiguration.java:179)
	at br.com.casadocodigo.loja.conf.AppWebConfiguration.mailSender(AppWebConfiguration.java:179)
	at br.com.casadocodigo.loja.conf.AppWebConfiguration.mailSender(AppWebConfiguration.java:179)
	at br.com.casadocodigo.loja.conf.AppWebConfiguration.mailSender(AppWebConfiguration.java:179)
	at br.com.casadocodigo.loja.conf.AppWebConfiguration.mailSender(AppWebConfiguration.java:179)
	at br.com.casadocodigo.loja.conf.AppWebConfiguration.mailSender(AppWebConfiguration.java:179)
	at br.com.casadocodigo.loja.conf.AppWebConfiguration.mailSender(AppWebConfiguration.java:179)
	at br.com.casadocodigo.loja.conf.AppWebConfiguration.mailSender(AppWebConfiguration.java:179)
	at br.com.casadocodigo.loja.conf.AppWebConfiguration.mailSender(AppWebConfiguration.java:179)
	at br.com.casadocodigo.loja.conf.AppWebConfiguration.mailSender(AppWebConfiguration.java:179)
	at br.com.casadocodigo.loja.conf.AppWebConfiguration.mailSender(AppWebConfiguration.java:179)
	at br.com.casadocodigo.loja.conf.AppWebConfiguration.mailSender(AppWebConfiguration.java:179)
	at br.com.casadocodigo.loja.conf.AppWebConfiguration.mailSender(AppWebConfiguration.java:179)
	at br.com.casadocodigo.loja.conf.AppWebConfiguration.mailSender(AppWebConfiguration.java:179)
	at br.com.casadocodigo.loja.conf.AppWebConfiguration.mailSender(AppWebConfiguration.java:179)
	at br.com.casadocodigo.loja.conf.AppWebConfiguration.mailSender(AppWebConfiguration.java:179)
	at br.com.casadocodigo.loja.conf.AppWebConfiguration.mailSender(AppWebConfiguration.java:179)
	at br.com.casadocodigo.loja.conf.AppWebConfiguration.mailSender(AppWebConfiguration.java:179)
	at br.com.casadocodigo.loja.conf.AppWebConfiguration.mailSender(AppWebConfiguration.java:179)
	at br.com.casadocodigo.loja.conf.AppWebConfiguration.mailSender(AppWebConfiguration.java:179)
	at br.com.casadocodigo.loja.conf.AppWebConfiguration.mailSender(AppWebConfiguration.java:179)
	at br.com.casadocodigo.loja.conf.AppWebConfiguration.mailSender(AppWebConfiguration.java:179)
	at br.com.casadocodigo.loja.conf.AppWebConfiguration.mailSender(AppWebConfiguration.java:179)
	at br.com.casadocodigo.loja.conf.AppWebConfiguration.mailSender(AppWebConfiguration.java:179)
	at br.com.casadocodigo.loja.conf.AppWebConfiguration.mailSender(AppWebConfiguration.java:179)
	at br.com.casadocodigo.loja.conf.AppWebConfiguration.mailSender(AppWebConfiguration.java:179)
	at br.com.casadocodigo.loja.conf.AppWebConfiguration.mailSender(AppWebConfiguration.java:179)
	at br.com.casadocodigo.loja.conf.AppWebConfiguration.mailSender(AppWebConfiguration.java:179)
	at br.com.casadocodigo.loja.conf.AppWebConfiguration.mailSender(AppWebConfiguration.java:179)
	at br.com.casadocodigo.loja.conf.AppWebConfiguration.mailSender(AppWebConfiguration.java:179)
	at br.com.casadocodigo.loja.conf.AppWebConfiguration.mailSender(AppWebConfiguration.java:179)
	at br.com.casadocodigo.loja.conf.AppWebConfiguration.mailSender(AppWebConfiguration.java:179)
	at br.com.casadocodigo.loja.conf.AppWebConfiguration.mailSender(AppWebConfiguration.java:179)
	at br.com.casadocodigo.loja.conf.AppWebConfiguration.mailSender(AppWebConfiguration.java:179)
	at br.com.casadocodigo.loja.conf.AppWebConfiguration.mailSender(AppWebConfiguration.java:179)
	at br.com.casadocodigo.loja.conf.AppWebConfiguration.mailSender(AppWebConfiguration.java:179)
	at br.com.casadocodigo.loja.conf.AppWebConfiguration.mailSender(AppWebConfiguration.java:179)
	at br.com.casadocodigo.loja.conf.AppWebConfiguration.mailSender(AppWebConfiguration.java:179)
	at br.com.casadocodigo.loja.conf.AppWebConfiguration.mailSender(AppWebConfiguration.java:179)
	at br.com.casadocodigo.loja.conf.AppWebConfiguration.mailSender(AppWebConfiguration.java:179)
	at br.com.casadocodigo.loja.conf.AppWebConfiguration.mailSender(AppWebConfiguration.java:179)
	at br.com.casadocodigo.loja.conf.AppWebConfiguration.mailSender(AppWebConfiguration.java:179)
	at br.com.casadocodigo.loja.conf.AppWebConfiguration.mailSender(AppWebConfiguration.java:179)
	at br.com.casadocodigo.loja.conf.AppWebConfiguration.mailSender(AppWebConfiguration.java:179)
	at br.com.casadocodigo.loja.conf.AppWebConfiguration.mailSender(AppWebConfiguration.java:179)
	at br.com.casadocodigo.loja.conf.AppWebConfiguration.mailSender(AppWebConfiguration.java:179)
	at br.com.casadocodigo.loja.conf.AppWebConfiguration.mailSender(AppWebConfiguration.java:179)
	at br.com.casadocodigo.loja.conf.AppWebConfiguration.mailSender(AppWebConfiguration.java:179)
	at br.com.casadocodigo.loja.conf.AppWebConfiguration.mailSender(AppWebConfiguration.java:179)
	at br.com.casadocodigo.loja.conf.AppWebConfiguration.mailSender(AppWebConfiguration.java:179)
	at br.com.casadocodigo.loja.conf.AppWebConfiguration.mailSender(AppWebConfiguration.java:179)
	at br.com.casadocodigo.loja.conf.AppWebConfiguration.mailSender(AppWebConfiguration.java:179)
	at br.com.casadocodigo.loja.conf.AppWebConfiguration.mailSender(AppWebConfiguration.java:179)
	at br.com.casadocodigo.loja.conf.AppWebConfiguration.mailSender(AppWebConfiguration.java:179)
	at br.com.casadocodigo.loja.conf.AppWebConfiguration.mailSender(AppWebConfiguration.java:179)
	at br.com.casadocodigo.loja.conf.AppWebConfiguration.mailSender(AppWebConfiguration.java:179)
	at br.com.casadocodigo.loja.conf.AppWebConfiguration.mailSender(AppWebConfiguration.java:179)
	at br.com.casadocodigo.loja.conf.AppWebConfiguration.mailSender(AppWebConfiguration.java:179)
	at br.com.casadocodigo.loja.conf.AppWebConfiguration.mailSender(AppWebConfiguration.java:179)
	at br.com.casadocodigo.loja.conf.AppWebConfiguration.mailSender(AppWebConfiguration.java:179)
	at br.com.casadocodigo.loja.conf.AppWebConfiguration.mailSender(AppWebConfiguration.java:179)
	at br.com.casadocodigo.loja.conf.AppWebConfiguration.mailSender(AppWebConfiguration.java:179)
	at br.com.casadocodigo.loja.conf.AppWebConfiguration.mailSender(AppWebConfiguration.java:179)
	at br.com.casadocodigo.loja.conf.AppWebConfiguration.mailSender(AppWebConfiguration.java:179)
	at br.com.casadocodigo.loja.conf.AppWebConfiguration.mailSender(AppWebConfiguration.java:179)
	at br.com.casadocodigo.loja.conf.AppWebConfiguration.mailSender(AppWebConfiguration.java:179)
	at br.com.casadocodigo.loja.conf.AppWebConfiguration.mailSender(AppWebConfiguration.java:179)
	at br.com.casadocodigo.loja.conf.AppWebConfiguration.mailSender(AppWebConfiguration.java:179)
	at br.com.casadocodigo.loja.conf.AppWebConfiguration.mailSender(AppWebConfiguration.java:179)
	at br.com.casadocodigo.loja.conf.AppWebConfiguration.mailSender(AppWebConfiguration.java:179)
	at br.com.casadocodigo.loja.conf.AppWebConfiguration.mailSender(AppWebConfiguration.java:179)
	at br.com.casadocodigo.loja.conf.AppWebConfiguration.mailSender(AppWebConfiguration.java:179)
	at br.com.casadocodigo.loja.conf.AppWebConfiguration.mailSender(AppWebConfiguration.java:179)
	at br.com.casadocodigo.loja.conf.AppWebConfiguration.mailSender(AppWebConfiguration.java:179)
	at br.com.casadocodigo.loja.conf.AppWebConfiguration.mailSender(AppWebConfiguration.java:179)
	at br.com.casadocodigo.loja.conf.AppWebConfiguration.mailSender(AppWebConfiguration.java:179)
	at br.com.casadocodigo.loja.conf.AppWebConfiguration.mailSender(AppWebConfiguration.java:179)
	at br.com.casadocodigo.loja.conf.AppWebConfiguration.mailSender(AppWebConfiguration.java:179)
	at br.com.casadocodigo.loja.conf.AppWebConfiguration.mailSender(AppWebConfiguration.java:179)
	at br.com.casadocodigo.loja.conf.AppWebConfiguration.mailSender(AppWebConfiguration.java:179)
	at br.com.casadocodigo.loja.conf.AppWebConfiguration.mailSender(AppWebConfiguration.java:179)
	at br.com.casadocodigo.loja.conf.AppWebConfiguration.mailSender(AppWebConfiguration.java:179)
	at br.com.casadocodigo.loja.conf.AppWebConfiguration.mailSender(AppWebConfiguration.java:179)
	at br.com.casadocodigo.loja.conf.AppWebConfiguration.mailSender(AppWebConfiguration.java:179)
	at br.com.casadocodigo.loja.conf.AppWebConfiguration.mailSender(AppWebConfiguration.java:179)
	at br.com.casadocodigo.loja.conf.AppWebConfiguration.mailSender(AppWebConfiguration.java:179)
	at br.com.casadocodigo.loja.conf.AppWebConfiguration.mailSender(AppWebConfiguration.java:179)
	at br.com.casadocodigo.loja.conf.AppWebConfiguration.mailSender(AppWebConfiguration.java:179)
	at br.com.casadocodigo.loja.conf.AppWebConfiguration.mailSender(AppWebConfiguration.java:179)
	at br.com.casadocodigo.loja.conf.AppWebConfiguration.mailSender(AppWebConfiguration.java:179)
	at br.com.casadocodigo.loja.conf.AppWebConfiguration.mailSender(AppWebConfiguration.java:179)
	at br.com.casadocodigo.loja.conf.AppWebConfiguration.mailSender(AppWebConfiguration.java:179)
	at br.com.casadocodigo.loja.conf.AppWebConfiguration.mailSender(AppWebConfiguration.java:179)
	at br.com.casadocodigo.loja.conf.AppWebConfiguration.mailSender(AppWebConfiguration.java:179)
	at br.com.casadocodigo.loja.conf.AppWebConfiguration.mailSender(AppWebConfiguration.java:179)
	at br.com.casadocodigo.loja.conf.AppWebConfiguration.mailSender(AppWebConfiguration.java:179)
	at br.com.casadocodigo.loja.conf.AppWebConfiguration.mailSender(AppWebConfiguration.java:179)
	at br.com.casadocodigo.loja.conf.AppWebConfiguration.mailSender(AppWebConfiguration.java:179)
	at br.com.casadocodigo.loja.conf.AppWebConfiguration.mailSender(AppWebConfiguration.java:179)
	at br.com.casadocodigo.loja.conf.AppWebConfiguration.mailSender(AppWebConfiguration.java:179)
	at br.com.casadocodigo.loja.conf.AppWebConfiguration.mailSender(AppWebConfiguration.java:179)
	at br.com.casadocodigo.loja.conf.AppWebConfiguration.mailSender(AppWebConfiguration.java:179)
	at br.com.casadocodigo.loja.conf.AppWebConfiguration.mailSender(AppWebConfiguration.java:179)
	at br.com.casadocodigo.loja.conf.AppWebConfiguration.mailSender(AppWebConfiguration.java:179)
	at br.com.casadocodigo.loja.conf.AppWebConfiguration.mailSender(AppWebConfiguration.java:179)
	at br.com.casadocodigo.loja.conf.AppWebConfiguration.mailSender(AppWebConfiguration.java:179)
	at br.com.casadocodigo.loja.conf.AppWebConfiguration.mailSender(AppWebConfiguration.java:179)
	at br.com.casadocodigo.loja.conf.AppWebConfiguration.mailSender(AppWebConfiguration.java:179)
	at br.com.casadocodigo.loja.conf.AppWebConfiguration.mailSender(AppWebConfiguration.java:179)
	at br.com.casadocodigo.loja.conf.AppWebConfiguration.mailSender(AppWebConfiguration.java:179)
	at br.com.casadocodigo.loja.conf.AppWebConfiguration.mailSender(AppWebConfiguration.java:179)
	at br.com.casadocodigo.loja.conf.AppWebConfiguration.mailSender(AppWebConfiguration.java:179)
	at br.com.casadocodigo.loja.conf.AppWebConfiguration.mailSender(AppWebConfiguration.java:179)
	at br.com.casadocodigo.loja.conf.AppWebConfiguration.mailSender(AppWebConfiguration.java:179)
	at br.com.casadocodigo.loja.conf.AppWebConfiguration.mailSender(AppWebConfiguration.java:179)
	at br.com.casadocodigo.loja.conf.AppWebConfiguration.mailSender(AppWebConfiguration.java:179)
	at br.com.casadocodigo.loja.conf.AppWebConfiguration.mailSender(AppWebConfiguration.java:179)
	at br.com.casadocodigo.loja.conf.AppWebConfiguration.mailSender(AppWebConfiguration.java:179)
	at br.com.casadocodigo.loja.conf.AppWebConfiguration.mailSender(AppWebConfiguration.java:179)
	at br.com.casadocodigo.loja.conf.AppWebConfiguration.mailSender(AppWebConfiguration.java:179)
	at br.com.casadocodigo.loja.conf.AppWebConfiguration.mailSender(AppWebConfiguration.java:179)
	at br.com.casadocodigo.loja.conf.AppWebConfiguration.mailSender(AppWebConfiguration.java:179)
	at br.com.casadocodigo.loja.conf.AppWebConfiguration.mailSender(AppWebConfiguration.java:179)
	at br.com.casadocodigo.loja.conf.AppWebConfiguration.mailSender(AppWebConfiguration.java:179)
	at br.com.casadocodigo.loja.conf.AppWebConfiguration.mailSender(AppWebConfiguration.java:179)
	at br.com.casadocodigo.loja.conf.AppWebConfiguration.mailSender(AppWebConfiguration.java:179)
	at br.com.casadocodigo.loja.conf.AppWebConfiguration.mailSender(AppWebConfiguration.java:179)
	at br.com.casadocodigo.loja.conf.AppWebConfiguration.mailSender(AppWebConfiguration.java:179)
	at br.com.casadocodigo.loja.conf.AppWebConfiguration.mailSender(AppWebConfiguration.java:179)
	at br.com.casadocodigo.loja.conf.AppWebConfiguration.mailSender(AppWebConfiguration.java:179)
	at br.com.casadocodigo.loja.conf.AppWebConfiguration.mailSender(AppWebConfiguration.java:179)
	at br.com.casadocodigo.loja.conf.AppWebConfiguration.mailSender(AppWebConfiguration.java:179)
	at br.com.casadocodigo.loja.conf.AppWebConfiguration.mailSender(AppWebConfiguration.java:179)
	at br.com.casadocodigo.loja.conf.AppWebConfiguration.mailSender(AppWebConfiguration.java:179)
	at br.com.casadocodigo.loja.conf.AppWebConfiguration.mailSender(AppWebConfiguration.java:179)
	at br.com.casadocodigo.loja.conf.AppWebConfiguration.mailSender(AppWebConfiguration.java:179)
	at br.com.casadocodigo.loja.conf.AppWebConfiguration.mailSender(AppWebConfiguration.java:179)
	at br.com.casadocodigo.loja.conf.AppWebConfiguration.mailSender(AppWebConfiguration.java:179)
	at br.com.casadocodigo.loja.conf.AppWebConfiguration.mailSender(AppWebConfiguration.java:179)
	at br.com.casadocodigo.loja.conf.AppWebConfiguration.mailSender(AppWebConfiguration.java:179)
	at br.com.casadocodigo.loja.conf.AppWebConfiguration.mailSender(AppWebConfiguration.java:179)
	at br.com.casadocodigo.loja.conf.AppWebConfiguration.mailSender(AppWebConfiguration.java:179)
	at br.com.casadocodigo.loja.conf.AppWebConfiguration.mailSender(AppWebConfiguration.java:179)
	at br.com.casadocodigo.loja.conf.AppWebConfiguration.mailSender(AppWebConfiguration.java:179)
	at br.com.casadocodigo.loja.conf.AppWebConfiguration.mailSender(AppWebConfiguration.java:179)
	at br.com.casadocodigo.loja.conf.AppWebConfiguration.mailSender(AppWebConfiguration.java:179)
	at br.com.casadocodigo.loja.conf.AppWebConfiguration.mailSender(AppWebConfiguration.java:179)
	at br.com.casadocodigo.loja.conf.AppWebConfiguration.mailSender(AppWebConfiguration.java:179)
	at br.com.casadocodigo.loja.conf.AppWebConfiguration.mailSender(AppWebConfiguration.java:179)
	at br.com.casadocodigo.loja.conf.AppWebConfiguration.mailSender(AppWebConfiguration.java:179)
	at br.com.casadocodigo.loja.conf.AppWebConfiguration.mailSender(AppWebConfiguration.java:179)
	at br.com.casadocodigo.loja.conf.AppWebConfiguration.mailSender(AppWebConfiguration.java:179)
	at br.com.casadocodigo.loja.conf.AppWebConfiguration.mailSender(AppWebConfiguration.java:179)
	at br.com.casadocodigo.loja.conf.AppWebConfiguration.mailSender(AppWebConfiguration.java:179)
	at br.com.casadocodigo.loja.conf.AppWebConfiguration.mailSender(AppWebConfiguration.java:179)
	at br.com.casadocodigo.loja.conf.AppWebConfiguration.mailSender(AppWebConfiguration.java:179)
	at br.com.casadocodigo.loja.conf.AppWebConfiguration.mailSender(AppWebConfiguration.java:179)
	at br.com.casadocodigo.loja.conf.AppWebConfiguration.mailSender(AppWebConfiguration.java:179)
	at br.com.casadocodigo.loja.conf.AppWebConfiguration.mailSender(AppWebConfiguration.java:179)
	at br.com.casadocodigo.loja.conf.AppWebConfiguration.mailSender(AppWebConfiguration.java:179)
	at br.com.casadocodigo.loja.conf.AppWebConfiguration.mailSender(AppWebConfiguration.java:179)
	at br.com.casadocodigo.loja.conf.AppWebConfiguration.mailSender(AppWebConfiguration.java:179)
	at br.com.casadocodigo.loja.conf.AppWebConfiguration.mailSender(AppWebConfiguration.java:179)
	at br.com.casadocodigo.loja.conf.AppWebConfiguration.mailSender(AppWebConfiguration.java:179)
	at br.com.casadocodigo.loja.conf.AppWebConfiguration.mailSender(AppWebConfiguration.java:179)
	at br.com.casadocodigo.loja.conf.AppWebConfiguration.mailSender(AppWebConfiguration.java:179)
	at br.com.casadocodigo.loja.conf.AppWebConfiguration.mailSender(AppWebConfiguration.java:179)
	at br.com.casadocodigo.loja.conf.AppWebConfiguration.mailSender(AppWebConfiguration.java:179)
	at br.com.casadocodigo.loja.conf.AppWebConfiguration.mailSender(AppWebConfiguration.java:179)
	at br.com.casadocodigo.loja.conf.AppWebConfiguration.mailSender(AppWebConfiguration.java:179)
	at br.com.casadocodigo.loja.conf.AppWebConfiguration.mailSender(AppWebConfiguration.java:179)
	at br.com.casadocodigo.loja.conf.AppWebConfiguration.mailSender(AppWebConfiguration.java:179)
	at br.com.casadocodigo.loja.conf.AppWebConfiguration.mailSender(AppWebConfiguration.java:179)
	at br.com.casadocodigo.loja.conf.AppWebConfiguration.mailSender(AppWebConfiguration.java:179)
	at br.com.casadocodigo.loja.conf.AppWebConfiguration.mailSender(AppWebConfiguration.java:179)
	at br.com.casadocodigo.loja.conf.AppWebConfiguration.mailSender(AppWebConfiguration.java:179)
	at br.com.casadocodigo.loja.conf.AppWebConfiguration.mailSender(AppWebConfiguration.java:179)
	at br.com.casadocodigo.loja.conf.AppWebConfiguration.mailSender(AppWebConfiguration.java:179)
	at br.com.casadocodigo.loja.conf.AppWebConfiguration.mailSender(AppWebConfiguration.java:179)
	at br.com.casadocodigo.loja.conf.AppWebConfiguration.mailSender(AppWebConfiguration.java:179)
	at br.com.casadocodigo.loja.conf.AppWebConfiguration.mailSender(AppWebConfiguration.java:179)
	at br.com.casadocodigo.loja.conf.AppWebConfiguration.mailSender(AppWebConfiguration.java:179)
	at br.com.casadocodigo.loja.conf.AppWebConfiguration.mailSender(AppWebConfiguration.java:179)
	at br.com.casadocodigo.loja.conf.AppWebConfiguration.mailSender(AppWebConfiguration.java:179)
	at br.com.casadocodigo.loja.conf.AppWebConfiguration.mailSender(AppWebConfiguration.java:179)
	at br.com.casadocodigo.loja.conf.AppWebConfiguration.mailSender(AppWebConfiguration.java:179)
	at br.com.casadocodigo.loja.conf.AppWebConfiguration.mailSender(AppWebConfiguration.java:179)
	at br.com.casadocodigo.loja.conf.AppWebConfiguration.mailSender(AppWebConfiguration.java:179)
	at br.com.casadocodigo.loja.conf.AppWebConfiguration.mailSender(AppWebConfiguration.java:179)
	at br.com.casadocodigo.loja.conf.AppWebConfiguration.mailSender(AppWebConfiguration.java:179)
	at br.com.casadocodigo.loja.conf.AppWebConfiguration.mailSender(AppWebConfiguration.java:179)
	at br.com.casadocodigo.loja.conf.AppWebConfiguration.mailSender(AppWebConfiguration.java:179)
	at br.com.casadocodigo.loja.conf.AppWebConfiguration.mailSender(AppWebConfiguration.java:179)
	at br.com.casadocodigo.loja.conf.AppWebConfiguration.mailSender(AppWebConfiguration.java:179)
	at br.com.casadocodigo.loja.conf.AppWebConfiguration.mailSender(AppWebConfiguration.java:179)
	at br.com.casadocodigo.loja.conf.AppWebConfiguration.mailSender(AppWebConfiguration.java:179)
	at br.com.casadocodigo.loja.conf.AppWebConfiguration.mailSender(AppWebConfiguration.java:179)
	at br.com.casadocodigo.loja.conf.AppWebConfiguration.mailSender(AppWebConfiguration.java:179)
	at br.com.casadocodigo.loja.conf.AppWebConfiguration.mailSender(AppWebConfiguration.java:179)
	at br.com.casadocodigo.loja.conf.AppWebConfiguration.mailSender(AppWebConfiguration.java:179)
	at br.com.casadocodigo.loja.conf.AppWebConfiguration.mailSender(AppWebConfiguration.java:179)
	at br.com.casadocodigo.loja.conf.AppWebConfiguration.mailSender(AppWebConfiguration.java:179)
	at br.com.casadocodigo.loja.conf.AppWebConfiguration.mailSender(AppWebConfiguration.java:179)
	at br.com.casadocodigo.loja.conf.AppWebConfiguration.mailSender(AppWebConfiguration.java:179)
	at br.com.casadocodigo.loja.conf.AppWebConfiguration.mailSender(AppWebConfiguration.java:179)
	at br.com.casadocodigo.loja.conf.AppWebConfiguration.mailSender(AppWebConfiguration.java:179)
	at br.com.casadocodigo.loja.conf.AppWebConfiguration.mailSender(AppWebConfiguration.java:179)
	at br.com.casadocodigo.loja.conf.AppWebConfiguration.mailSender(AppWebConfiguration.java:179)
	at br.com.casadocodigo.loja.conf.AppWebConfiguration.mailSender(AppWebConfiguration.java:179)
	at br.com.casadocodigo.loja.conf.AppWebConfiguration.mailSender(AppWebConfiguration.java:179)
	at br.com.casadocodigo.loja.conf.AppWebConfiguration.mailSender(AppWebConfiguration.java:179)
	at br.com.casadocodigo.loja.conf.AppWebConfiguration.mailSender(AppWebConfiguration.java:179)
	at br.com.casadocodigo.loja.conf.AppWebConfiguration.mailSender(AppWebConfiguration.java:179)
	at br.com.casadocodigo.loja.conf.AppWebConfiguration.mailSender(AppWebConfiguration.java:179)
	at br.com.casadocodigo.loja.conf.AppWebConfiguration.mailSender(AppWebConfiguration.java:179)
	at br.com.casadocodigo.loja.conf.AppWebConfiguration.mailSender(AppWebConfiguration.java:179)
	at br.com.casadocodigo.loja.conf.AppWebConfiguration.mailSender(AppWebConfiguration.java:179)
	at br.com.casadocodigo.loja.conf.AppWebConfiguration.mailSender(AppWebConfiguration.java:179)
	at br.com.casadocodigo.loja.conf.AppWebConfiguration.mailSender(AppWebConfiguration.java:179)
	at br.com.casadocodigo.loja.conf.AppWebConfiguration.mailSender(AppWebConfiguration.java:179)
	at br.com.casadocodigo.loja.conf.AppWebConfiguration.mailSender(AppWebConfiguration.java:179)
	at br.com.casadocodigo.loja.conf.AppWebConfiguration.mailSender(AppWebConfiguration.java:179)
	at br.com.casadocodigo.loja.conf.AppWebConfiguration.mailSender(AppWebConfiguration.java:179)
	at br.com.casadocodigo.loja.conf.AppWebConfiguration.mailSender(AppWebConfiguration.java:179)
	at br.com.casadocodigo.loja.conf.AppWebConfiguration.mailSender(AppWebConfiguration.java:179)
	at br.com.casadocodigo.loja.conf.AppWebConfiguration.mailSender(AppWebConfiguration.java:179)
	at br.com.casadocodigo.loja.conf.AppWebConfiguration.mailSender(AppWebConfiguration.java:179)
	at br.com.casadocodigo.loja.conf.AppWebConfiguration.mailSender(AppWebConfiguration.java:179)
	at br.com.casadocodigo.loja.conf.AppWebConfiguration.mailSender(AppWebConfiguration.java:179)
	at br.com.casadocodigo.loja.conf.AppWebConfiguration.mailSender(AppWebConfiguration.java:179)
	at br.com.casadocodigo.loja.conf.AppWebConfiguration.mailSender(AppWebConfiguration.java:179)
	at br.com.casadocodigo.loja.conf.AppWebConfiguration.mailSender(AppWebConfiguration.java:179)
	at br.com.casadocodigo.loja.conf.AppWebConfiguration.mailSender(AppWebConfiguration.java:179)
	at br.com.casadocodigo.loja.conf.AppWebConfiguration.mailSender(AppWebConfiguration.java:179)
	at br.com.casadocodigo.loja.conf.AppWebConfiguration.mailSender(AppWebConfiguration.java:179)
	at br.com.casadocodigo.loja.conf.AppWebConfiguration.mailSender(AppWebConfiguration.java:179)
	at br.com.casadocodigo.loja.conf.AppWebConfiguration.mailSender(AppWebConfiguration.java:179)
	at br.com.casadocodigo.loja.conf.AppWebConfiguration.mailSender(AppWebConfiguration.java:179)
	at br.com.casadocodigo.loja.conf.AppWebConfiguration.mailSender(AppWebConfiguration.java:179)
	at br.com.casadocodigo.loja.conf.AppWebConfiguration.mailSender(AppWebConfiguration.java:179)
	at br.com.casadocodigo.loja.conf.AppWebConfiguration.mailSender(AppWebConfiguration.java:179)
	at br.com.casadocodigo.loja.conf.AppWebConfiguration.mailSender(AppWebConfiguration.java:179)
	at br.com.casadocodigo.loja.conf.AppWebConfiguration.mailSender(AppWebConfiguration.java:179)
	at br.com.casadocodigo.loja.conf.AppWebConfiguration.mailSender(AppWebConfiguration.java:179)
	at br.com.casadocodigo.loja.conf.AppWebConfiguration.mailSender(AppWebConfiguration.java:179)
	at br.com.casadocodigo.loja.conf.AppWebConfiguration.mailSender(AppWebConfiguration.java:179)
	at br.com.casadocodigo.loja.conf.AppWebConfiguration.mailSender(AppWebConfiguration.java:179)
	at br.com.casadocodigo.loja.conf.AppWebConfiguration.mailSender(AppWebConfiguration.java:179)
	at br.com.casadocodigo.loja.conf.AppWebConfiguration.mailSender(AppWebConfiguration.java:179)
	at br.com.casadocodigo.loja.conf.AppWebConfiguration.mailSender(AppWebConfiguration.java:179)
	at br.com.casadocodigo.loja.conf.AppWebConfiguration.mailSender(AppWebConfiguration.java:179)
	at br.com.casadocodigo.loja.conf.AppWebConfiguration.mailSender(AppWebConfiguration.java:179)
	at br.com.casadocodigo.loja.conf.AppWebConfiguration.mailSender(AppWebConfiguration.java:179)
	at br.com.casadocodigo.loja.conf.AppWebConfiguration.mailSender(AppWebConfiguration.java:179)
	at br.com.casadocodigo.loja.conf.AppWebConfiguration.mailSender(AppWebConfiguration.java:179)
	at br.com.casadocodigo.loja.conf.AppWebConfiguration.mailSender(AppWebConfiguration.java:179)
	at br.com.casadocodigo.loja.conf.AppWebConfiguration.mailSender(AppWebConfiguration.java:179)
	at br.com.casadocodigo.loja.conf.AppWebConfiguration.mailSender(AppWebConfiguration.java:179)
	at br.com.casadocodigo.loja.conf.AppWebConfiguration.mailSender(AppWebConfiguration.java:179)
	at br.com.casadocodigo.loja.conf.AppWebConfiguration.mailSender(AppWebConfiguration.java:179)
	at br.com.casadocodigo.loja.conf.AppWebConfiguration.mailSender(AppWebConfiguration.java:179)
	at br.com.casadocodigo.loja.conf.AppWebConfiguration.mailSender(AppWebConfiguration.java:179)
	at br.com.casadocodigo.loja.conf.AppWebConfiguration.mailSender(AppWebConfiguration.java:179)
	at br.com.casadocodigo.loja.conf.AppWebConfiguration.mailSender(AppWebConfiguration.java:179)
	at br.com.casadocodigo.loja.conf.AppWebConfiguration.mailSender(AppWebConfiguration.java:179)
	at br.com.casadocodigo.loja.conf.AppWebConfiguration.mailSender(AppWebConfiguration.java:179)
	at br.com.casadocodigo.loja.conf.AppWebConfiguration.mailSender(AppWebConfiguration.java:179)
	at br.com.casadocodigo.loja.conf.AppWebConfiguration.mailSender(AppWebConfiguration.java:179)
	at br.com.casadocodigo.loja.conf.AppWebConfiguration.mailSender(AppWebConfiguration.java:179)
	at br.com.casadocodigo.loja.conf.AppWebConfiguration.mailSender(AppWebConfiguration.java:179)
	at br.com.casadocodigo.loja.conf.AppWebConfiguration.mailSender(AppWebConfiguration.java:179)
	at br.com.casadocodigo.loja.conf.AppWebConfiguration.mailSender(AppWebConfiguration.java:179)
	at br.com.casadocodigo.loja.conf.AppWebConfiguration.mailSender(AppWebConfiguration.java:179)
	at br.com.casadocodigo.loja.conf.AppWebConfiguration.mailSender(AppWebConfiguration.java:179)
	at br.com.casadocodigo.loja.conf.AppWebConfiguration.mailSender(AppWebConfiguration.java:179)
	at br.com.casadocodigo.loja.conf.AppWebConfiguration.mailSender(AppWebConfiguration.java:179)
	at br.com.casadocodigo.loja.conf.AppWebConfiguration.mailSender(AppWebConfiguration.java:179)
	at br.com.casadocodigo.loja.conf.AppWebConfiguration.mailSender(AppWebConfiguration.java:179)
	at br.com.casadocodigo.loja.conf.AppWebConfiguration.mailSender(AppWebConfiguration.java:179)
	at br.com.casadocodigo.loja.conf.AppWebConfiguration.mailSender(AppWebConfiguration.java:179)
	at br.com.casadocodigo.loja.conf.AppWebConfiguration.mailSender(AppWebConfiguration.java:179)
	at br.com.casadocodigo.loja.conf.AppWebConfiguration.mailSender(AppWebConfiguration.java:179)
	at br.com.casadocodigo.loja.conf.AppWebConfiguration.mailSender(AppWebConfiguration.java:179)
	at br.com.casadocodigo.loja.conf.AppWebConfiguration.mailSender(AppWebConfiguration.java:179)
	at br.com.casadocodigo.loja.conf.AppWebConfiguration.mailSender(AppWebConfiguration.java:179)
	at br.com.casadocodigo.loja.conf.AppWebConfiguration.mailSender(AppWebConfiguration.java:179)
	at br.com.casadocodigo.loja.conf.AppWebConfiguration.mailSender(AppWebConfiguration.java:179)
	at br.com.casadocodigo.loja.conf.AppWebConfiguration.mailSender(AppWebConfiguration.java:179)
	at br.com.casadocodigo.loja.conf.AppWebConfiguration.mailSender(AppWebConfiguration.java:179)
	at br.com.casadocodigo.loja.conf.AppWebConfiguration.mailSender(AppWebConfiguration.java:179)
	at br.com.casadocodigo.loja.conf.AppWebConfiguration.mailSender(AppWebConfiguration.java:179)
	at br.com.casadocodigo.loja.conf.AppWebConfiguration.mailSender(AppWebConfiguration.java:179)
	at br.com.casadocodigo.loja.conf.AppWebConfiguration.mailSender(AppWebConfiguration.java:179)
	at br.com.casadocodigo.loja.conf.AppWebConfiguration.mailSender(AppWebConfiguration.java:179)
	at br.com.casadocodigo.loja.conf.AppWebConfiguration.mailSender(AppWebConfiguration.java:179)
	at br.com.casadocodigo.loja.conf.AppWebConfiguration.mailSender(AppWebConfiguration.java:179)
	at br.com.casadocodigo.loja.conf.AppWebConfiguration.mailSender(AppWebConfiguration.java:179)
</error>
    <system-err>Tue Mar 05 16:31:12 BRT 2019 WARN: Establishing SSL connection without server&apos;s identity verification is not recommended. According to MySQL 5.5.45+, 5.6.26+ and 5.7.6+ requirements SSL connection must be established by default if explicit option isn&apos;t set. For compliance with existing applications not using SSL the verifyServerCertificate property is set to &apos;false&apos;. You need either to explicitly disable SSL by setting useSSL=false, or set useSSL=true and provide truststore for server certificate verification.
Tue Mar 05 16:31:12 BRT 2019 WARN: Establishing SSL connection without server&apos;s identity verification is not recommended. According to MySQL 5.5.45+, 5.6.26+ and 5.7.6+ requirements SSL connection must be established by default if explicit option isn&apos;t set. For compliance with existing applications not using SSL the verifyServerCertificate property is set to &apos;false&apos;. You need either to explicitly disable SSL by setting useSSL=false, or set useSSL=true and provide truststore for server certificate verification.
</system-err>
  </testcase>
</testsuite>